epoch: 1, step: 2830, wide_loss: 0.3839139, deep_loss: 0.38744482
epoch: 2, step: 2830, wide_loss: 0.4005404, deep_loss: 0.40419212
epoch: 3, step: 2830, wide_loss: 0.3896494, deep_loss: 0.39351708
epoch: 4, step: 2830, wide_loss: 0.38832828, deep_loss: 0.3924144
epoch: 5, step: 2830, wide_loss: 0.38275298, deep_loss: 0.38708284
epoch: 6, step: 2830, wide_loss: 0.38351843, deep_loss: 0.38816917
epoch: 7, step: 2830, wide_loss: 0.3947393, deep_loss: 0.3996865
epoch: 8, step: 2830, wide_loss: 0.39022502, deep_loss: 0.39549038
epoch: 9, step: 2830, wide_loss: 0.39496684, deep_loss: 0.40060177
epoch: 10, step: 2830, wide_loss: 0.3692762, deep_loss: 0.3752591
epoch: 11, step: 2830, wide_loss: 0.36613077, deep_loss: 0.37242663
epoch: 12, step: 2830, wide_loss: 0.40505922, deep_loss: 0.41164416
epoch: 13, step: 2830, wide_loss: 0.39881638, deep_loss: 0.40574744
epoch: 14, step: 2830, wide_loss: 0.38601166, deep_loss: 0.39318946
epoch: 15, step: 2830, wide_loss: 0.38063702, deep_loss: 0.3881746
epoch: 1, step: 2830, wide_loss: 0.3876866, deep_loss: 0.391234
epoch: 2, step: 2830, wide_loss: 0.40556216, deep_loss: 0.40921313
epoch: 3, step: 2830, wide_loss: 0.38340083, deep_loss: 0.38727298
epoch: 4, step: 2830, wide_loss: 0.37911656, deep_loss: 0.38327307
epoch: 5, step: 2830, wide_loss: 0.3842509, deep_loss: 0.38863185
epoch: 6, step: 2830, wide_loss: 0.4001889, deep_loss: 0.40485564
epoch: 7, step: 2830, wide_loss: 0.3998142, deep_loss: 0.40476358
epoch: 8, step: 2830, wide_loss: 0.39454275, deep_loss: 0.39977437
epoch: 9, step: 2830, wide_loss: 0.39409354, deep_loss: 0.3996195
epoch: 10, step: 2830, wide_loss: 0.39843056, deep_loss: 0.40422493
epoch: 11, step: 2830, wide_loss: 0.37832448, deep_loss: 0.3844656
epoch: 12, step: 2830, wide_loss: 0.37915763, deep_loss: 0.38559946
epoch: 13, step: 2830, wide_loss: 0.37436718, deep_loss: 0.38107103
epoch: 14, step: 2830, wide_loss: 0.39664415, deep_loss: 0.40363452
epoch: 15, step: 2830, wide_loss: 0.40453237, deep_loss: 0.41188163
epoch: 16, step: 2830, wide_loss: 0.40344197, deep_loss: 0.41107512
epoch: 17, step: 2830, wide_loss: 0.39970094, deep_loss: 0.4076341
epoch: 18, step: 2830, wide_loss: 0.38237503, deep_loss: 0.39059842
epoch: 19, step: 2830, wide_loss: 0.38930327, deep_loss: 0.39788076
epoch: 20, step: 2830, wide_loss: 0.38344592, deep_loss: 0.392288
epoch: 21, step: 2830, wide_loss: 0.3717554, deep_loss: 0.38091692
epoch: 22, step: 2830, wide_loss: 0.38497993, deep_loss: 0.39444238
epoch: 23, step: 2830, wide_loss: 0.3786694, deep_loss: 0.38838056
epoch: 24, step: 2830, wide_loss: 0.38805532, deep_loss: 0.398106
epoch: 25, step: 2830, wide_loss: 0.38238737, deep_loss: 0.39271322
epoch: 1, step: 2830, wide_loss: 0.37557486, deep_loss: 0.37911704
epoch: 2, step: 2830, wide_loss: 0.37106818, deep_loss: 0.37471774
epoch: 3, step: 2830, wide_loss: 0.38419464, deep_loss: 0.38807237
epoch: 4, step: 2830, wide_loss: 0.41038454, deep_loss: 0.41447535
epoch: 5, step: 2830, wide_loss: 0.3980064, deep_loss: 0.4023835
epoch: 6, step: 2830, wide_loss: 0.39956063, deep_loss: 0.40422294
epoch: 7, step: 2830, wide_loss: 0.39086685, deep_loss: 0.39579943
epoch: 8, step: 2830, wide_loss: 0.39106536, deep_loss: 0.39624625
epoch: 9, step: 2830, wide_loss: 0.40066534, deep_loss: 0.4061783
epoch: 10, step: 2830, wide_loss: 0.39771715, deep_loss: 0.40351665
epoch: 11, step: 2830, wide_loss: 0.3459868, deep_loss: 0.35204318
epoch: 12, step: 2830, wide_loss: 0.38347852, deep_loss: 0.389863
epoch: 13, step: 2830, wide_loss: 0.38120052, deep_loss: 0.38795182
epoch: 14, step: 2830, wide_loss: 0.39149448, deep_loss: 0.39849284
epoch: 15, step: 2830, wide_loss: 0.38105807, deep_loss: 0.38844806
epoch: 16, step: 2830, wide_loss: 0.40046436, deep_loss: 0.4081733
epoch: 17, step: 2830, wide_loss: 0.37521484, deep_loss: 0.38321704
epoch: 18, step: 2830, wide_loss: 0.3750991, deep_loss: 0.38349396
epoch: 19, step: 2830, wide_loss: 0.37783343, deep_loss: 0.38651985
epoch: 20, step: 2830, wide_loss: 0.38798127, deep_loss: 0.39703733
epoch: 21, step: 2830, wide_loss: 0.37674418, deep_loss: 0.38609812
epoch: 22, step: 2830, wide_loss: 0.3883267, deep_loss: 0.39803615
epoch: 23, step: 2830, wide_loss: 0.39331082, deep_loss: 0.4033367
epoch: 24, step: 2830, wide_loss: 0.37513593, deep_loss: 0.38549116
epoch: 25, step: 2830, wide_loss: 0.36841622, deep_loss: 0.37904185
epoch: 26, step: 2830, wide_loss: 0.3642939, deep_loss: 0.3752366
epoch: 27, step: 2830, wide_loss: 0.37908277, deep_loss: 0.39032778
epoch: 28, step: 2830, wide_loss: 0.38635138, deep_loss: 0.39792803
epoch: 29, step: 2830, wide_loss: 0.36064762, deep_loss: 0.37247154
epoch: 30, step: 2830, wide_loss: 0.38096225, deep_loss: 0.393134
epoch: 31, step: 2830, wide_loss: 0.37704948, deep_loss: 0.38949502
epoch: 32, step: 2830, wide_loss: 0.38248163, deep_loss: 0.39520663
epoch: 33, step: 2830, wide_loss: 0.3659883, deep_loss: 0.3789673
epoch: 34, step: 2830, wide_loss: 0.38337147, deep_loss: 0.39666998
epoch: 35, step: 2830, wide_loss: 0.3801199, deep_loss: 0.3936762
epoch: 36, step: 2830, wide_loss: 0.37928024, deep_loss: 0.3930982
epoch: 37, step: 2830, wide_loss: 0.36512113, deep_loss: 0.3791356
epoch: 38, step: 2830, wide_loss: 0.3652016, deep_loss: 0.37953255
epoch: 39, step: 2830, wide_loss: 0.3810293, deep_loss: 0.39557362
epoch: 40, step: 2830, wide_loss: 0.38890028, deep_loss: 0.4037273
epoch: 41, step: 2830, wide_loss: 0.3799691, deep_loss: 0.39497945
epoch: 42, step: 2830, wide_loss: 0.40125623, deep_loss: 0.41653585
epoch: 43, step: 2830, wide_loss: 0.3751014, deep_loss: 0.39056513
epoch: 44, step: 2830, wide_loss: 0.39349046, deep_loss: 0.4091696
epoch: 45, step: 2830, wide_loss: 0.35935608, deep_loss: 0.3753253
epoch: 46, step: 2830, wide_loss: 0.36492378, deep_loss: 0.38107038
epoch: 47, step: 2830, wide_loss: 0.3793404, deep_loss: 0.39563566
epoch: 48, step: 2830, wide_loss: 0.38196218, deep_loss: 0.39851642
epoch: 49, step: 2830, wide_loss: 0.36864066, deep_loss: 0.3853645
epoch: 50, step: 2830, wide_loss: 0.35758573, deep_loss: 0.37449765
epoch: 1, step: 2830, wide_loss: 0.39085954, deep_loss: 0.40513706
epoch: 2, step: 2830, wide_loss: 0.38522756, deep_loss: 0.39936513
epoch: 3, step: 2830, wide_loss: 0.40818852, deep_loss: 0.42338133
epoch: 4, step: 2830, wide_loss: 0.3866847, deep_loss: 0.4034458
epoch: 5, step: 2830, wide_loss: 0.37568638, deep_loss: 0.39489132
epoch: 6, step: 2830, wide_loss: 0.37112433, deep_loss: 0.39342773
epoch: 7, step: 2830, wide_loss: 0.38252574, deep_loss: 0.411362
epoch: 8, step: 2830, wide_loss: 0.3885787, deep_loss: 0.4232063
epoch: 9, step: 2830, wide_loss: 0.37563792, deep_loss: 0.41187453
epoch: 10, step: 2830, wide_loss: 0.35516483, deep_loss: 0.3918878
epoch: 11, step: 2830, wide_loss: 0.38084307, deep_loss: 0.41835105
epoch: 12, step: 2830, wide_loss: 0.3875635, deep_loss: 0.42672783
epoch: 13, step: 2830, wide_loss: 0.37611783, deep_loss: 0.4168994
epoch: 14, step: 2830, wide_loss: 0.3903476, deep_loss: 0.430618
epoch: 15, step: 2830, wide_loss: 0.3729431, deep_loss: 0.41543192
epoch: 16, step: 2830, wide_loss: 0.37689996, deep_loss: 0.4206481
epoch: 17, step: 2830, wide_loss: 0.36353165, deep_loss: 0.40696076
epoch: 18, step: 2830, wide_loss: 0.3721061, deep_loss: 0.41663557
epoch: 19, step: 2830, wide_loss: 0.37963673, deep_loss: 0.4239775
epoch: 1, step: 2830, wide_loss: 0.4115735, deep_loss: 0.41415998
epoch: 2, step: 2830, wide_loss: 0.37815237, deep_loss: 0.38079968
epoch: 3, step: 2830, wide_loss: 0.40392226, deep_loss: 0.40662748
epoch: 4, step: 2830, wide_loss: 0.38411504, deep_loss: 0.38697684
epoch: 5, step: 2830, wide_loss: 0.40673375, deep_loss: 0.40973893
epoch: 6, step: 2830, wide_loss: 0.40283138, deep_loss: 0.4059926
epoch: 7, step: 2830, wide_loss: 0.39432004, deep_loss: 0.39763665
epoch: 8, step: 2830, wide_loss: 0.37394902, deep_loss: 0.37744406
epoch: 9, step: 2830, wide_loss: 0.40748304, deep_loss: 0.4111629
epoch: 10, step: 2830, wide_loss: 0.3955956, deep_loss: 0.3994221
epoch: 11, step: 2830, wide_loss: 0.37810466, deep_loss: 0.38212195
epoch: 12, step: 2830, wide_loss: 0.39207634, deep_loss: 0.39632517
epoch: 13, step: 2830, wide_loss: 0.37873447, deep_loss: 0.38315833
epoch: 14, step: 2830, wide_loss: 0.3744026, deep_loss: 0.37906072
epoch: 15, step: 2830, wide_loss: 0.38829356, deep_loss: 0.39313132
epoch: 16, step: 2830, wide_loss: 0.3775375, deep_loss: 0.3826289
epoch: 17, step: 2830, wide_loss: 0.3886225, deep_loss: 0.39394647
epoch: 18, step: 2830, wide_loss: 0.38178506, deep_loss: 0.38731787
epoch: 19, step: 2830, wide_loss: 0.39496267, deep_loss: 0.40071264
epoch: 20, step: 2830, wide_loss: 0.4116813, deep_loss: 0.41768384
epoch: 21, step: 2830, wide_loss: 0.37122995, deep_loss: 0.37743545
epoch: 22, step: 2830, wide_loss: 0.40479374, deep_loss: 0.41127285
epoch: 23, step: 2830, wide_loss: 0.38600922, deep_loss: 0.39271322
epoch: 24, step: 2830, wide_loss: 0.39802602, deep_loss: 0.40494877
epoch: 25, step: 2830, wide_loss: 0.37163356, deep_loss: 0.37880424
epoch: 26, step: 2830, wide_loss: 0.3980481, deep_loss: 0.40549728
epoch: 27, step: 2830, wide_loss: 0.36892554, deep_loss: 0.37655228
epoch: 28, step: 2830, wide_loss: 0.38601428, deep_loss: 0.39390028
epoch: 29, step: 2830, wide_loss: 0.3956003, deep_loss: 0.4037229
epoch: 30, step: 2830, wide_loss: 0.36716142, deep_loss: 0.3755379
epoch: 31, step: 2830, wide_loss: 0.3697499, deep_loss: 0.37832847
epoch: 32, step: 2830, wide_loss: 0.3669637, deep_loss: 0.37575763
epoch: 33, step: 2830, wide_loss: 0.37559494, deep_loss: 0.3846329
epoch: 34, step: 2830, wide_loss: 0.3667961, deep_loss: 0.37604487
epoch: 35, step: 2830, wide_loss: 0.39688116, deep_loss: 0.40635768
epoch: 36, step: 2830, wide_loss: 0.3845386, deep_loss: 0.39420804
epoch: 37, step: 2830, wide_loss: 0.38263166, deep_loss: 0.39253318
epoch: 38, step: 2830, wide_loss: 0.36992145, deep_loss: 0.3800477
epoch: 39, step: 2830, wide_loss: 0.36967152, deep_loss: 0.37999442
epoch: 40, step: 2830, wide_loss: 0.3815767, deep_loss: 0.39210874
epoch: 41, step: 2830, wide_loss: 0.3835593, deep_loss: 0.39425918
epoch: 42, step: 2830, wide_loss: 0.37327066, deep_loss: 0.38416287
epoch: 43, step: 2830, wide_loss: 0.37457463, deep_loss: 0.38568467
epoch: 44, step: 2830, wide_loss: 0.36725658, deep_loss: 0.3785373
epoch: 45, step: 2830, wide_loss: 0.3750458, deep_loss: 0.38649422
epoch: 46, step: 2830, wide_loss: 0.36074993, deep_loss: 0.3723897
epoch: 47, step: 2830, wide_loss: 0.3819361, deep_loss: 0.39373186
epoch: 48, step: 2830, wide_loss: 0.37952894, deep_loss: 0.39151493
epoch: 49, step: 2830, wide_loss: 0.379915, deep_loss: 0.39204848
epoch: 50, step: 2830, wide_loss: 0.37673283, deep_loss: 0.3890707
epoch: 1, step: 2830, wide_loss: 0.3956351, deep_loss: 0.3980833
epoch: 2, step: 2830, wide_loss: 0.3933582, deep_loss: 0.3958753
epoch: 3, step: 2830, wide_loss: 0.41145974, deep_loss: 0.41408104
epoch: 4, step: 2830, wide_loss: 0.38689524, deep_loss: 0.38962972
epoch: 5, step: 2830, wide_loss: 0.37991115, deep_loss: 0.38275057
epoch: 6, step: 2830, wide_loss: 0.4013078, deep_loss: 0.40427926
epoch: 7, step: 2830, wide_loss: 0.37781128, deep_loss: 0.38090223
epoch: 8, step: 2830, wide_loss: 0.38645598, deep_loss: 0.3897157
epoch: 9, step: 2830, wide_loss: 0.38975877, deep_loss: 0.3931514
epoch: 10, step: 2830, wide_loss: 0.38711146, deep_loss: 0.3906752
epoch: 11, step: 2830, wide_loss: 0.39687306, deep_loss: 0.40057105
epoch: 12, step: 2830, wide_loss: 0.40197542, deep_loss: 0.4058803
epoch: 13, step: 2830, wide_loss: 0.39109668, deep_loss: 0.39515498
epoch: 14, step: 2830, wide_loss: 0.40392742, deep_loss: 0.40817142
epoch: 15, step: 2830, wide_loss: 0.39332324, deep_loss: 0.3977814
epoch: 16, step: 2830, wide_loss: 0.38794354, deep_loss: 0.39256293
epoch: 17, step: 2830, wide_loss: 0.38659453, deep_loss: 0.39145556
epoch: 18, step: 2830, wide_loss: 0.39305407, deep_loss: 0.39810356
epoch: 19, step: 2830, wide_loss: 0.38391975, deep_loss: 0.3891702
epoch: 20, step: 2830, wide_loss: 0.39278707, deep_loss: 0.39826316
epoch: 21, step: 2830, wide_loss: 0.38591346, deep_loss: 0.3916125
epoch: 22, step: 2830, wide_loss: 0.37369782, deep_loss: 0.37962756
epoch: 23, step: 2830, wide_loss: 0.3695719, deep_loss: 0.3757193
epoch: 24, step: 2830, wide_loss: 0.38448107, deep_loss: 0.39082575
epoch: 25, step: 2830, wide_loss: 0.37963203, deep_loss: 0.38620242
epoch: 26, step: 2830, wide_loss: 0.37631798, deep_loss: 0.3830832
epoch: 27, step: 2830, wide_loss: 0.38932505, deep_loss: 0.3963116
epoch: 28, step: 2830, wide_loss: 0.37521088, deep_loss: 0.38243112
epoch: 29, step: 2830, wide_loss: 0.3871112, deep_loss: 0.3945197
epoch: 30, step: 2830, wide_loss: 0.37204558, deep_loss: 0.37968943
epoch: 31, step: 2830, wide_loss: 0.39313275, deep_loss: 0.40095717
epoch: 32, step: 2830, wide_loss: 0.3612973, deep_loss: 0.36936268
epoch: 33, step: 2830, wide_loss: 0.38210288, deep_loss: 0.39033455
epoch: 34, step: 2830, wide_loss: 0.39137548, deep_loss: 0.3998415
epoch: 35, step: 2830, wide_loss: 0.3778761, deep_loss: 0.38652045
epoch: 36, step: 2830, wide_loss: 0.36598733, deep_loss: 0.3748176
epoch: 37, step: 2830, wide_loss: 0.38558078, deep_loss: 0.39461726
epoch: 38, step: 2830, wide_loss: 0.37942263, deep_loss: 0.38863978
epoch: 39, step: 2830, wide_loss: 0.37571374, deep_loss: 0.38509986
epoch: 40, step: 2830, wide_loss: 0.36390263, deep_loss: 0.37348187
epoch: 41, step: 2830, wide_loss: 0.38404694, deep_loss: 0.3938273
epoch: 42, step: 2830, wide_loss: 0.38857403, deep_loss: 0.39850557
epoch: 43, step: 2830, wide_loss: 0.38494948, deep_loss: 0.39506197
epoch: 44, step: 2830, wide_loss: 0.3738627, deep_loss: 0.38414884
epoch: 45, step: 2830, wide_loss: 0.3811451, deep_loss: 0.39159885
epoch: 46, step: 2830, wide_loss: 0.372852, deep_loss: 0.3834473
epoch: 47, step: 2830, wide_loss: 0.36460146, deep_loss: 0.37535062
epoch: 48, step: 2830, wide_loss: 0.36943117, deep_loss: 0.38036036
epoch: 49, step: 2830, wide_loss: 0.37994274, deep_loss: 0.39103323
epoch: 50, step: 2830, wide_loss: 0.37735718, deep_loss: 0.3885826
