2023-09-20 03:28:12,060 - INFO - Log directory: /home/zhangwt/remote/M-Libcity/M_libcity/log
2023-09-20 03:28:12,060 - INFO - Begin pipeline, task=traffic_state_pred, model_name=GWNET, dataset_name=NYCBike20140409, exp_id=18280
2023-09-20 03:28:12,060 - INFO - {'task': 'traffic_state_pred', 'model': 'GWNET', 'dataset': 'NYCBike20140409', 'saved_model': True, 'train': True, 'batch_size': 32, 'dataset_class': 'TrafficStateGridDataset', 'executor': 'TrafficStateExecutor', 'evaluator': 'TrafficStateEvaluator', 'dropout': 0.3, 'blocks': 4, 'layers': 2, 'gcn_bool': True, 'addaptadj': True, 'adjtype': 'doubletransition', 'bidir_adj_mx': False, 'randomadj': True, 'aptonly': True, 'kernel_size': 2, 'nhid': 32, 'residual_channels': 32, 'dilation_channels': 32, 'skip_channels': 256, 'end_channels': 512, 'scaler': 'standard', 'load_external': False, 'normal_external': False, 'ext_scaler': 'none', 'add_time_in_day': True, 'add_day_in_week': False, 'max_epoch': 100, 'learner': 'adam', 'learning_rate': 0.001, 'lr_decay': False, 'clip_grad_norm': True, 'max_grad_norm': 5, 'use_early_stop': False, 'cache_dataset': True, 'num_workers': 1, 'pad_with_last_sample': True, 'train_rate': 0.7, 'eval_rate': 0.1, 'input_window': 12, 'output_window': 12, 'use_row_column': False, 'gpu': True, 'gpu_id': 0, 'train_loss': 'none', 'epoch': 0, 'weight_decay': 0, 'lr_epsilon': 1e-08, 'lr_beta1': 0.9, 'lr_beta2': 0.999, 'lr_alpha': 0.99, 'lr_momentum': 0.0, 'lr_scheduler': 'multisteplr', 'lr_decay_ratio': 0.1, 'steps': [5, 20, 40, 70], 'step_size': 10, 'lr_T_max': 30, 'lr_eta_min': 0, 'lr_patience': 10, 'lr_threshold': 0.0001, 'patience': 50, 'log_level': 'INFO', 'log_every': 1, 'load_best_epoch': True, 'hyper_tune': False, 'metrics': ['MAE', 'MAPE', 'RMSE'], 'evaluator_mode': 'single', 'save_mode': ['csv'], 'geo': {'including_types': ['Polygon'], 'Polygon': {'row_id': 'num', 'column_id': 'num'}}, 'grid': {'including_types': ['state'], 'state': {'row_id': 16, 'column_id': 8, 'new_flow': 'num', 'end_flow': 'num'}}, 'data_col': ['new_flow', 'end_flow'], 'data_files': ['NYCBIKE20140409'], 'geo_file': 'NYCBIKE20140409', 'output_dim': 2, 'time_intervals': 3600, 'init_weight_inf_or_zero': 'inf', 'set_weight_link_or_dist': 'dist', 'calculate_weight_adj': False, 'weight_adj_epsilon': 0.1, 'exp_id': 18280}
2023-09-20 03:28:12,088 - INFO - Loaded file NYCBIKE20140409.geo, num_grids=128, grid_size=(16, 8)
2023-09-20 03:28:12,089 - INFO - Generate grid rel file, shape=(128, 128)
2023-09-20 03:28:12,090 - INFO - Loading /home/zhangwt/remote/M-Libcity/M_libcity/cache/dataset_cache/grid_based_NYCBike20140409_12_12_0.7_0.1_standard_32_False_True_False_True_False.npz
2023-09-20 03:28:12,459 - INFO - train	x: (3058, 12, 128, 2), y: (3058, 12, 128, 2)
2023-09-20 03:28:12,459 - INFO - eval	x: (437, 12, 128, 2), y: (437, 12, 128, 2)
2023-09-20 03:28:12,459 - INFO - test	x: (874, 12, 128, 2), y: (874, 12, 128, 2)
2023-09-20 03:28:12,514 - INFO - StandardScaler mean: 9.230346759524199, std: 18.07876831474537
2023-09-20 03:28:12,514 - INFO - NoneScaler
2023-09-20 03:28:13,185 - INFO - GWNET<
  (network): gwnet<
    (filter_convs): CellList<
      (0): Conv2d<input_channels=32, output_channels=32, kernel_size=(1, 2), stride=(1, 1), pad_mode=valid, padding=0, dilation=(1, 1), group=1, has_bias=False, weight_init=he_uniform, bias_init=zeros, format=NCHW>
      (1): Conv2d<input_channels=32, output_channels=32, kernel_size=(1, 2), stride=(1, 1), pad_mode=valid, padding=0, dilation=(2, 2), group=1, has_bias=False, weight_init=he_uniform, bias_init=zeros, format=NCHW>
      (2): Conv2d<input_channels=32, output_channels=32, kernel_size=(1, 2), stride=(1, 1), pad_mode=valid, padding=0, dilation=(1, 1), group=1, has_bias=False, weight_init=he_uniform, bias_init=zeros, format=NCHW>
      (3): Conv2d<input_channels=32, output_channels=32, kernel_size=(1, 2), stride=(1, 1), pad_mode=valid, padding=0, dilation=(2, 2), group=1, has_bias=False, weight_init=he_uniform, bias_init=zeros, format=NCHW>
      (4): Conv2d<input_channels=32, output_channels=32, kernel_size=(1, 2), stride=(1, 1), pad_mode=valid, padding=0, dilation=(1, 1), group=1, has_bias=False, weight_init=he_uniform, bias_init=zeros, format=NCHW>
      (5): Conv2d<input_channels=32, output_channels=32, kernel_size=(1, 2), stride=(1, 1), pad_mode=valid, padding=0, dilation=(2, 2), group=1, has_bias=False, weight_init=he_uniform, bias_init=zeros, format=NCHW>
      (6): Conv2d<input_channels=32, output_channels=32, kernel_size=(1, 2), stride=(1, 1), pad_mode=valid, padding=0, dilation=(1, 1), group=1, has_bias=False, weight_init=he_uniform, bias_init=zeros, format=NCHW>
      (7): Conv2d<input_channels=32, output_channels=32, kernel_size=(1, 2), stride=(1, 1), pad_mode=valid, padding=0, dilation=(2, 2), group=1, has_bias=False, weight_init=he_uniform, bias_init=zeros, format=NCHW>
      >
    (gate_convs): CellList<
      (0): Conv2d<input_channels=32, output_channels=32, kernel_size=(1, 2), stride=(1, 1), pad_mode=valid, padding=0, dilation=(1, 1), group=1, has_bias=False, weight_init=he_uniform, bias_init=zeros, format=NCHW>
      (1): Conv2d<input_channels=32, output_channels=32, kernel_size=(1, 2), stride=(1, 1), pad_mode=valid, padding=0, dilation=(2, 2), group=1, has_bias=False, weight_init=he_uniform, bias_init=zeros, format=NCHW>
      (2): Conv2d<input_channels=32, output_channels=32, kernel_size=(1, 2), stride=(1, 1), pad_mode=valid, padding=0, dilation=(1, 1), group=1, has_bias=False, weight_init=he_uniform, bias_init=zeros, format=NCHW>
      (3): Conv2d<input_channels=32, output_channels=32, kernel_size=(1, 2), stride=(1, 1), pad_mode=valid, padding=0, dilation=(2, 2), group=1, has_bias=False, weight_init=he_uniform, bias_init=zeros, format=NCHW>
      (4): Conv2d<input_channels=32, output_channels=32, kernel_size=(1, 2), stride=(1, 1), pad_mode=valid, padding=0, dilation=(1, 1), group=1, has_bias=False, weight_init=he_uniform, bias_init=zeros, format=NCHW>
      (5): Conv2d<input_channels=32, output_channels=32, kernel_size=(1, 2), stride=(1, 1), pad_mode=valid, padding=0, dilation=(2, 2), group=1, has_bias=False, weight_init=he_uniform, bias_init=zeros, format=NCHW>
      (6): Conv2d<input_channels=32, output_channels=32, kernel_size=(1, 2), stride=(1, 1), pad_mode=valid, padding=0, dilation=(1, 1), group=1, has_bias=False, weight_init=he_uniform, bias_init=zeros, format=NCHW>
      (7): Conv2d<input_channels=32, output_channels=32, kernel_size=(1, 2), stride=(1, 1), pad_mode=valid, padding=0, dilation=(2, 2), group=1, has_bias=False, weight_init=he_uniform, bias_init=zeros, format=NCHW>
      >
    (residual_convs): CellList<
      (0): Conv2d<input_channels=32, output_channels=32, kernel_size=(1, 1), stride=(1, 1), pad_mode=valid, padding=0, dilation=(1, 1), group=1, has_bias=False, weight_init=he_uniform, bias_init=zeros, format=NCHW>
      (1): Conv2d<input_channels=32, output_channels=32, kernel_size=(1, 1), stride=(1, 1), pad_mode=valid, padding=0, dilation=(1, 1), group=1, has_bias=False, weight_init=he_uniform, bias_init=zeros, format=NCHW>
      (2): Conv2d<input_channels=32, output_channels=32, kernel_size=(1, 1), stride=(1, 1), pad_mode=valid, padding=0, dilation=(1, 1), group=1, has_bias=False, weight_init=he_uniform, bias_init=zeros, format=NCHW>
      (3): Conv2d<input_channels=32, output_channels=32, kernel_size=(1, 1), stride=(1, 1), pad_mode=valid, padding=0, dilation=(1, 1), group=1, has_bias=False, weight_init=he_uniform, bias_init=zeros, format=NCHW>
      (4): Conv2d<input_channels=32, output_channels=32, kernel_size=(1, 1), stride=(1, 1), pad_mode=valid, padding=0, dilation=(1, 1), group=1, has_bias=False, weight_init=he_uniform, bias_init=zeros, format=NCHW>
      (5): Conv2d<input_channels=32, output_channels=32, kernel_size=(1, 1), stride=(1, 1), pad_mode=valid, padding=0, dilation=(1, 1), group=1, has_bias=False, weight_init=he_uniform, bias_init=zeros, format=NCHW>
      (6): Conv2d<input_channels=32, output_channels=32, kernel_size=(1, 1), stride=(1, 1), pad_mode=valid, padding=0, dilation=(1, 1), group=1, has_bias=False, weight_init=he_uniform, bias_init=zeros, format=NCHW>
      (7): Conv2d<input_channels=32, output_channels=32, kernel_size=(1, 1), stride=(1, 1), pad_mode=valid, padding=0, dilation=(1, 1), group=1, has_bias=False, weight_init=he_uniform, bias_init=zeros, format=NCHW>
      >
    (skip_convs): CellList<
      (0): Conv2d<input_channels=32, output_channels=256, kernel_size=(1, 1), stride=(1, 1), pad_mode=valid, padding=0, dilation=(1, 1), group=1, has_bias=False, weight_init=he_uniform, bias_init=zeros, format=NCHW>
      (1): Conv2d<input_channels=32, output_channels=256, kernel_size=(1, 1), stride=(1, 1), pad_mode=valid, padding=0, dilation=(1, 1), group=1, has_bias=False, weight_init=he_uniform, bias_init=zeros, format=NCHW>
      (2): Conv2d<input_channels=32, output_channels=256, kernel_size=(1, 1), stride=(1, 1), pad_mode=valid, padding=0, dilation=(1, 1), group=1, has_bias=False, weight_init=he_uniform, bias_init=zeros, format=NCHW>
      (3): Conv2d<input_channels=32, output_channels=256, kernel_size=(1, 1), stride=(1, 1), pad_mode=valid, padding=0, dilation=(1, 1), group=1, has_bias=False, weight_init=he_uniform, bias_init=zeros, format=NCHW>
      (4): Conv2d<input_channels=32, output_channels=256, kernel_size=(1, 1), stride=(1, 1), pad_mode=valid, padding=0, dilation=(1, 1), group=1, has_bias=False, weight_init=he_uniform, bias_init=zeros, format=NCHW>
      (5): Conv2d<input_channels=32, output_channels=256, kernel_size=(1, 1), stride=(1, 1), pad_mode=valid, padding=0, dilation=(1, 1), group=1, has_bias=False, weight_init=he_uniform, bias_init=zeros, format=NCHW>
      (6): Conv2d<input_channels=32, output_channels=256, kernel_size=(1, 1), stride=(1, 1), pad_mode=valid, padding=0, dilation=(1, 1), group=1, has_bias=False, weight_init=he_uniform, bias_init=zeros, format=NCHW>
      (7): Conv2d<input_channels=32, output_channels=256, kernel_size=(1, 1), stride=(1, 1), pad_mode=valid, padding=0, dilation=(1, 1), group=1, has_bias=False, weight_init=he_uniform, bias_init=zeros, format=NCHW>
      >
    (bn): CellList<
      (0): BatchNorm2d<num_features=32, eps=1e-05, momentum=0.9, gamma=Parameter (name=network.bn.0.gamma, shape=(32,), dtype=Float32, requires_grad=True), beta=Parameter (name=network.bn.0.beta, shape=(32,), dtype=Float32, requires_grad=True), moving_mean=Parameter (name=network.bn.0.moving_mean, shape=(32,), dtype=Float32, requires_grad=False), moving_variance=Parameter (name=network.bn.0.moving_variance, shape=(32,), dtype=Float32, requires_grad=False)>
      (1): BatchNorm2d<num_features=32, eps=1e-05, momentum=0.9, gamma=Parameter (name=network.bn.1.gamma, shape=(32,), dtype=Float32, requires_grad=True), beta=Parameter (name=network.bn.1.beta, shape=(32,), dtype=Float32, requires_grad=True), moving_mean=Parameter (name=network.bn.1.moving_mean, shape=(32,), dtype=Float32, requires_grad=False), moving_variance=Parameter (name=network.bn.1.moving_variance, shape=(32,), dtype=Float32, requires_grad=False)>
      (2): BatchNorm2d<num_features=32, eps=1e-05, momentum=0.9, gamma=Parameter (name=network.bn.2.gamma, shape=(32,), dtype=Float32, requires_grad=True), beta=Parameter (name=network.bn.2.beta, shape=(32,), dtype=Float32, requires_grad=True), moving_mean=Parameter (name=network.bn.2.moving_mean, shape=(32,), dtype=Float32, requires_grad=False), moving_variance=Parameter (name=network.bn.2.moving_variance, shape=(32,), dtype=Float32, requires_grad=False)>
      (3): BatchNorm2d<num_features=32, eps=1e-05, momentum=0.9, gamma=Parameter (name=network.bn.3.gamma, shape=(32,), dtype=Float32, requires_grad=True), beta=Parameter (name=network.bn.3.beta, shape=(32,), dtype=Float32, requires_grad=True), moving_mean=Parameter (name=network.bn.3.moving_mean, shape=(32,), dtype=Float32, requires_grad=False), moving_variance=Parameter (name=network.bn.3.moving_variance, shape=(32,), dtype=Float32, requires_grad=False)>
      (4): BatchNorm2d<num_features=32, eps=1e-05, momentum=0.9, gamma=Parameter (name=network.bn.4.gamma, shape=(32,), dtype=Float32, requires_grad=True), beta=Parameter (name=network.bn.4.beta, shape=(32,), dtype=Float32, requires_grad=True), moving_mean=Parameter (name=network.bn.4.moving_mean, shape=(32,), dtype=Float32, requires_grad=False), moving_variance=Parameter (name=network.bn.4.moving_variance, shape=(32,), dtype=Float32, requires_grad=False)>
      (5): BatchNorm2d<num_features=32, eps=1e-05, momentum=0.9, gamma=Parameter (name=network.bn.5.gamma, shape=(32,), dtype=Float32, requires_grad=True), beta=Parameter (name=network.bn.5.beta, shape=(32,), dtype=Float32, requires_grad=True), moving_mean=Parameter (name=network.bn.5.moving_mean, shape=(32,), dtype=Float32, requires_grad=False), moving_variance=Parameter (name=network.bn.5.moving_variance, shape=(32,), dtype=Float32, requires_grad=False)>
      (6): BatchNorm2d<num_features=32, eps=1e-05, momentum=0.9, gamma=Parameter (name=network.bn.6.gamma, shape=(32,), dtype=Float32, requires_grad=True), beta=Parameter (name=network.bn.6.beta, shape=(32,), dtype=Float32, requires_grad=True), moving_mean=Parameter (name=network.bn.6.moving_mean, shape=(32,), dtype=Float32, requires_grad=False), moving_variance=Parameter (name=network.bn.6.moving_variance, shape=(32,), dtype=Float32, requires_grad=False)>
      (7): BatchNorm2d<num_features=32, eps=1e-05, momentum=0.9, gamma=Parameter (name=network.bn.7.gamma, shape=(32,), dtype=Float32, requires_grad=True), beta=Parameter (name=network.bn.7.beta, shape=(32,), dtype=Float32, requires_grad=True), moving_mean=Parameter (name=network.bn.7.moving_mean, shape=(32,), dtype=Float32, requires_grad=False), moving_variance=Parameter (name=network.bn.7.moving_variance, shape=(32,), dtype=Float32, requires_grad=False)>
      >
    (gconv): CellList<
      (0): gcn<
        (mlp): Conv2d<input_channels=224, output_channels=32, kernel_size=(1, 1), stride=(1, 1), pad_mode=valid, padding=0, dilation=(1, 1), group=1, has_bias=False, weight_init=he_uniform, bias_init=zeros, format=NCHW>
        >
      (1): gcn<
        (mlp): Conv2d<input_channels=224, output_channels=32, kernel_size=(1, 1), stride=(1, 1), pad_mode=valid, padding=0, dilation=(1, 1), group=1, has_bias=False, weight_init=he_uniform, bias_init=zeros, format=NCHW>
        >
      (2): gcn<
        (mlp): Conv2d<input_channels=224, output_channels=32, kernel_size=(1, 1), stride=(1, 1), pad_mode=valid, padding=0, dilation=(1, 1), group=1, has_bias=False, weight_init=he_uniform, bias_init=zeros, format=NCHW>
        >
      (3): gcn<
        (mlp): Conv2d<input_channels=224, output_channels=32, kernel_size=(1, 1), stride=(1, 1), pad_mode=valid, padding=0, dilation=(1, 1), group=1, has_bias=False, weight_init=he_uniform, bias_init=zeros, format=NCHW>
        >
      (4): gcn<
        (mlp): Conv2d<input_channels=224, output_channels=32, kernel_size=(1, 1), stride=(1, 1), pad_mode=valid, padding=0, dilation=(1, 1), group=1, has_bias=False, weight_init=he_uniform, bias_init=zeros, format=NCHW>
        >
      (5): gcn<
        (mlp): Conv2d<input_channels=224, output_channels=32, kernel_size=(1, 1), stride=(1, 1), pad_mode=valid, padding=0, dilation=(1, 1), group=1, has_bias=False, weight_init=he_uniform, bias_init=zeros, format=NCHW>
        >
      (6): gcn<
        (mlp): Conv2d<input_channels=224, output_channels=32, kernel_size=(1, 1), stride=(1, 1), pad_mode=valid, padding=0, dilation=(1, 1), group=1, has_bias=False, weight_init=he_uniform, bias_init=zeros, format=NCHW>
        >
      (7): gcn<
        (mlp): Conv2d<input_channels=224, output_channels=32, kernel_size=(1, 1), stride=(1, 1), pad_mode=valid, padding=0, dilation=(1, 1), group=1, has_bias=False, weight_init=he_uniform, bias_init=zeros, format=NCHW>
        >
      >
    (start_conv): Conv2d<input_channels=2, output_channels=32, kernel_size=(1, 1), stride=(1, 1), pad_mode=valid, padding=0, dilation=(1, 1), group=1, has_bias=False, weight_init=he_uniform, bias_init=zeros, format=NCHW>
    (end_conv_1): Conv2d<input_channels=256, output_channels=512, kernel_size=(1, 1), stride=(1, 1), pad_mode=valid, padding=0, dilation=(1, 1), group=1, has_bias=False, weight_init=he_uniform, bias_init=zeros, format=NCHW>
    (end_conv_2): Conv2d<input_channels=512, output_channels=12, kernel_size=(1, 1), stride=(1, 1), pad_mode=valid, padding=0, dilation=(1, 1), group=1, has_bias=False, weight_init=he_uniform, bias_init=zeros, format=NCHW>
    >
  >
2023-09-20 03:28:13,187 - INFO - network.nodevec1	(128, 10)	True
2023-09-20 03:28:13,187 - INFO - network.nodevec2	(10, 128)	True
2023-09-20 03:28:13,187 - INFO - network.filter_convs.0.weight	(32, 32, 1, 2)	True
2023-09-20 03:28:13,188 - INFO - network.filter_convs.1.weight	(32, 32, 1, 2)	True
2023-09-20 03:28:13,188 - INFO - network.filter_convs.2.weight	(32, 32, 1, 2)	True
2023-09-20 03:28:13,188 - INFO - network.filter_convs.3.weight	(32, 32, 1, 2)	True
2023-09-20 03:28:13,188 - INFO - network.filter_convs.4.weight	(32, 32, 1, 2)	True
2023-09-20 03:28:13,188 - INFO - network.filter_convs.5.weight	(32, 32, 1, 2)	True
2023-09-20 03:28:13,188 - INFO - network.filter_convs.6.weight	(32, 32, 1, 2)	True
2023-09-20 03:28:13,188 - INFO - network.filter_convs.7.weight	(32, 32, 1, 2)	True
2023-09-20 03:28:13,188 - INFO - network.gate_convs.0.weight	(32, 32, 1, 2)	True
2023-09-20 03:28:13,188 - INFO - network.gate_convs.1.weight	(32, 32, 1, 2)	True
2023-09-20 03:28:13,188 - INFO - network.gate_convs.2.weight	(32, 32, 1, 2)	True
2023-09-20 03:28:13,188 - INFO - network.gate_convs.3.weight	(32, 32, 1, 2)	True
2023-09-20 03:28:13,188 - INFO - network.gate_convs.4.weight	(32, 32, 1, 2)	True
2023-09-20 03:28:13,188 - INFO - network.gate_convs.5.weight	(32, 32, 1, 2)	True
2023-09-20 03:28:13,188 - INFO - network.gate_convs.6.weight	(32, 32, 1, 2)	True
2023-09-20 03:28:13,188 - INFO - network.gate_convs.7.weight	(32, 32, 1, 2)	True
2023-09-20 03:28:13,188 - INFO - network.residual_convs.0.weight	(32, 32, 1, 1)	True
2023-09-20 03:28:13,188 - INFO - network.residual_convs.1.weight	(32, 32, 1, 1)	True
2023-09-20 03:28:13,188 - INFO - network.residual_convs.2.weight	(32, 32, 1, 1)	True
2023-09-20 03:28:13,188 - INFO - network.residual_convs.3.weight	(32, 32, 1, 1)	True
2023-09-20 03:28:13,188 - INFO - network.residual_convs.4.weight	(32, 32, 1, 1)	True
2023-09-20 03:28:13,188 - INFO - network.residual_convs.5.weight	(32, 32, 1, 1)	True
2023-09-20 03:28:13,188 - INFO - network.residual_convs.6.weight	(32, 32, 1, 1)	True
2023-09-20 03:28:13,188 - INFO - network.residual_convs.7.weight	(32, 32, 1, 1)	True
2023-09-20 03:28:13,189 - INFO - network.skip_convs.0.weight	(256, 32, 1, 1)	True
2023-09-20 03:28:13,189 - INFO - network.skip_convs.1.weight	(256, 32, 1, 1)	True
2023-09-20 03:28:13,189 - INFO - network.skip_convs.2.weight	(256, 32, 1, 1)	True
2023-09-20 03:28:13,189 - INFO - network.skip_convs.3.weight	(256, 32, 1, 1)	True
2023-09-20 03:28:13,189 - INFO - network.skip_convs.4.weight	(256, 32, 1, 1)	True
2023-09-20 03:28:13,189 - INFO - network.skip_convs.5.weight	(256, 32, 1, 1)	True
2023-09-20 03:28:13,189 - INFO - network.skip_convs.6.weight	(256, 32, 1, 1)	True
2023-09-20 03:28:13,189 - INFO - network.skip_convs.7.weight	(256, 32, 1, 1)	True
2023-09-20 03:28:13,189 - INFO - network.bn.0.gamma	(32,)	True
2023-09-20 03:28:13,189 - INFO - network.bn.0.beta	(32,)	True
2023-09-20 03:28:13,189 - INFO - network.bn.1.gamma	(32,)	True
2023-09-20 03:28:13,189 - INFO - network.bn.1.beta	(32,)	True
2023-09-20 03:28:13,189 - INFO - network.bn.2.gamma	(32,)	True
2023-09-20 03:28:13,189 - INFO - network.bn.2.beta	(32,)	True
2023-09-20 03:28:13,189 - INFO - network.bn.3.gamma	(32,)	True
2023-09-20 03:28:13,189 - INFO - network.bn.3.beta	(32,)	True
2023-09-20 03:28:13,189 - INFO - network.bn.4.gamma	(32,)	True
2023-09-20 03:28:13,189 - INFO - network.bn.4.beta	(32,)	True
2023-09-20 03:28:13,189 - INFO - network.bn.5.gamma	(32,)	True
2023-09-20 03:28:13,189 - INFO - network.bn.5.beta	(32,)	True
2023-09-20 03:28:13,189 - INFO - network.bn.6.gamma	(32,)	True
2023-09-20 03:28:13,189 - INFO - network.bn.6.beta	(32,)	True
2023-09-20 03:28:13,189 - INFO - network.bn.7.gamma	(32,)	True
2023-09-20 03:28:13,190 - INFO - network.bn.7.beta	(32,)	True
2023-09-20 03:28:13,190 - INFO - network.gconv.0.mlp.weight	(32, 224, 1, 1)	True
2023-09-20 03:28:13,190 - INFO - network.gconv.1.mlp.weight	(32, 224, 1, 1)	True
2023-09-20 03:28:13,190 - INFO - network.gconv.2.mlp.weight	(32, 224, 1, 1)	True
2023-09-20 03:28:13,190 - INFO - network.gconv.3.mlp.weight	(32, 224, 1, 1)	True
2023-09-20 03:28:13,190 - INFO - network.gconv.4.mlp.weight	(32, 224, 1, 1)	True
2023-09-20 03:28:13,190 - INFO - network.gconv.5.mlp.weight	(32, 224, 1, 1)	True
2023-09-20 03:28:13,190 - INFO - network.gconv.6.mlp.weight	(32, 224, 1, 1)	True
2023-09-20 03:28:13,190 - INFO - network.gconv.7.mlp.weight	(32, 224, 1, 1)	True
2023-09-20 03:28:13,190 - INFO - network.start_conv.weight	(32, 2, 1, 1)	True
2023-09-20 03:28:13,190 - INFO - network.end_conv_1.weight	(512, 256, 1, 1)	True
2023-09-20 03:28:13,190 - INFO - network.end_conv_2.weight	(12, 512, 1, 1)	True
2023-09-20 03:28:13,190 - INFO - Total parameter numbers: 304192
2023-09-20 03:28:13,191 - INFO - You select `adam` optimizer.
2023-09-20 03:28:13,259 - WARNING - Received none train loss func and will use the loss func defined in the model.
2023-09-20 03:28:13,259 - INFO - Start training ...
2023-09-20 03:28:13,259 - INFO - num_batches:95
2023-09-20 03:30:44,737 - INFO - valid loss 为: 9.973830223083496
2023-09-20 03:33:07,470 - INFO - valid loss 为: 8.914673805236816
2023-09-20 03:35:30,974 - INFO - valid loss 为: 8.339353561401367
2023-09-20 03:37:54,786 - INFO - valid loss 为: 7.872812747955322
2023-09-20 03:40:18,719 - INFO - valid loss 为: 7.700745582580566
2023-09-20 03:42:41,705 - INFO - valid loss 为: 7.449723243713379
2023-09-20 03:45:04,849 - INFO - valid loss 为: 7.383535385131836
2023-09-20 03:47:28,485 - INFO - valid loss 为: 7.2849836349487305
2023-09-20 03:49:52,535 - INFO - valid loss 为: 7.2217230796813965
2023-09-20 03:52:16,048 - INFO - valid loss 为: 7.087556838989258
2023-09-20 03:54:39,761 - INFO - valid loss 为: 7.084381580352783
2023-09-20 03:57:02,882 - INFO - valid loss 为: 7.0221147537231445
2023-09-20 03:59:25,960 - INFO - valid loss 为: 7.0092878341674805
2023-09-20 04:01:49,227 - INFO - valid loss 为: 7.007783889770508
2023-09-20 04:04:12,231 - INFO - valid loss 为: 6.780977249145508
2023-09-20 04:06:35,496 - INFO - valid loss 为: 6.729507923126221
2023-09-20 04:08:59,054 - INFO - valid loss 为: 6.7616729736328125
2023-09-20 04:11:22,373 - INFO - valid loss 为: 6.7097086906433105
2023-09-20 04:13:45,430 - INFO - valid loss 为: 6.8661298751831055
2023-09-20 04:16:08,850 - INFO - valid loss 为: 6.636523723602295
2023-09-20 04:18:31,869 - INFO - valid loss 为: 6.508500099182129
2023-09-20 04:20:55,319 - INFO - valid loss 为: 6.516608238220215
2023-09-20 04:23:19,340 - INFO - valid loss 为: 6.471980094909668
2023-09-20 04:25:43,259 - INFO - valid loss 为: 6.375677108764648
2023-09-20 04:28:06,599 - INFO - valid loss 为: 6.248069763183594
2023-09-20 04:30:30,180 - INFO - valid loss 为: 6.219565391540527
2023-09-20 04:32:53,677 - INFO - valid loss 为: 6.138988018035889
2023-09-20 04:35:17,450 - INFO - valid loss 为: 6.333159923553467
2023-09-20 04:37:41,019 - INFO - valid loss 为: 6.4743523597717285
2023-09-20 04:40:04,348 - INFO - valid loss 为: 6.1790266036987305
2023-09-20 04:42:27,034 - INFO - valid loss 为: 6.108038902282715
2023-09-20 04:44:50,007 - INFO - valid loss 为: 6.014403343200684
2023-09-20 04:47:13,207 - INFO - valid loss 为: 6.104377269744873
2023-09-20 04:49:36,263 - INFO - valid loss 为: 6.114861011505127
2023-09-20 04:51:59,576 - INFO - valid loss 为: 5.883273601531982
2023-09-20 04:54:22,203 - INFO - valid loss 为: 5.93187141418457
2023-09-20 04:56:45,403 - INFO - valid loss 为: 5.920685291290283
2023-09-20 04:59:08,448 - INFO - valid loss 为: 5.932255744934082
2023-09-20 05:01:31,708 - INFO - valid loss 为: 6.016416072845459
2023-09-20 05:03:54,719 - INFO - valid loss 为: 5.878300189971924
2023-09-20 05:06:17,888 - INFO - valid loss 为: 5.78672981262207
2023-09-20 05:08:41,622 - INFO - valid loss 为: 5.739336967468262
2023-09-20 05:11:04,116 - INFO - valid loss 为: 5.801630973815918
2023-09-20 05:13:27,350 - INFO - valid loss 为: 5.772404193878174
2023-09-20 05:15:50,830 - INFO - valid loss 为: 5.796079158782959
2023-09-20 05:18:14,045 - INFO - valid loss 为: 5.7016448974609375
2023-09-20 05:20:36,724 - INFO - valid loss 为: 5.834274768829346
2023-09-20 05:22:59,493 - INFO - valid loss 为: 5.852747440338135
2023-09-20 05:25:22,688 - INFO - valid loss 为: 5.72251558303833
2023-09-20 05:27:46,093 - INFO - valid loss 为: 5.712123394012451
2023-09-20 05:30:08,956 - INFO - valid loss 为: 5.613821029663086
2023-09-20 05:32:32,288 - INFO - valid loss 为: 5.698097229003906
2023-09-20 05:34:55,280 - INFO - valid loss 为: 5.666394233703613
2023-09-20 05:37:17,998 - INFO - valid loss 为: 5.738836288452148
2023-09-20 05:39:40,951 - INFO - valid loss 为: 5.615999698638916
2023-09-20 05:42:04,295 - INFO - valid loss 为: 5.74295711517334
2023-09-20 05:44:26,845 - INFO - valid loss 为: 5.709681510925293
2023-09-20 05:46:49,673 - INFO - valid loss 为: 5.62431001663208
2023-09-20 05:49:12,328 - INFO - valid loss 为: 5.645709037780762
2023-09-20 05:51:35,380 - INFO - valid loss 为: 5.5701212882995605
2023-09-20 05:53:58,770 - INFO - valid loss 为: 5.494021415710449
2023-09-20 05:56:21,834 - INFO - valid loss 为: 5.6154093742370605
2023-09-20 05:58:44,995 - INFO - valid loss 为: 5.539426803588867
2023-09-20 06:01:08,728 - INFO - valid loss 为: 5.548956871032715
2023-09-20 06:03:31,906 - INFO - valid loss 为: 5.7024102210998535
2023-09-20 06:05:55,273 - INFO - valid loss 为: 5.524481773376465
2023-09-20 06:08:18,897 - INFO - valid loss 为: 5.689060688018799
2023-09-20 06:10:41,437 - INFO - valid loss 为: 5.577683448791504
2023-09-20 06:13:04,411 - INFO - valid loss 为: 5.507194519042969
2023-09-20 06:15:27,566 - INFO - valid loss 为: 5.644609451293945
2023-09-20 06:17:50,967 - INFO - valid loss 为: 5.564118385314941
2023-09-20 06:20:13,742 - INFO - valid loss 为: 5.484341621398926
2023-09-20 06:22:37,231 - INFO - valid loss 为: 5.525052070617676
2023-09-20 06:25:01,069 - INFO - valid loss 为: 5.604560375213623
2023-09-20 06:27:24,340 - INFO - valid loss 为: 5.656550884246826
2023-09-20 06:29:47,480 - INFO - valid loss 为: 5.636279106140137
2023-09-20 06:32:10,764 - INFO - valid loss 为: 5.442018508911133
2023-09-20 06:34:34,588 - INFO - valid loss 为: 5.637711524963379
2023-09-20 06:36:57,995 - INFO - valid loss 为: 5.424616813659668
2023-09-20 06:39:21,505 - INFO - valid loss 为: 5.404656410217285
2023-09-20 06:41:44,620 - INFO - valid loss 为: 5.397919654846191
2023-09-20 06:44:07,994 - INFO - valid loss 为: 5.507752418518066
2023-09-20 06:46:31,745 - INFO - valid loss 为: 5.4892096519470215
2023-09-20 06:48:55,027 - INFO - valid loss 为: 5.366286277770996
2023-09-20 06:51:18,816 - INFO - valid loss 为: 5.422630786895752
2023-09-20 06:53:42,337 - INFO - valid loss 为: 5.378093242645264
2023-09-20 06:56:06,035 - INFO - valid loss 为: 5.414091110229492
2023-09-20 06:58:29,145 - INFO - valid loss 为: 5.4076008796691895
2023-09-20 07:00:52,639 - INFO - valid loss 为: 5.495771408081055
2023-09-20 07:03:15,938 - INFO - valid loss 为: 5.3924126625061035
2023-09-20 07:05:39,147 - INFO - valid loss 为: 5.418646812438965
2023-09-20 07:08:02,766 - INFO - valid loss 为: 5.391003131866455
2023-09-20 07:10:25,662 - INFO - valid loss 为: 5.356818675994873
2023-09-20 07:12:48,513 - INFO - valid loss 为: 5.4874725341796875
2023-09-20 07:15:11,570 - INFO - valid loss 为: 5.367708206176758
2023-09-20 07:17:35,025 - INFO - valid loss 为: 5.45414400100708
2023-09-20 07:19:58,120 - INFO - valid loss 为: 5.478007793426514
2023-09-20 07:22:21,394 - INFO - valid loss 为: 5.436924457550049
2023-09-20 07:24:44,359 - INFO - valid loss 为: 5.801825523376465
2023-09-20 07:27:07,427 - INFO - valid loss 为: 5.495308876037598
2023-09-20 07:27:07,713 - INFO - Loaded model at /home/zhangwt/remote/M-Libcity/M_libcity/cache/18280/model_cache/GWNET_NYCBike20140409.ckpt
2023-09-20 07:27:07,807 - INFO - Start evaluating ...
2023-09-20 07:27:19,370 - INFO - Note that you select the single mode to evaluate!
2023-09-20 07:27:19,402 - INFO - Evaluate result is saved at /home/zhangwt/remote/M-Libcity/M_libcity/cache/18280/evaluate_cache/2023_09_20_07_27_19_GWNET_NYCBike20140409.csv
2023-09-20 07:27:19,413 - INFO - 
          MAE        MAPE       RMSE
1   3.7338755  0.25933123    6.29362
