2023-09-07 01:11:28,067 - INFO - Log directory: /home/zhangwt/M-Libcity/M_libcity/log
2023-09-07 01:11:28,067 - INFO - Begin pipeline, task=traffic_state_pred, model_name=STG2Seq, dataset_name=NYCBike20140409, exp_id=78723
2023-09-07 01:11:28,067 - INFO - {'task': 'traffic_state_pred', 'model': 'STG2Seq', 'dataset': 'NYCBike20140409', 'saved_model': True, 'train': True, 'rank_size': 1, 'dataset_class': 'TrafficStateGridDataset', 'executor': 'TrafficStateExecutor', 'evaluator': 'TrafficStateEvaluator', 'window': 3, 'dim_out': 32, 'ks': 3, 'bidir_adj_mx': True, 'scaler': 'minmax01', 'load_external': True, 'normal_external': False, 'ext_scaler': 'none', 'add_time_in_day': True, 'add_day_in_week': False, 'use_row_column': False, 'max_epoch': 150, 'learner': 'adam', 'learning_rate': 0.0007, 'lr_epsilon': 1e-07, 'lr_beta1': 0.8, 'lr_beta2': 0.999, 'lr_decay': False, 'clip_grad_norm': False, 'use_early_stop': False, 'batch_size': 64, 'cache_dataset': True, 'num_workers': 1, 'pad_with_last_sample': True, 'train_rate': 0.7, 'eval_rate': 0.1, 'input_window': 12, 'output_window': 12, 'gpu': True, 'gpu_id': 0, 'train_loss': 'none', 'epoch': 0, 'weight_decay': 0, 'lr_alpha': 0.99, 'lr_momentum': 0.0, 'lr_scheduler': 'multisteplr', 'lr_decay_ratio': 0.1, 'steps': [5, 20, 40, 70], 'step_size': 10, 'lr_T_max': 30, 'lr_eta_min': 0, 'lr_patience': 10, 'lr_threshold': 0.0001, 'max_grad_norm': 1.0, 'patience': 50, 'log_level': 'INFO', 'log_every': 1, 'load_best_epoch': True, 'hyper_tune': False, 'metrics': ['MAE', 'MAPE', 'MSE', 'RMSE'], 'evaluator_mode': 'single', 'save_mode': ['csv'], 'geo': {'including_types': ['Polygon'], 'Polygon': {'row_id': 'num', 'column_id': 'num'}}, 'grid': {'including_types': ['state'], 'state': {'row_id': 16, 'column_id': 8, 'new_flow': 'num', 'end_flow': 'num'}}, 'data_col': ['new_flow', 'end_flow'], 'data_files': ['NYCBIKE20140409'], 'geo_file': 'NYCBIKE20140409', 'output_dim': 2, 'time_intervals': 3600, 'init_weight_inf_or_zero': 'inf', 'set_weight_link_or_dist': 'dist', 'calculate_weight_adj': False, 'weight_adj_epsilon': 0.1, 'exp_id': 78723}
2023-09-07 01:11:28,076 - INFO - Loaded file NYCBIKE20140409.geo, num_grids=128, grid_size=(16, 8)
2023-09-07 01:11:28,077 - INFO - Generate grid rel file, shape=(128, 128)
2023-09-07 01:11:28,077 - INFO - Loading /home/zhangwt/M-Libcity/M_libcity/cache/dataset_cache/grid_based_NYCBike20140409_12_12_0.7_0.1_minmax01_64_True_True_False_True_False.npz
2023-09-07 01:11:28,902 - INFO - train	x: (3058, 12, 128, 3), y: (3058, 12, 128, 3)
2023-09-07 01:11:28,902 - INFO - eval	x: (437, 12, 128, 3), y: (437, 12, 128, 3)
2023-09-07 01:11:28,903 - INFO - test	x: (874, 12, 128, 3), y: (874, 12, 128, 3)
2023-09-07 01:11:29,038 - INFO - MinMax01Scaler max: 267.0, min: 0.0
2023-09-07 01:11:29,038 - INFO - NoneScaler
2023-09-07 01:11:31,983 - INFO - STG2Seq<
  (long_term_layer): SequentialCell<
    (0): ConvST<
      (align): Align<>
      >
    (1): BatchNorm2d<num_features=32, eps=1e-05, momentum=0.09999999999999998, gamma=Parameter (name=long_term_layer.1.gamma, shape=(32,), dtype=Float32, requires_grad=True), beta=Parameter (name=long_term_layer.1.beta, shape=(32,), dtype=Float32, requires_grad=True), moving_mean=Parameter (name=long_term_layer.1.moving_mean, shape=(32,), dtype=Float32, requires_grad=False), moving_variance=Parameter (name=long_term_layer.1.moving_variance, shape=(32,), dtype=Float32, requires_grad=False)>
    (2): ConvST<
      (align): Align<>
      >
    (3): BatchNorm2d<num_features=32, eps=1e-05, momentum=0.09999999999999998, gamma=Parameter (name=long_term_layer.3.gamma, shape=(32,), dtype=Float32, requires_grad=True), beta=Parameter (name=long_term_layer.3.beta, shape=(32,), dtype=Float32, requires_grad=True), moving_mean=Parameter (name=long_term_layer.3.moving_mean, shape=(32,), dtype=Float32, requires_grad=False), moving_variance=Parameter (name=long_term_layer.3.moving_variance, shape=(32,), dtype=Float32, requires_grad=False)>
    (4): ConvST<
      (align): Align<>
      >
    (5): BatchNorm2d<num_features=32, eps=1e-05, momentum=0.09999999999999998, gamma=Parameter (name=long_term_layer.5.gamma, shape=(32,), dtype=Float32, requires_grad=True), beta=Parameter (name=long_term_layer.5.beta, shape=(32,), dtype=Float32, requires_grad=True), moving_mean=Parameter (name=long_term_layer.5.moving_mean, shape=(32,), dtype=Float32, requires_grad=False), moving_variance=Parameter (name=long_term_layer.5.moving_variance, shape=(32,), dtype=Float32, requires_grad=False)>
    (6): ConvST<
      (align): Align<>
      >
    (7): BatchNorm2d<num_features=32, eps=1e-05, momentum=0.09999999999999998, gamma=Parameter (name=long_term_layer.7.gamma, shape=(32,), dtype=Float32, requires_grad=True), beta=Parameter (name=long_term_layer.7.beta, shape=(32,), dtype=Float32, requires_grad=True), moving_mean=Parameter (name=long_term_layer.7.moving_mean, shape=(32,), dtype=Float32, requires_grad=False), moving_variance=Parameter (name=long_term_layer.7.moving_variance, shape=(32,), dtype=Float32, requires_grad=False)>
    (8): ConvST<
      (align): Align<>
      >
    (9): BatchNorm2d<num_features=32, eps=1e-05, momentum=0.09999999999999998, gamma=Parameter (name=long_term_layer.9.gamma, shape=(32,), dtype=Float32, requires_grad=True), beta=Parameter (name=long_term_layer.9.beta, shape=(32,), dtype=Float32, requires_grad=True), moving_mean=Parameter (name=long_term_layer.9.moving_mean, shape=(32,), dtype=Float32, requires_grad=False), moving_variance=Parameter (name=long_term_layer.9.moving_variance, shape=(32,), dtype=Float32, requires_grad=False)>
    (10): ConvST<
      (align): Align<>
      >
    (11): BatchNorm2d<num_features=32, eps=1e-05, momentum=0.09999999999999998, gamma=Parameter (name=long_term_layer.11.gamma, shape=(32,), dtype=Float32, requires_grad=True), beta=Parameter (name=long_term_layer.11.beta, shape=(32,), dtype=Float32, requires_grad=True), moving_mean=Parameter (name=long_term_layer.11.moving_mean, shape=(32,), dtype=Float32, requires_grad=False), moving_variance=Parameter (name=long_term_layer.11.moving_variance, shape=(32,), dtype=Float32, requires_grad=False)>
    >
  (short_term_gcn): SequentialCell<
    (0): ConvST<
      (align): Align<>
      >
    (1): BatchNorm2d<num_features=32, eps=1e-05, momentum=0.09999999999999998, gamma=Parameter (name=short_term_gcn.1.gamma, shape=(32,), dtype=Float32, requires_grad=True), beta=Parameter (name=short_term_gcn.1.beta, shape=(32,), dtype=Float32, requires_grad=True), moving_mean=Parameter (name=short_term_gcn.1.moving_mean, shape=(32,), dtype=Float32, requires_grad=False), moving_variance=Parameter (name=short_term_gcn.1.moving_variance, shape=(32,), dtype=Float32, requires_grad=False)>
    (2): ConvST<
      (align): Align<>
      >
    (3): BatchNorm2d<num_features=32, eps=1e-05, momentum=0.09999999999999998, gamma=Parameter (name=short_term_gcn.3.gamma, shape=(32,), dtype=Float32, requires_grad=True), beta=Parameter (name=short_term_gcn.3.beta, shape=(32,), dtype=Float32, requires_grad=True), moving_mean=Parameter (name=short_term_gcn.3.moving_mean, shape=(32,), dtype=Float32, requires_grad=False), moving_variance=Parameter (name=short_term_gcn.3.moving_variance, shape=(32,), dtype=Float32, requires_grad=False)>
    (4): ConvST<
      (align): Align<>
      >
    (5): BatchNorm2d<num_features=32, eps=1e-05, momentum=0.09999999999999998, gamma=Parameter (name=short_term_gcn.5.gamma, shape=(32,), dtype=Float32, requires_grad=True), beta=Parameter (name=short_term_gcn.5.beta, shape=(32,), dtype=Float32, requires_grad=True), moving_mean=Parameter (name=short_term_gcn.5.moving_mean, shape=(32,), dtype=Float32, requires_grad=False), moving_variance=Parameter (name=short_term_gcn.5.moving_variance, shape=(32,), dtype=Float32, requires_grad=False)>
    >
  (attention_t): AttentionT<>
  (attention_c_1): AttentionC<>
  (attention_c_2): AttentionC<>
  (loss_fn): MSELoss<>
  >
2023-09-07 01:11:31,985 - INFO - long_term_layer.0.weights	(64, 18)	True
2023-09-07 01:11:31,985 - INFO - long_term_layer.0.biases	(64,)	True
2023-09-07 01:11:31,986 - INFO - long_term_layer.1.gamma	(32,)	True
2023-09-07 01:11:31,986 - INFO - long_term_layer.1.beta	(32,)	True
2023-09-07 01:11:31,986 - INFO - long_term_layer.2.weights	(64, 288)	True
2023-09-07 01:11:31,986 - INFO - long_term_layer.2.biases	(64,)	True
2023-09-07 01:11:31,986 - INFO - long_term_layer.3.gamma	(32,)	True
2023-09-07 01:11:31,986 - INFO - long_term_layer.3.beta	(32,)	True
2023-09-07 01:11:31,986 - INFO - long_term_layer.4.weights	(64, 288)	True
2023-09-07 01:11:31,986 - INFO - long_term_layer.4.biases	(64,)	True
2023-09-07 01:11:31,986 - INFO - long_term_layer.5.gamma	(32,)	True
2023-09-07 01:11:31,986 - INFO - long_term_layer.5.beta	(32,)	True
2023-09-07 01:11:31,986 - INFO - long_term_layer.6.weights	(64, 288)	True
2023-09-07 01:11:31,986 - INFO - long_term_layer.6.biases	(64,)	True
2023-09-07 01:11:31,986 - INFO - long_term_layer.7.gamma	(32,)	True
2023-09-07 01:11:31,986 - INFO - long_term_layer.7.beta	(32,)	True
2023-09-07 01:11:31,986 - INFO - long_term_layer.8.weights	(64, 288)	True
2023-09-07 01:11:31,986 - INFO - long_term_layer.8.biases	(64,)	True
2023-09-07 01:11:31,986 - INFO - long_term_layer.9.gamma	(32,)	True
2023-09-07 01:11:31,986 - INFO - long_term_layer.9.beta	(32,)	True
2023-09-07 01:11:31,986 - INFO - long_term_layer.10.weights	(64, 192)	True
2023-09-07 01:11:31,986 - INFO - long_term_layer.10.biases	(64,)	True
2023-09-07 01:11:31,986 - INFO - long_term_layer.11.gamma	(32,)	True
2023-09-07 01:11:31,987 - INFO - long_term_layer.11.beta	(32,)	True
2023-09-07 01:11:31,987 - INFO - short_term_gcn.0.weights	(64, 18)	True
2023-09-07 01:11:31,987 - INFO - short_term_gcn.0.biases	(64,)	True
2023-09-07 01:11:31,987 - INFO - short_term_gcn.1.gamma	(32,)	True
2023-09-07 01:11:31,987 - INFO - short_term_gcn.1.beta	(32,)	True
2023-09-07 01:11:31,987 - INFO - short_term_gcn.2.weights	(64, 288)	True
2023-09-07 01:11:31,987 - INFO - short_term_gcn.2.biases	(64,)	True
2023-09-07 01:11:31,987 - INFO - short_term_gcn.3.gamma	(32,)	True
2023-09-07 01:11:31,987 - INFO - short_term_gcn.3.beta	(32,)	True
2023-09-07 01:11:31,987 - INFO - short_term_gcn.4.weights	(64, 288)	True
2023-09-07 01:11:31,987 - INFO - short_term_gcn.4.biases	(64,)	True
2023-09-07 01:11:31,987 - INFO - short_term_gcn.5.gamma	(32,)	True
2023-09-07 01:11:31,987 - INFO - short_term_gcn.5.beta	(32,)	True
2023-09-07 01:11:31,987 - INFO - attention_t.weight1	(15, 4096, 1)	True
2023-09-07 01:11:31,987 - INFO - attention_t.weight2	(1, 15)	True
2023-09-07 01:11:31,987 - INFO - attention_t.bias	(15,)	True
2023-09-07 01:11:31,987 - INFO - attention_c_1.weight1	(32, 128, 1)	True
2023-09-07 01:11:31,987 - INFO - attention_c_1.weight2	(1, 32)	True
2023-09-07 01:11:31,987 - INFO - attention_c_1.bias	(32,)	True
2023-09-07 01:11:31,987 - INFO - attention_c_2.weight1	(32, 128, 1)	True
2023-09-07 01:11:31,987 - INFO - attention_c_2.weight2	(1, 32)	True
2023-09-07 01:11:31,987 - INFO - attention_c_2.bias	(32,)	True
2023-09-07 01:11:31,988 - INFO - Total parameter numbers: 196126
2023-09-07 01:11:31,988 - INFO - You select `adam` optimizer.
2023-09-07 01:11:32,036 - WARNING - Received none train loss func and will use the loss func defined in the model.
2023-09-07 01:11:32,037 - INFO - Start training ...
2023-09-07 01:11:32,037 - INFO - num_batches:47
2023-09-07 01:12:40,237 - INFO - valid loss 为: 6830.72509765625
2023-09-07 01:13:40,415 - INFO - valid loss 为: 3739.248046875
2023-09-07 01:14:45,691 - INFO - valid loss 为: 2664.338134765625
2023-09-07 01:15:49,050 - INFO - valid loss 为: 2198.25341796875
2023-09-07 01:16:50,022 - INFO - valid loss 为: 1959.68408203125
2023-09-07 01:17:51,764 - INFO - valid loss 为: 1809.2496337890625
2023-09-07 01:18:53,507 - INFO - valid loss 为: 1661.2176513671875
2023-09-07 01:19:58,123 - INFO - valid loss 为: 1569.9691162109375
2023-09-07 01:21:02,385 - INFO - valid loss 为: 1498.5152587890625
2023-09-07 01:22:03,349 - INFO - valid loss 为: 1408.5828857421875
2023-09-07 01:23:05,029 - INFO - valid loss 为: 1328.8780517578125
2023-09-07 01:24:05,617 - INFO - valid loss 为: 1276.21728515625
2023-09-07 01:25:07,235 - INFO - valid loss 为: 1199.6966552734375
2023-09-07 01:26:11,674 - INFO - valid loss 为: 1125.5064697265625
2023-09-07 01:27:13,443 - INFO - valid loss 为: 1072.8975830078125
2023-09-07 01:28:13,635 - INFO - valid loss 为: 1001.7971801757812
2023-09-07 01:29:13,102 - INFO - valid loss 为: 957.9829711914062
2023-09-07 01:30:13,550 - INFO - valid loss 为: 908.2815551757812
2023-09-07 01:31:14,904 - INFO - valid loss 为: 856.5084838867188
2023-09-07 01:32:15,189 - INFO - valid loss 为: 824.9179077148438
2023-09-07 01:33:17,601 - INFO - valid loss 为: 760.6323852539062
2023-09-07 01:34:18,492 - INFO - valid loss 为: 719.860107421875
2023-09-07 01:35:21,320 - INFO - valid loss 为: 685.3440551757812
2023-09-07 01:36:25,028 - INFO - valid loss 为: 663.3756713867188
2023-09-07 01:37:30,014 - INFO - valid loss 为: 624.1328735351562
2023-09-07 01:38:31,929 - INFO - valid loss 为: 571.5281372070312
2023-09-07 01:39:33,594 - INFO - valid loss 为: 554.5546264648438
2023-09-07 01:40:35,269 - INFO - valid loss 为: 520.603759765625
2023-09-07 01:41:36,299 - INFO - valid loss 为: 495.7417297363281
2023-09-07 01:42:37,258 - INFO - valid loss 为: 470.2162170410156
2023-09-07 01:43:40,891 - INFO - valid loss 为: 442.9420471191406
2023-09-07 01:44:45,580 - INFO - valid loss 为: 421.1496887207031
2023-09-07 01:45:49,134 - INFO - valid loss 为: 398.724365234375
2023-09-07 01:46:52,010 - INFO - valid loss 为: 381.6499328613281
2023-09-07 01:47:55,810 - INFO - valid loss 为: 366.1517639160156
2023-09-07 01:48:58,600 - INFO - valid loss 为: 350.1398620605469
2023-09-07 01:50:01,703 - INFO - valid loss 为: 335.46148681640625
2023-09-07 01:51:05,236 - INFO - valid loss 为: 323.5196838378906
2023-09-07 01:52:10,274 - INFO - valid loss 为: 310.8803405761719
2023-09-07 01:53:16,092 - INFO - valid loss 为: 297.55322265625
2023-09-07 01:54:19,383 - INFO - valid loss 为: 282.1068420410156
2023-09-07 01:55:23,223 - INFO - valid loss 为: 272.7485046386719
2023-09-07 01:56:25,963 - INFO - valid loss 为: 258.94390869140625
2023-09-07 01:57:28,993 - INFO - valid loss 为: 250.0467529296875
2023-09-07 01:58:32,719 - INFO - valid loss 为: 241.9298553466797
2023-09-07 01:59:36,187 - INFO - valid loss 为: 232.22206115722656
2023-09-07 02:00:40,541 - INFO - valid loss 为: 224.0478973388672
2023-09-07 02:01:46,747 - INFO - valid loss 为: 216.09010314941406
2023-09-07 02:02:50,484 - INFO - valid loss 为: 208.28916931152344
2023-09-07 02:03:54,838 - INFO - valid loss 为: 201.3353729248047
2023-09-07 02:04:56,685 - INFO - valid loss 为: 196.9432373046875
2023-09-07 02:05:59,345 - INFO - valid loss 为: 191.01454162597656
2023-09-07 02:07:02,891 - INFO - valid loss 为: 185.8457794189453
2023-09-07 02:08:06,535 - INFO - valid loss 为: 181.51344299316406
2023-09-07 02:09:10,397 - INFO - valid loss 为: 174.4291534423828
2023-09-07 02:10:13,926 - INFO - valid loss 为: 170.11447143554688
2023-09-07 02:11:16,257 - INFO - valid loss 为: 164.5211639404297
2023-09-07 02:12:21,778 - INFO - valid loss 为: 160.48353576660156
2023-09-07 02:13:26,206 - INFO - valid loss 为: 157.32847595214844
2023-09-07 02:14:29,860 - INFO - valid loss 为: 152.23289489746094
2023-09-07 02:15:33,941 - INFO - valid loss 为: 148.07965087890625
2023-09-07 02:16:37,530 - INFO - valid loss 为: 144.1166534423828
2023-09-07 02:17:41,055 - INFO - valid loss 为: 140.5631561279297
2023-09-07 02:18:45,221 - INFO - valid loss 为: 137.1598663330078
2023-09-07 02:19:49,908 - INFO - valid loss 为: 134.01268005371094
2023-09-07 02:20:54,687 - INFO - valid loss 为: 132.13937377929688
2023-09-07 02:22:00,439 - INFO - valid loss 为: 128.65663146972656
2023-09-07 02:23:03,104 - INFO - valid loss 为: 125.19149017333984
2023-09-07 02:24:06,153 - INFO - valid loss 为: 122.95841217041016
2023-09-07 02:25:09,906 - INFO - valid loss 为: 121.56854248046875
2023-09-07 02:26:13,435 - INFO - valid loss 为: 117.50678253173828
2023-09-07 02:27:16,998 - INFO - valid loss 为: 115.13333892822266
2023-09-07 02:28:19,239 - INFO - valid loss 为: 114.01513671875
2023-09-07 02:29:21,843 - INFO - valid loss 为: 111.57950592041016
2023-09-07 02:30:24,531 - INFO - valid loss 为: 107.89134979248047
2023-09-07 02:31:26,651 - INFO - valid loss 为: 106.58031463623047
2023-09-07 02:32:28,876 - INFO - valid loss 为: 104.4779281616211
2023-09-07 02:33:31,134 - INFO - valid loss 为: 103.14523315429688
2023-09-07 02:34:34,070 - INFO - valid loss 为: 100.76917266845703
2023-09-07 02:35:36,504 - INFO - valid loss 为: 100.39041900634766
2023-09-07 02:36:39,428 - INFO - valid loss 为: 97.72553253173828
2023-09-07 02:37:42,160 - INFO - valid loss 为: 96.4912109375
2023-09-07 02:38:44,835 - INFO - valid loss 为: 94.5597915649414
2023-09-07 02:39:47,018 - INFO - valid loss 为: 92.93660736083984
2023-09-07 02:40:49,275 - INFO - valid loss 为: 91.6923599243164
2023-09-07 02:41:51,550 - INFO - valid loss 为: 90.9260482788086
2023-09-07 02:42:53,656 - INFO - valid loss 为: 88.35015869140625
2023-09-07 02:43:56,356 - INFO - valid loss 为: 87.64337921142578
2023-09-07 02:44:57,538 - INFO - valid loss 为: 87.0403823852539
2023-09-07 02:46:00,341 - INFO - valid loss 为: 86.33938598632812
2023-09-07 02:47:03,644 - INFO - valid loss 为: 84.71112823486328
2023-09-07 02:48:06,539 - INFO - valid loss 为: 82.59806060791016
2023-09-07 02:49:09,353 - INFO - valid loss 为: 82.42127227783203
2023-09-07 02:50:12,671 - INFO - valid loss 为: 80.27714538574219
2023-09-07 02:51:16,220 - INFO - valid loss 为: 79.70620727539062
2023-09-07 02:52:19,238 - INFO - valid loss 为: 78.64249420166016
2023-09-07 02:53:22,138 - INFO - valid loss 为: 78.91678619384766
2023-09-07 02:54:25,348 - INFO - valid loss 为: 78.13395690917969
2023-09-07 02:55:28,874 - INFO - valid loss 为: 76.4233169555664
2023-09-07 02:56:31,640 - INFO - valid loss 为: 75.0242919921875
2023-09-07 02:57:34,405 - INFO - valid loss 为: 74.3270034790039
2023-09-07 02:58:36,130 - INFO - valid loss 为: 74.01831817626953
2023-09-07 02:59:39,391 - INFO - valid loss 为: 72.45243072509766
2023-09-07 03:00:41,925 - INFO - valid loss 为: 72.42737579345703
2023-09-07 03:01:44,086 - INFO - valid loss 为: 70.50773620605469
2023-09-07 03:02:47,365 - INFO - valid loss 为: 70.69342803955078
2023-09-07 03:03:50,741 - INFO - valid loss 为: 70.22876739501953
2023-09-07 03:04:52,812 - INFO - valid loss 为: 69.2973861694336
2023-09-07 03:05:56,239 - INFO - valid loss 为: 69.1082534790039
2023-09-07 03:06:59,365 - INFO - valid loss 为: 67.63783264160156
2023-09-07 03:08:02,392 - INFO - valid loss 为: 67.5416030883789
2023-09-07 03:09:06,504 - INFO - valid loss 为: 65.70691680908203
2023-09-07 03:10:09,534 - INFO - valid loss 为: 66.95146942138672
2023-09-07 03:11:13,395 - INFO - valid loss 为: 65.7363052368164
2023-09-07 03:12:16,538 - INFO - valid loss 为: 64.297607421875
2023-09-07 03:13:20,043 - INFO - valid loss 为: 65.15326690673828
2023-09-07 03:14:23,183 - INFO - valid loss 为: 64.31656646728516
2023-09-07 03:15:26,589 - INFO - valid loss 为: 63.85323715209961
2023-09-07 03:16:29,568 - INFO - valid loss 为: 63.83772277832031
2023-09-07 03:17:32,378 - INFO - valid loss 为: 61.93154525756836
2023-09-07 03:18:34,704 - INFO - valid loss 为: 62.38999938964844
2023-09-07 03:19:37,510 - INFO - valid loss 为: 62.586727142333984
2023-09-07 03:20:40,741 - INFO - valid loss 为: 61.67828369140625
2023-09-07 03:21:43,504 - INFO - valid loss 为: 61.06919860839844
2023-09-07 03:22:46,036 - INFO - valid loss 为: 60.17960739135742
2023-09-07 03:23:48,034 - INFO - valid loss 为: 60.95654296875
2023-09-07 03:24:50,439 - INFO - valid loss 为: 59.80215835571289
2023-09-07 03:25:53,449 - INFO - valid loss 为: 59.90231704711914
2023-09-07 03:26:56,805 - INFO - valid loss 为: 59.276432037353516
2023-09-07 03:27:59,859 - INFO - valid loss 为: 59.84965515136719
2023-09-07 03:29:03,095 - INFO - valid loss 为: 59.838226318359375
2023-09-07 03:30:06,033 - INFO - valid loss 为: 57.64796447753906
2023-09-07 03:31:08,852 - INFO - valid loss 为: 58.6818733215332
2023-09-07 03:32:11,764 - INFO - valid loss 为: 57.59001541137695
2023-09-07 03:33:14,464 - INFO - valid loss 为: 57.680816650390625
2023-09-07 03:34:18,255 - INFO - valid loss 为: 57.56779098510742
2023-09-07 03:35:21,056 - INFO - valid loss 为: 56.96097946166992
2023-09-07 03:36:24,043 - INFO - valid loss 为: 56.98091125488281
2023-09-07 03:37:26,723 - INFO - valid loss 为: 55.92695617675781
2023-09-07 03:38:29,675 - INFO - valid loss 为: 55.16825866699219
2023-09-07 03:39:32,832 - INFO - valid loss 为: 56.186771392822266
2023-09-07 03:40:35,484 - INFO - valid loss 为: 54.590816497802734
2023-09-07 03:41:38,820 - INFO - valid loss 为: 55.592472076416016
2023-09-07 03:42:42,240 - INFO - valid loss 为: 55.41474533081055
2023-09-07 03:43:45,397 - INFO - valid loss 为: 54.97322463989258
2023-09-07 03:44:47,565 - INFO - valid loss 为: 55.51176834106445
2023-09-07 03:45:49,752 - INFO - valid loss 为: 55.090633392333984
2023-09-07 03:46:52,413 - INFO - valid loss 为: 54.56910705566406
2023-09-07 03:47:55,339 - INFO - valid loss 为: 54.80580520629883
2023-09-07 03:48:58,139 - INFO - valid loss 为: 54.46165084838867
2023-09-07 03:48:58,456 - INFO - Loaded model at /home/zhangwt/M-Libcity/M_libcity/cache/78723/model_cache/STG2Seq_NYCBike20140409.ckpt
2023-09-07 03:48:58,501 - INFO - Start evaluating ...
2023-09-07 03:48:58,671 - INFO - Note that you select the single mode to evaluate!
2023-09-07 03:49:59,783 - INFO - Evaluate result is saved at /home/zhangwt/remote/M-Libcity/M_libcity/cache/1/evaluate_cache/2023_10_12_06_03_36_STG2Seq_NYCBike20140409.csv
2023-09-07 03:49:59,783 - INFO - 
          MAE        MAPE        RMSE
1    3.862599  0.34205446   7.0310044
