2023-09-14 07:15:11,353 - INFO - Log directory: /home/zhangwt/remote/M-Libcity/M_libcity/log
2023-09-14 07:15:11,354 - INFO - Begin pipeline, task=traffic_state_pred, model_name=CSTN, dataset_name=NYC_TOD, exp_id=93306
2023-09-14 07:15:11,354 - INFO - {'task': 'traffic_state_pred', 'model': 'CSTN', 'dataset': 'NYC_TOD', 'saved_model': True, 'train': True, 'rank_size': 1, 'dataset_class': 'CSTNDataset', 'executor': 'TrafficStateExecutor', 'evaluator': 'TrafficStateEvaluator', 'n_layers': 3, 'c_lt': 75, 'batch_size': 32, 'scaler': 'minmax01', 'load_external': True, 'normal_external': False, 'ext_scaler': 'none', 'add_time_in_day': True, 'add_day_in_week': False, 'use_row_column': True, 'max_epoch': 100, 'learner': 'adam', 'learning_rate': 0.001, 'weight_decay': 1e-06, 'lr_decay': False, 'clip_grad_norm': False, 'use_early_stop': True, 'patience': 50, 'cache_dataset': True, 'num_workers': 1, 'pad_with_last_sample': True, 'train_rate': 0.8, 'eval_rate': 0.1, 'input_window': 12, 'output_window': 1, 'gpu': True, 'gpu_id': 0, 'train_loss': 'none', 'epoch': 0, 'lr_epsilon': 1e-08, 'lr_beta1': 0.9, 'lr_beta2': 0.999, 'lr_alpha': 0.99, 'lr_momentum': 0.0, 'lr_scheduler': 'multisteplr', 'lr_decay_ratio': 0.1, 'steps': [5, 20, 40, 70], 'step_size': 10, 'lr_T_max': 30, 'lr_eta_min': 0, 'lr_patience': 10, 'lr_threshold': 0.0001, 'max_grad_norm': 1.0, 'log_level': 'INFO', 'log_every': 1, 'load_best_epoch': True, 'hyper_tune': False, 'metrics': ['MAE', 'MAPE', 'MSE', 'RMSE'], 'evaluator_mode': 'single', 'save_mode': ['csv'], 'geo': {'including_types': ['Polygon'], 'Polygon': {'row_id': 'num', 'column_id': 'num'}}, 'ext': {'including_types': ['']}, 'gridod': {'including_types': ['state'], 'state': {'row_id': 15, 'column_id': 5, 'flow': 'num'}}, 'data_col': ['flow'], 'data_files': ['NYC_TOD'], 'geo_file': 'NYC_TOD', 'ext_file': 'NYC_TOD', 'output_dim': 1, 'init_weight_inf_or_zero': 'inf', 'set_weight_link_or_dist': 'dist', 'calculate_weight_adj': False, 'weight_adj_epsilon': 0.1, 'time_intervals': 1800, 'exp_id': 93306}
2023-09-14 07:15:11,380 - INFO - Loaded file NYC_TOD.geo, num_grids=75, grid_size=(15, 5)
2023-09-14 07:15:11,381 - INFO - Generate grid rel file, shape=(75, 75)
2023-09-14 07:15:11,438 - INFO - Loaded file NYC_TOD.ext, shape=(17520, 29)
2023-09-14 07:15:11,554 - INFO - Loading file NYC_TOD.gridod
2023-09-14 07:15:55,868 - INFO - Loaded file NYC_TOD.gridod, shape=(17520, 15, 5, 15, 5, 1)
2023-09-14 07:16:32,640 - INFO - Loading file NYC_TOD.gridod
2023-09-14 07:18:06,461 - INFO - Loaded file NYC_TOD.gridod, shape=(17520, 15, 5, 15, 5, 1)
2023-09-14 07:18:06,513 - INFO - Dataset created
2023-09-14 07:18:06,514 - INFO - X shape: (17508, 12, 15, 5, 15, 5, 1), W shape: (17508, 13, 29), y shape: 
2023-09-14 07:18:06,570 - INFO - train	X: (14006, 12, 15, 5, 15, 5, 1), W: (14006, 13, 29), y: (14006, 1, 15, 5, 15, 5, 1)
2023-09-14 07:18:06,571 - INFO - eval	X: (1751, 12, 15, 5, 15, 5, 1), W: (1751, 13, 29), y: (1751, 1, 15, 5, 15, 5, 1)
2023-09-14 07:18:06,571 - INFO - test	X: (1751, 12, 15, 5, 15, 5, 1), W: (1751, 13, 29), y: (1751, 1, 15, 5, 15, 5, 1)
2023-09-14 07:21:26,044 - INFO - Saved at /home/zhangwt/remote/M-Libcity/M_libcity/cache/dataset_cache/grid_od_based_NYC_TOD_12_1_0.8_0.1_minmax01_32_True_True_False_True_True.npz
2023-09-14 07:21:28,270 - INFO - MinMax01Scaler max: 241.0, min: 0.0
2023-09-14 07:21:38,550 - INFO - CSTN<
  (LSC): LSC<
    (O_CNN): CNN<
      (conv): CellList<
        (0): Conv2d<input_channels=1, output_channels=16, kernel_size=(3, 3), stride=(1, 1), pad_mode=pad, padding=(1, 1, 1, 1), dilation=(1, 1), group=1, has_bias=False, weight_init=normal, bias_init=zeros, format=NCHW>
        (1): ReLU<>
        (2): Conv2d<input_channels=16, output_channels=16, kernel_size=(3, 3), stride=(1, 1), pad_mode=pad, padding=(1, 1, 1, 1), dilation=(1, 1), group=1, has_bias=False, weight_init=normal, bias_init=zeros, format=NCHW>
        (3): ReLU<>
        (4): Conv2d<input_channels=16, output_channels=16, kernel_size=(3, 3), stride=(1, 1), pad_mode=pad, padding=(1, 1, 1, 1), dilation=(1, 1), group=1, has_bias=False, weight_init=normal, bias_init=zeros, format=NCHW>
        >
      (relu): ReLU<>
      (embed): SequentialCell<
        (0): Conv2d<input_channels=1200, output_channels=32, kernel_size=(1, 1), stride=(1, 1), pad_mode=same, padding=0, dilation=(1, 1), group=1, has_bias=False, weight_init=normal, bias_init=zeros, format=NCHW>
        (1): ReLU<>
        >
      >
    (D_CNN): CNN<
      (conv): CellList<
        (0): Conv2d<input_channels=1, output_channels=16, kernel_size=(3, 3), stride=(1, 1), pad_mode=pad, padding=(1, 1, 1, 1), dilation=(1, 1), group=1, has_bias=False, weight_init=normal, bias_init=zeros, format=NCHW>
        (1): ReLU<>
        (2): Conv2d<input_channels=16, output_channels=16, kernel_size=(3, 3), stride=(1, 1), pad_mode=pad, padding=(1, 1, 1, 1), dilation=(1, 1), group=1, has_bias=False, weight_init=normal, bias_init=zeros, format=NCHW>
        (3): ReLU<>
        (4): Conv2d<input_channels=16, output_channels=16, kernel_size=(3, 3), stride=(1, 1), pad_mode=pad, padding=(1, 1, 1, 1), dilation=(1, 1), group=1, has_bias=False, weight_init=normal, bias_init=zeros, format=NCHW>
        >
      (relu): ReLU<>
      (embed): SequentialCell<
        (0): Conv2d<input_channels=1200, output_channels=32, kernel_size=(1, 1), stride=(1, 1), pad_mode=same, padding=0, dilation=(1, 1), group=1, has_bias=False, weight_init=normal, bias_init=zeros, format=NCHW>
        (1): ReLU<>
        >
      >
    (embeder): SequentialCell<
      (0): Conv2d<input_channels=64, output_channels=32, kernel_size=(1, 1), stride=(1, 1), pad_mode=same, padding=0, dilation=(1, 1), group=1, has_bias=False, weight_init=normal, bias_init=zeros, format=NCHW>
      (1): ReLU<>
      >
    >
  (MLP): MLP<
    (fc_1): SequentialCell<
      (0): Dense<input_channels=29, output_channels=32, has_bias=True>
      (1): ReLU<>
      >
    (fc_2): SequentialCell<
      (0): Dense<input_channels=32, output_channels=16, has_bias=True>
      (1): ReLU<>
      >
    (fc_3): SequentialCell<
      (0): Dense<input_channels=16, output_channels=8, has_bias=True>
      (1): ReLU<>
      >
    >
  (TEC): TEC<
    (ConvLSTM): ConvLSTM<
      (cell_list): CellList<
        (0): ConvLSTMCell<
          (conv): Conv2d<input_channels=72, output_channels=128, kernel_size=(3, 3), stride=(1, 1), pad_mode=pad, padding=(1, 1, 1, 1), dilation=(1, 1), group=1, has_bias=True, weight_init=normal, bias_init=zeros, format=NCHW>
          >
        >
      >
    (conv): SequentialCell<
      (0): Conv2d<input_channels=32, output_channels=75, kernel_size=(1, 1), stride=(1, 1), pad_mode=same, padding=0, dilation=(1, 1), group=1, has_bias=False, weight_init=normal, bias_init=zeros, format=NCHW>
      (1): ReLU<>
      >
    >
  (GCC): GCC<
    (Softmax): Softmax<>
    >
  (OUT): SequentialCell<
    (0): Conv2d<input_channels=150, output_channels=75, kernel_size=(1, 1), stride=(1, 1), pad_mode=same, padding=0, dilation=(1, 1), group=1, has_bias=False, weight_init=normal, bias_init=zeros, format=NCHW>
    (1): ReLU<>
    (2): Tanh<>
    >
  (loss_fn): MSELoss<>
  >
2023-09-14 07:21:38,550 - INFO - LSC.O_CNN.conv.0.weight	(16, 1, 3, 3)	True
2023-09-14 07:21:38,551 - INFO - LSC.O_CNN.conv.2.weight	(16, 16, 3, 3)	True
2023-09-14 07:21:38,551 - INFO - LSC.O_CNN.conv.4.weight	(16, 16, 3, 3)	True
2023-09-14 07:21:38,551 - INFO - LSC.O_CNN.embed.0.weight	(32, 1200, 1, 1)	True
2023-09-14 07:21:38,551 - INFO - LSC.D_CNN.conv.0.weight	(16, 1, 3, 3)	True
2023-09-14 07:21:38,551 - INFO - LSC.D_CNN.conv.2.weight	(16, 16, 3, 3)	True
2023-09-14 07:21:38,551 - INFO - LSC.D_CNN.conv.4.weight	(16, 16, 3, 3)	True
2023-09-14 07:21:38,551 - INFO - LSC.D_CNN.embed.0.weight	(32, 1200, 1, 1)	True
2023-09-14 07:21:38,551 - INFO - LSC.embeder.0.weight	(32, 64, 1, 1)	True
2023-09-14 07:21:38,551 - INFO - MLP.fc_1.0.weight	(32, 29)	True
2023-09-14 07:21:38,551 - INFO - MLP.fc_1.0.bias	(32,)	True
2023-09-14 07:21:38,551 - INFO - MLP.fc_2.0.weight	(16, 32)	True
2023-09-14 07:21:38,551 - INFO - MLP.fc_2.0.bias	(16,)	True
2023-09-14 07:21:38,551 - INFO - MLP.fc_3.0.weight	(8, 16)	True
2023-09-14 07:21:38,551 - INFO - MLP.fc_3.0.bias	(8,)	True
2023-09-14 07:21:38,551 - INFO - TEC.ConvLSTM.cell_list.0.conv.weight	(128, 72, 3, 3)	True
2023-09-14 07:21:38,551 - INFO - TEC.ConvLSTM.cell_list.0.conv.bias	(128,)	True
2023-09-14 07:21:38,551 - INFO - TEC.conv.0.weight	(75, 32, 1, 1)	True
2023-09-14 07:21:38,551 - INFO - OUT.0.weight	(75, 150, 1, 1)	True
2023-09-14 07:21:38,551 - INFO - Total parameter numbers: 186698
2023-09-14 07:21:38,552 - INFO - You select `adam` optimizer.
2023-09-14 07:21:38,574 - WARNING - Received none train loss func and will use the loss func defined in the model.
2023-09-14 07:21:38,574 - INFO - Start training ...
2023-09-14 07:21:38,574 - INFO - num_batches:437
2023-09-14 07:22:26,850 - INFO - valid loss 为: 2.724052906036377
2023-09-14 07:23:09,058 - INFO - valid loss 为: 2.380371570587158
2023-09-14 07:23:51,166 - INFO - valid loss 为: 2.2611966133117676
2023-09-14 07:24:33,311 - INFO - valid loss 为: 2.2162296772003174
2023-09-14 07:25:19,137 - INFO - valid loss 为: 2.160031318664551
2023-09-14 07:26:04,352 - INFO - valid loss 为: 2.1357522010803223
2023-09-14 07:26:48,131 - INFO - valid loss 为: 2.097435235977173
2023-09-14 07:27:31,413 - INFO - valid loss 为: 2.08298397064209
2023-09-14 07:28:16,758 - INFO - valid loss 为: 2.0660316944122314
2023-09-14 07:29:01,038 - INFO - valid loss 为: 2.1169910430908203
2023-09-14 07:29:43,475 - INFO - valid loss 为: 2.032838821411133
2023-09-14 07:30:25,980 - INFO - valid loss 为: 2.039163589477539
2023-09-14 07:31:08,430 - INFO - valid loss 为: 2.0227274894714355
2023-09-14 07:31:50,813 - INFO - valid loss 为: 2.0115528106689453
2023-09-14 07:32:34,563 - INFO - valid loss 为: 1.99692964553833
2023-09-14 07:33:17,530 - INFO - valid loss 为: 1.9950792789459229
2023-09-14 07:34:02,574 - INFO - valid loss 为: 1.9945943355560303
2023-09-14 07:34:45,070 - INFO - valid loss 为: 1.9953206777572632
2023-09-14 07:35:28,562 - INFO - valid loss 为: 1.974225640296936
2023-09-14 07:36:11,681 - INFO - valid loss 为: 2.0101001262664795
2023-09-14 07:36:56,938 - INFO - valid loss 为: 1.9664829969406128
2023-09-14 07:37:41,570 - INFO - valid loss 为: 1.9594956636428833
2023-09-14 07:38:25,930 - INFO - valid loss 为: 1.9600034952163696
2023-09-14 07:39:09,894 - INFO - valid loss 为: 1.960394024848938
2023-09-14 07:39:52,548 - INFO - valid loss 为: 1.9535733461380005
2023-09-14 07:40:37,487 - INFO - valid loss 为: 1.9516962766647339
2023-09-14 07:41:21,108 - INFO - valid loss 为: 1.938111662864685
2023-09-14 07:42:03,882 - INFO - valid loss 为: 1.9387017488479614
2023-09-14 07:42:46,388 - INFO - valid loss 为: 1.9376312494277954
2023-09-14 07:43:30,318 - INFO - valid loss 为: 1.9214352369308472
2023-09-14 07:44:13,639 - INFO - valid loss 为: 1.9231085777282715
2023-09-14 07:44:57,312 - INFO - valid loss 为: 1.932080626487732
2023-09-14 07:45:40,652 - INFO - valid loss 为: 1.9188575744628906
2023-09-14 07:46:23,872 - INFO - valid loss 为: 1.9272714853286743
2023-09-14 07:47:05,984 - INFO - valid loss 为: 1.9196608066558838
2023-09-14 07:47:48,023 - INFO - valid loss 为: 1.9073774814605713
2023-09-14 07:48:29,818 - INFO - valid loss 为: 1.9058212041854858
2023-09-14 07:49:11,512 - INFO - valid loss 为: 1.9336960315704346
2023-09-14 07:49:53,218 - INFO - valid loss 为: 1.9068747758865356
2023-09-14 07:50:35,801 - INFO - valid loss 为: 1.9027100801467896
2023-09-14 07:51:18,355 - INFO - valid loss 为: 1.918275237083435
2023-09-14 07:52:00,967 - INFO - valid loss 为: 1.899512767791748
2023-09-14 07:52:43,268 - INFO - valid loss 为: 1.9098210334777832
2023-09-14 07:53:27,576 - INFO - valid loss 为: 1.9024662971496582
2023-09-14 07:54:12,849 - INFO - valid loss 为: 1.8992631435394287
2023-09-14 07:54:57,130 - INFO - valid loss 为: 1.9239076375961304
2023-09-14 07:55:41,435 - INFO - valid loss 为: 1.9163169860839844
2023-09-14 07:56:26,191 - INFO - valid loss 为: 1.905350685119629
2023-09-14 07:57:10,300 - INFO - valid loss 为: 1.8882845640182495
2023-09-14 07:57:53,125 - INFO - valid loss 为: 1.8865121603012085
2023-09-14 07:58:36,490 - INFO - valid loss 为: 1.8888016939163208
2023-09-14 07:59:19,896 - INFO - valid loss 为: 1.901734709739685
2023-09-14 08:00:01,950 - INFO - valid loss 为: 1.8843060731887817
2023-09-14 08:00:44,731 - INFO - valid loss 为: 1.8836241960525513
2023-09-14 08:01:28,589 - INFO - valid loss 为: 1.8986210823059082
2023-09-14 08:02:11,556 - INFO - valid loss 为: 1.8828701972961426
2023-09-14 08:02:55,728 - INFO - valid loss 为: 1.8711364269256592
2023-09-14 08:03:39,068 - INFO - valid loss 为: 1.8754651546478271
2023-09-14 08:04:22,592 - INFO - valid loss 为: 1.8922064304351807
2023-09-14 08:05:05,962 - INFO - valid loss 为: 1.88394296169281
2023-09-14 08:05:49,633 - INFO - valid loss 为: 1.8830413818359375
2023-09-14 08:06:33,754 - INFO - valid loss 为: 1.8772062063217163
2023-09-14 08:07:18,822 - INFO - valid loss 为: 1.8725274801254272
2023-09-14 08:08:03,201 - INFO - valid loss 为: 1.8956679105758667
2023-09-14 08:08:46,778 - INFO - valid loss 为: 1.8753300905227661
2023-09-14 08:09:29,783 - INFO - valid loss 为: 1.8744897842407227
2023-09-14 08:10:13,504 - INFO - valid loss 为: 1.8853425979614258
2023-09-14 08:10:55,659 - INFO - valid loss 为: 1.8837389945983887
2023-09-14 08:11:38,048 - INFO - valid loss 为: 1.8822218179702759
2023-09-14 08:12:22,896 - INFO - valid loss 为: 1.8708794116973877
2023-09-14 08:13:05,243 - INFO - valid loss 为: 1.8751524686813354
2023-09-14 08:13:46,965 - INFO - valid loss 为: 1.88158118724823
2023-09-14 08:14:28,453 - INFO - valid loss 为: 1.8794519901275635
2023-09-14 08:15:10,207 - INFO - valid loss 为: 1.8645209074020386
2023-09-14 08:15:52,407 - INFO - valid loss 为: 1.878045916557312
2023-09-14 08:16:34,306 - INFO - valid loss 为: 1.8698488473892212
2023-09-14 08:17:16,397 - INFO - valid loss 为: 1.8782926797866821
2023-09-14 08:17:58,660 - INFO - valid loss 为: 1.8821616172790527
2023-09-14 08:18:41,835 - INFO - valid loss 为: 1.88135826587677
2023-09-14 08:19:24,771 - INFO - valid loss 为: 1.8676115274429321
2023-09-14 08:20:06,535 - INFO - valid loss 为: 1.9028159379959106
2023-09-14 08:20:48,027 - INFO - valid loss 为: 1.8712213039398193
2023-09-14 08:21:29,597 - INFO - valid loss 为: 1.8744122982025146
2023-09-14 08:22:11,628 - INFO - valid loss 为: 1.8814440965652466
2023-09-14 08:22:56,696 - INFO - valid loss 为: 1.8758372068405151
2023-09-14 08:23:40,065 - INFO - valid loss 为: 1.8722381591796875
2023-09-14 08:24:23,220 - INFO - valid loss 为: 1.8766449689865112
2023-09-14 08:25:05,780 - INFO - valid loss 为: 1.8742868900299072
2023-09-14 08:25:49,132 - INFO - valid loss 为: 1.885015845298767
2023-09-14 08:26:32,499 - INFO - valid loss 为: 1.8944196701049805
2023-09-14 08:27:16,651 - INFO - valid loss 为: 1.8888425827026367
2023-09-14 08:28:00,491 - INFO - valid loss 为: 1.8776543140411377
2023-09-14 08:28:43,890 - INFO - valid loss 为: 1.878368616104126
2023-09-14 08:29:26,892 - INFO - valid loss 为: 1.8668729066848755
2023-09-14 08:30:10,099 - INFO - valid loss 为: 1.8718255758285522
2023-09-14 08:30:53,663 - INFO - valid loss 为: 1.8771893978118896
2023-09-14 08:31:39,350 - INFO - valid loss 为: 1.872907280921936
2023-09-14 08:32:22,977 - INFO - valid loss 为: 1.880321979522705
2023-09-14 08:33:05,718 - INFO - valid loss 为: 1.8840643167495728
2023-09-14 08:33:48,155 - INFO - valid loss 为: 1.8706021308898926
2023-09-14 08:33:48,423 - INFO - Loaded model at /home/zhangwt/remote/M-Libcity/M_libcity/cache/93306/model_cache/CSTN_NYC_TOD.ckpt
2023-09-14 08:33:48,452 - INFO - Start evaluating ...
2023-09-14 08:33:57,588 - INFO - Note that you select the single mode to evaluate!
2023-09-14 08:33:57,609 - INFO - Evaluate result is saved at /home/zhangwt/remote/M-Libcity/M_libcity/cache/93306/evaluate_cache/2023_09_14_08_33_57_CSTN_NYC_TOD.csv
2023-09-14 08:33:57,616 - INFO - 
         MAE        MAPE       RMSE
1  0.5335218  0.16576424  1.3504934
