2023-10-12 06:04:25,961 - INFO - Log directory: /home/zhangwt/remote/M-Libcity/M_libcity/log
2023-10-12 06:04:25,962 - INFO - Begin pipeline, task=traffic_state_pred, model_name=CSTN, dataset_name=NYC_TOD, exp_id=1
2023-10-12 06:04:25,962 - INFO - {'task': 'traffic_state_pred', 'model': 'CSTN', 'dataset': 'NYC_TOD', 'saved_model': True, 'train': False, 'batch_size': 64, 'exp_id': 1, 'dataset_class': 'CSTNDataset', 'executor': 'TrafficStateExecutor', 'evaluator': 'TrafficStateEvaluator', 'n_layers': 3, 'c_lt': 75, 'scaler': 'minmax01', 'load_external': True, 'normal_external': False, 'ext_scaler': 'none', 'add_time_in_day': True, 'add_day_in_week': False, 'use_row_column': True, 'max_epoch': 100, 'learner': 'adam', 'learning_rate': 0.001, 'weight_decay': 1e-06, 'lr_decay': False, 'clip_grad_norm': False, 'use_early_stop': True, 'patience': 50, 'cache_dataset': True, 'num_workers': 1, 'pad_with_last_sample': True, 'train_rate': 0.8, 'eval_rate': 0.1, 'input_window': 12, 'output_window': 1, 'gpu': True, 'gpu_id': 0, 'train_loss': 'none', 'epoch': 0, 'lr_epsilon': 1e-08, 'lr_beta1': 0.9, 'lr_beta2': 0.999, 'lr_alpha': 0.99, 'lr_momentum': 0.0, 'lr_scheduler': 'multisteplr', 'lr_decay_ratio': 0.1, 'steps': [5, 20, 40, 70], 'step_size': 10, 'lr_T_max': 30, 'lr_eta_min': 0, 'lr_patience': 10, 'lr_threshold': 0.0001, 'max_grad_norm': 1.0, 'log_level': 'INFO', 'log_every': 1, 'load_best_epoch': True, 'hyper_tune': False, 'metrics': ['MAE', 'MAPE', 'RMSE'], 'evaluator_mode': 'single', 'save_mode': ['csv'], 'geo': {'including_types': ['Polygon'], 'Polygon': {'row_id': 'num', 'column_id': 'num'}}, 'ext': {'including_types': ['']}, 'gridod': {'including_types': ['state'], 'state': {'row_id': 15, 'column_id': 5, 'flow': 'num'}}, 'data_col': ['flow'], 'data_files': ['NYC_TOD'], 'geo_file': 'NYC_TOD', 'ext_file': 'NYC_TOD', 'output_dim': 1, 'init_weight_inf_or_zero': 'inf', 'set_weight_link_or_dist': 'dist', 'calculate_weight_adj': False, 'weight_adj_epsilon': 0.1, 'time_intervals': 1800}
2023-10-12 06:04:26,003 - INFO - Loaded file NYC_TOD.geo, num_grids=75, grid_size=(15, 5)
2023-10-12 06:04:26,004 - INFO - Generate grid rel file, shape=(75, 75)
2023-10-12 06:04:26,316 - INFO - Loaded file NYC_TOD.ext, shape=(17520, 29)
2023-10-12 06:04:26,423 - INFO - Loading file NYC_TOD.gridod
2023-10-12 06:06:11,990 - INFO - Loaded file NYC_TOD.gridod, shape=(17520, 15, 5, 15, 5, 1)
2023-10-12 06:06:50,965 - INFO - Loading file NYC_TOD.gridod
2023-10-12 06:09:07,158 - INFO - Loaded file NYC_TOD.gridod, shape=(17520, 15, 5, 15, 5, 1)
2023-10-12 06:09:07,213 - INFO - Dataset created
2023-10-12 06:09:07,213 - INFO - X shape: (17508, 12, 15, 5, 15, 5, 1), W shape: (17508, 13, 29), y shape: 
2023-10-12 06:09:07,277 - INFO - train	X: (14006, 12, 15, 5, 15, 5, 1), W: (14006, 13, 29), y: (14006, 1, 15, 5, 15, 5, 1)
2023-10-12 06:09:07,277 - INFO - eval	X: (1751, 12, 15, 5, 15, 5, 1), W: (1751, 13, 29), y: (1751, 1, 15, 5, 15, 5, 1)
2023-10-12 06:09:07,277 - INFO - test	X: (1751, 12, 15, 5, 15, 5, 1), W: (1751, 13, 29), y: (1751, 1, 15, 5, 15, 5, 1)
2023-10-12 06:12:19,942 - INFO - Saved at /home/zhangwt/remote/M-Libcity/M_libcity/cache/dataset_cache/grid_od_based_NYC_TOD_12_1_0.8_0.1_minmax01_64_True_True_False_True_True.npz
2023-10-12 06:12:21,335 - INFO - MinMax01Scaler max: 241.0, min: 0.0
2023-10-12 06:12:31,950 - INFO - CSTN<
  (LSC): LSC<
    (O_CNN): CNN<
      (conv): CellList<
        (0): Conv2d<input_channels=1, output_channels=16, kernel_size=(3, 3), stride=(1, 1), pad_mode=pad, padding=(1, 1, 1, 1), dilation=(1, 1), group=1, has_bias=False, weight_init=normal, bias_init=zeros, format=NCHW>
        (1): ReLU<>
        (2): Conv2d<input_channels=16, output_channels=16, kernel_size=(3, 3), stride=(1, 1), pad_mode=pad, padding=(1, 1, 1, 1), dilation=(1, 1), group=1, has_bias=False, weight_init=normal, bias_init=zeros, format=NCHW>
        (3): ReLU<>
        (4): Conv2d<input_channels=16, output_channels=16, kernel_size=(3, 3), stride=(1, 1), pad_mode=pad, padding=(1, 1, 1, 1), dilation=(1, 1), group=1, has_bias=False, weight_init=normal, bias_init=zeros, format=NCHW>
        >
      (relu): ReLU<>
      (embed): SequentialCell<
        (0): Conv2d<input_channels=1200, output_channels=32, kernel_size=(1, 1), stride=(1, 1), pad_mode=same, padding=0, dilation=(1, 1), group=1, has_bias=False, weight_init=normal, bias_init=zeros, format=NCHW>
        (1): ReLU<>
        >
      >
    (D_CNN): CNN<
      (conv): CellList<
        (0): Conv2d<input_channels=1, output_channels=16, kernel_size=(3, 3), stride=(1, 1), pad_mode=pad, padding=(1, 1, 1, 1), dilation=(1, 1), group=1, has_bias=False, weight_init=normal, bias_init=zeros, format=NCHW>
        (1): ReLU<>
        (2): Conv2d<input_channels=16, output_channels=16, kernel_size=(3, 3), stride=(1, 1), pad_mode=pad, padding=(1, 1, 1, 1), dilation=(1, 1), group=1, has_bias=False, weight_init=normal, bias_init=zeros, format=NCHW>
        (3): ReLU<>
        (4): Conv2d<input_channels=16, output_channels=16, kernel_size=(3, 3), stride=(1, 1), pad_mode=pad, padding=(1, 1, 1, 1), dilation=(1, 1), group=1, has_bias=False, weight_init=normal, bias_init=zeros, format=NCHW>
        >
      (relu): ReLU<>
      (embed): SequentialCell<
        (0): Conv2d<input_channels=1200, output_channels=32, kernel_size=(1, 1), stride=(1, 1), pad_mode=same, padding=0, dilation=(1, 1), group=1, has_bias=False, weight_init=normal, bias_init=zeros, format=NCHW>
        (1): ReLU<>
        >
      >
    (embeder): SequentialCell<
      (0): Conv2d<input_channels=64, output_channels=32, kernel_size=(1, 1), stride=(1, 1), pad_mode=same, padding=0, dilation=(1, 1), group=1, has_bias=False, weight_init=normal, bias_init=zeros, format=NCHW>
      (1): ReLU<>
      >
    >
  (MLP): MLP<
    (fc_1): SequentialCell<
      (0): Dense<input_channels=29, output_channels=32, has_bias=True>
      (1): ReLU<>
      >
    (fc_2): SequentialCell<
      (0): Dense<input_channels=32, output_channels=16, has_bias=True>
      (1): ReLU<>
      >
    (fc_3): SequentialCell<
      (0): Dense<input_channels=16, output_channels=8, has_bias=True>
      (1): ReLU<>
      >
    >
  (TEC): TEC<
    (ConvLSTM): ConvLSTM<
      (cell_list): CellList<
        (0): ConvLSTMCell<
          (conv): Conv2d<input_channels=72, output_channels=128, kernel_size=(3, 3), stride=(1, 1), pad_mode=pad, padding=(1, 1, 1, 1), dilation=(1, 1), group=1, has_bias=True, weight_init=normal, bias_init=zeros, format=NCHW>
          >
        >
      >
    (conv): SequentialCell<
      (0): Conv2d<input_channels=32, output_channels=75, kernel_size=(1, 1), stride=(1, 1), pad_mode=same, padding=0, dilation=(1, 1), group=1, has_bias=False, weight_init=normal, bias_init=zeros, format=NCHW>
      (1): ReLU<>
      >
    >
  (GCC): GCC<
    (Softmax): Softmax<>
    >
  (OUT): SequentialCell<
    (0): Conv2d<input_channels=150, output_channels=75, kernel_size=(1, 1), stride=(1, 1), pad_mode=same, padding=0, dilation=(1, 1), group=1, has_bias=False, weight_init=normal, bias_init=zeros, format=NCHW>
    (1): ReLU<>
    (2): Tanh<>
    >
  (loss_fn): MSELoss<>
  >
2023-10-12 06:12:31,951 - INFO - LSC.O_CNN.conv.0.weight	(16, 1, 3, 3)	True
2023-10-12 06:12:31,951 - INFO - LSC.O_CNN.conv.2.weight	(16, 16, 3, 3)	True
2023-10-12 06:12:31,951 - INFO - LSC.O_CNN.conv.4.weight	(16, 16, 3, 3)	True
2023-10-12 06:12:31,951 - INFO - LSC.O_CNN.embed.0.weight	(32, 1200, 1, 1)	True
2023-10-12 06:12:31,951 - INFO - LSC.D_CNN.conv.0.weight	(16, 1, 3, 3)	True
2023-10-12 06:12:31,951 - INFO - LSC.D_CNN.conv.2.weight	(16, 16, 3, 3)	True
2023-10-12 06:12:31,951 - INFO - LSC.D_CNN.conv.4.weight	(16, 16, 3, 3)	True
2023-10-12 06:12:31,951 - INFO - LSC.D_CNN.embed.0.weight	(32, 1200, 1, 1)	True
2023-10-12 06:12:31,951 - INFO - LSC.embeder.0.weight	(32, 64, 1, 1)	True
2023-10-12 06:12:31,951 - INFO - MLP.fc_1.0.weight	(32, 29)	True
2023-10-12 06:12:31,951 - INFO - MLP.fc_1.0.bias	(32,)	True
2023-10-12 06:12:31,951 - INFO - MLP.fc_2.0.weight	(16, 32)	True
2023-10-12 06:12:31,951 - INFO - MLP.fc_2.0.bias	(16,)	True
2023-10-12 06:12:31,951 - INFO - MLP.fc_3.0.weight	(8, 16)	True
2023-10-12 06:12:31,951 - INFO - MLP.fc_3.0.bias	(8,)	True
2023-10-12 06:12:31,951 - INFO - TEC.ConvLSTM.cell_list.0.conv.weight	(128, 72, 3, 3)	True
2023-10-12 06:12:31,951 - INFO - TEC.ConvLSTM.cell_list.0.conv.bias	(128,)	True
2023-10-12 06:12:31,951 - INFO - TEC.conv.0.weight	(75, 32, 1, 1)	True
2023-10-12 06:12:31,951 - INFO - OUT.0.weight	(75, 150, 1, 1)	True
2023-10-12 06:12:31,951 - INFO - Total parameter numbers: 186698
2023-10-12 06:12:31,952 - INFO - You select `adam` optimizer.
2023-10-12 06:12:31,971 - WARNING - Received none train loss func and will use the loss func defined in the model.
2023-10-12 06:12:31,971 - INFO - Loaded model at /home/zhangwt/remote/M-Libcity/M_libcity/cache/1/model_cache/CSTN_NYC_TOD.ckpt
2023-10-12 06:12:32,031 - INFO - Start evaluating ...
2023-10-12 06:12:49,871 - INFO - Note that you select the single mode to evaluate!
2023-10-12 06:12:49,896 - INFO - Evaluate result is saved at /home/zhangwt/remote/M-Libcity/M_libcity/cache/1/evaluate_cache/2023_10_12_06_12_49_CSTN_NYC_TOD.csv
2023-10-12 06:12:49,905 - INFO - 
         MAE        MAPE       RMSE
1  0.5335218  0.16576424  1.3504934
