2023-10-12 05:29:25,760 - INFO - Log directory: /home/zhangwt/remote/M-Libcity/M_libcity/log
2023-10-12 05:29:25,761 - INFO - Begin pipeline, task=traffic_state_pred, model_name=GWNET, dataset_name=NYCBike20140409, exp_id=1
2023-10-12 05:29:25,761 - INFO - {'task': 'traffic_state_pred', 'model': 'GWNET', 'dataset': 'NYCBike20140409', 'saved_model': True, 'train': False, 'batch_size': 64, 'exp_id': 1, 'dataset_class': 'TrafficStateGridDataset', 'executor': 'TrafficStateExecutor', 'evaluator': 'TrafficStateEvaluator', 'dropout': 0.3, 'blocks': 4, 'layers': 2, 'gcn_bool': True, 'addaptadj': True, 'adjtype': 'doubletransition', 'bidir_adj_mx': False, 'randomadj': True, 'aptonly': True, 'kernel_size': 2, 'nhid': 32, 'residual_channels': 32, 'dilation_channels': 32, 'skip_channels': 256, 'end_channels': 512, 'scaler': 'standard', 'load_external': False, 'normal_external': False, 'ext_scaler': 'none', 'add_time_in_day': True, 'add_day_in_week': False, 'max_epoch': 100, 'learner': 'adam', 'learning_rate': 0.001, 'lr_decay': False, 'clip_grad_norm': True, 'max_grad_norm': 5, 'use_early_stop': False, 'cache_dataset': True, 'num_workers': 1, 'pad_with_last_sample': True, 'train_rate': 0.7, 'eval_rate': 0.1, 'input_window': 12, 'output_window': 12, 'use_row_column': False, 'gpu': True, 'gpu_id': 0, 'train_loss': 'none', 'epoch': 0, 'weight_decay': 0, 'lr_epsilon': 1e-08, 'lr_beta1': 0.9, 'lr_beta2': 0.999, 'lr_alpha': 0.99, 'lr_momentum': 0.0, 'lr_scheduler': 'multisteplr', 'lr_decay_ratio': 0.1, 'steps': [5, 20, 40, 70], 'step_size': 10, 'lr_T_max': 30, 'lr_eta_min': 0, 'lr_patience': 10, 'lr_threshold': 0.0001, 'patience': 50, 'log_level': 'INFO', 'log_every': 1, 'load_best_epoch': True, 'hyper_tune': False, 'metrics': ['MAE', 'MAPE', 'RMSE'], 'evaluator_mode': 'single', 'save_mode': ['csv'], 'geo': {'including_types': ['Polygon'], 'Polygon': {'row_id': 'num', 'column_id': 'num'}}, 'grid': {'including_types': ['state'], 'state': {'row_id': 16, 'column_id': 8, 'new_flow': 'num', 'end_flow': 'num'}}, 'data_col': ['new_flow', 'end_flow'], 'data_files': ['NYCBIKE20140409'], 'geo_file': 'NYCBIKE20140409', 'output_dim': 2, 'time_intervals': 3600, 'init_weight_inf_or_zero': 'inf', 'set_weight_link_or_dist': 'dist', 'calculate_weight_adj': False, 'weight_adj_epsilon': 0.1}
2023-10-12 05:29:25,796 - INFO - Loaded file NYCBIKE20140409.geo, num_grids=128, grid_size=(16, 8)
2023-10-12 05:29:25,798 - INFO - Generate grid rel file, shape=(128, 128)
2023-10-12 05:29:25,798 - INFO - Loading file NYCBIKE20140409.grid
2023-10-12 05:29:26,216 - INFO - Loaded file NYCBIKE20140409.grid, shape=(4392, 128, 2)
2023-10-12 05:29:26,565 - INFO - Dataset created
2023-10-12 05:29:26,565 - INFO - x shape: (4369, 12, 128, 2), y shape: (4369, 12, 128, 2)
2023-10-12 05:29:26,566 - INFO - train	x: (3058, 12, 128, 2), y: (3058, 12, 128, 2)
2023-10-12 05:29:26,566 - INFO - eval	x: (437, 12, 128, 2), y: (437, 12, 128, 2)
2023-10-12 05:29:26,566 - INFO - test	x: (874, 12, 128, 2), y: (874, 12, 128, 2)
2023-10-12 05:29:29,143 - INFO - Saved at /home/zhangwt/remote/M-Libcity/M_libcity/cache/dataset_cache/grid_based_NYCBike20140409_12_12_0.7_0.1_standard_64_False_True_False_True_False.npz
2023-10-12 05:29:29,199 - INFO - StandardScaler mean: 9.230346759524199, std: 18.07876831474537
2023-10-12 05:29:29,199 - INFO - NoneScaler
2023-10-12 05:29:30,439 - INFO - GWNET<
  (network): gwnet<
    (filter_convs): CellList<
      (0): Conv2d<input_channels=32, output_channels=32, kernel_size=(1, 2), stride=(1, 1), pad_mode=valid, padding=0, dilation=(1, 1), group=1, has_bias=False, weight_init=he_uniform, bias_init=zeros, format=NCHW>
      (1): Conv2d<input_channels=32, output_channels=32, kernel_size=(1, 2), stride=(1, 1), pad_mode=valid, padding=0, dilation=(2, 2), group=1, has_bias=False, weight_init=he_uniform, bias_init=zeros, format=NCHW>
      (2): Conv2d<input_channels=32, output_channels=32, kernel_size=(1, 2), stride=(1, 1), pad_mode=valid, padding=0, dilation=(1, 1), group=1, has_bias=False, weight_init=he_uniform, bias_init=zeros, format=NCHW>
      (3): Conv2d<input_channels=32, output_channels=32, kernel_size=(1, 2), stride=(1, 1), pad_mode=valid, padding=0, dilation=(2, 2), group=1, has_bias=False, weight_init=he_uniform, bias_init=zeros, format=NCHW>
      (4): Conv2d<input_channels=32, output_channels=32, kernel_size=(1, 2), stride=(1, 1), pad_mode=valid, padding=0, dilation=(1, 1), group=1, has_bias=False, weight_init=he_uniform, bias_init=zeros, format=NCHW>
      (5): Conv2d<input_channels=32, output_channels=32, kernel_size=(1, 2), stride=(1, 1), pad_mode=valid, padding=0, dilation=(2, 2), group=1, has_bias=False, weight_init=he_uniform, bias_init=zeros, format=NCHW>
      (6): Conv2d<input_channels=32, output_channels=32, kernel_size=(1, 2), stride=(1, 1), pad_mode=valid, padding=0, dilation=(1, 1), group=1, has_bias=False, weight_init=he_uniform, bias_init=zeros, format=NCHW>
      (7): Conv2d<input_channels=32, output_channels=32, kernel_size=(1, 2), stride=(1, 1), pad_mode=valid, padding=0, dilation=(2, 2), group=1, has_bias=False, weight_init=he_uniform, bias_init=zeros, format=NCHW>
      >
    (gate_convs): CellList<
      (0): Conv2d<input_channels=32, output_channels=32, kernel_size=(1, 2), stride=(1, 1), pad_mode=valid, padding=0, dilation=(1, 1), group=1, has_bias=False, weight_init=he_uniform, bias_init=zeros, format=NCHW>
      (1): Conv2d<input_channels=32, output_channels=32, kernel_size=(1, 2), stride=(1, 1), pad_mode=valid, padding=0, dilation=(2, 2), group=1, has_bias=False, weight_init=he_uniform, bias_init=zeros, format=NCHW>
      (2): Conv2d<input_channels=32, output_channels=32, kernel_size=(1, 2), stride=(1, 1), pad_mode=valid, padding=0, dilation=(1, 1), group=1, has_bias=False, weight_init=he_uniform, bias_init=zeros, format=NCHW>
      (3): Conv2d<input_channels=32, output_channels=32, kernel_size=(1, 2), stride=(1, 1), pad_mode=valid, padding=0, dilation=(2, 2), group=1, has_bias=False, weight_init=he_uniform, bias_init=zeros, format=NCHW>
      (4): Conv2d<input_channels=32, output_channels=32, kernel_size=(1, 2), stride=(1, 1), pad_mode=valid, padding=0, dilation=(1, 1), group=1, has_bias=False, weight_init=he_uniform, bias_init=zeros, format=NCHW>
      (5): Conv2d<input_channels=32, output_channels=32, kernel_size=(1, 2), stride=(1, 1), pad_mode=valid, padding=0, dilation=(2, 2), group=1, has_bias=False, weight_init=he_uniform, bias_init=zeros, format=NCHW>
      (6): Conv2d<input_channels=32, output_channels=32, kernel_size=(1, 2), stride=(1, 1), pad_mode=valid, padding=0, dilation=(1, 1), group=1, has_bias=False, weight_init=he_uniform, bias_init=zeros, format=NCHW>
      (7): Conv2d<input_channels=32, output_channels=32, kernel_size=(1, 2), stride=(1, 1), pad_mode=valid, padding=0, dilation=(2, 2), group=1, has_bias=False, weight_init=he_uniform, bias_init=zeros, format=NCHW>
      >
    (residual_convs): CellList<
      (0): Conv2d<input_channels=32, output_channels=32, kernel_size=(1, 1), stride=(1, 1), pad_mode=valid, padding=0, dilation=(1, 1), group=1, has_bias=False, weight_init=he_uniform, bias_init=zeros, format=NCHW>
      (1): Conv2d<input_channels=32, output_channels=32, kernel_size=(1, 1), stride=(1, 1), pad_mode=valid, padding=0, dilation=(1, 1), group=1, has_bias=False, weight_init=he_uniform, bias_init=zeros, format=NCHW>
      (2): Conv2d<input_channels=32, output_channels=32, kernel_size=(1, 1), stride=(1, 1), pad_mode=valid, padding=0, dilation=(1, 1), group=1, has_bias=False, weight_init=he_uniform, bias_init=zeros, format=NCHW>
      (3): Conv2d<input_channels=32, output_channels=32, kernel_size=(1, 1), stride=(1, 1), pad_mode=valid, padding=0, dilation=(1, 1), group=1, has_bias=False, weight_init=he_uniform, bias_init=zeros, format=NCHW>
      (4): Conv2d<input_channels=32, output_channels=32, kernel_size=(1, 1), stride=(1, 1), pad_mode=valid, padding=0, dilation=(1, 1), group=1, has_bias=False, weight_init=he_uniform, bias_init=zeros, format=NCHW>
      (5): Conv2d<input_channels=32, output_channels=32, kernel_size=(1, 1), stride=(1, 1), pad_mode=valid, padding=0, dilation=(1, 1), group=1, has_bias=False, weight_init=he_uniform, bias_init=zeros, format=NCHW>
      (6): Conv2d<input_channels=32, output_channels=32, kernel_size=(1, 1), stride=(1, 1), pad_mode=valid, padding=0, dilation=(1, 1), group=1, has_bias=False, weight_init=he_uniform, bias_init=zeros, format=NCHW>
      (7): Conv2d<input_channels=32, output_channels=32, kernel_size=(1, 1), stride=(1, 1), pad_mode=valid, padding=0, dilation=(1, 1), group=1, has_bias=False, weight_init=he_uniform, bias_init=zeros, format=NCHW>
      >
    (skip_convs): CellList<
      (0): Conv2d<input_channels=32, output_channels=256, kernel_size=(1, 1), stride=(1, 1), pad_mode=valid, padding=0, dilation=(1, 1), group=1, has_bias=False, weight_init=he_uniform, bias_init=zeros, format=NCHW>
      (1): Conv2d<input_channels=32, output_channels=256, kernel_size=(1, 1), stride=(1, 1), pad_mode=valid, padding=0, dilation=(1, 1), group=1, has_bias=False, weight_init=he_uniform, bias_init=zeros, format=NCHW>
      (2): Conv2d<input_channels=32, output_channels=256, kernel_size=(1, 1), stride=(1, 1), pad_mode=valid, padding=0, dilation=(1, 1), group=1, has_bias=False, weight_init=he_uniform, bias_init=zeros, format=NCHW>
      (3): Conv2d<input_channels=32, output_channels=256, kernel_size=(1, 1), stride=(1, 1), pad_mode=valid, padding=0, dilation=(1, 1), group=1, has_bias=False, weight_init=he_uniform, bias_init=zeros, format=NCHW>
      (4): Conv2d<input_channels=32, output_channels=256, kernel_size=(1, 1), stride=(1, 1), pad_mode=valid, padding=0, dilation=(1, 1), group=1, has_bias=False, weight_init=he_uniform, bias_init=zeros, format=NCHW>
      (5): Conv2d<input_channels=32, output_channels=256, kernel_size=(1, 1), stride=(1, 1), pad_mode=valid, padding=0, dilation=(1, 1), group=1, has_bias=False, weight_init=he_uniform, bias_init=zeros, format=NCHW>
      (6): Conv2d<input_channels=32, output_channels=256, kernel_size=(1, 1), stride=(1, 1), pad_mode=valid, padding=0, dilation=(1, 1), group=1, has_bias=False, weight_init=he_uniform, bias_init=zeros, format=NCHW>
      (7): Conv2d<input_channels=32, output_channels=256, kernel_size=(1, 1), stride=(1, 1), pad_mode=valid, padding=0, dilation=(1, 1), group=1, has_bias=False, weight_init=he_uniform, bias_init=zeros, format=NCHW>
      >
    (bn): CellList<
      (0): BatchNorm2d<num_features=32, eps=1e-05, momentum=0.9, gamma=Parameter (name=network.bn.0.gamma, shape=(32,), dtype=Float32, requires_grad=True), beta=Parameter (name=network.bn.0.beta, shape=(32,), dtype=Float32, requires_grad=True), moving_mean=Parameter (name=network.bn.0.moving_mean, shape=(32,), dtype=Float32, requires_grad=False), moving_variance=Parameter (name=network.bn.0.moving_variance, shape=(32,), dtype=Float32, requires_grad=False)>
      (1): BatchNorm2d<num_features=32, eps=1e-05, momentum=0.9, gamma=Parameter (name=network.bn.1.gamma, shape=(32,), dtype=Float32, requires_grad=True), beta=Parameter (name=network.bn.1.beta, shape=(32,), dtype=Float32, requires_grad=True), moving_mean=Parameter (name=network.bn.1.moving_mean, shape=(32,), dtype=Float32, requires_grad=False), moving_variance=Parameter (name=network.bn.1.moving_variance, shape=(32,), dtype=Float32, requires_grad=False)>
      (2): BatchNorm2d<num_features=32, eps=1e-05, momentum=0.9, gamma=Parameter (name=network.bn.2.gamma, shape=(32,), dtype=Float32, requires_grad=True), beta=Parameter (name=network.bn.2.beta, shape=(32,), dtype=Float32, requires_grad=True), moving_mean=Parameter (name=network.bn.2.moving_mean, shape=(32,), dtype=Float32, requires_grad=False), moving_variance=Parameter (name=network.bn.2.moving_variance, shape=(32,), dtype=Float32, requires_grad=False)>
      (3): BatchNorm2d<num_features=32, eps=1e-05, momentum=0.9, gamma=Parameter (name=network.bn.3.gamma, shape=(32,), dtype=Float32, requires_grad=True), beta=Parameter (name=network.bn.3.beta, shape=(32,), dtype=Float32, requires_grad=True), moving_mean=Parameter (name=network.bn.3.moving_mean, shape=(32,), dtype=Float32, requires_grad=False), moving_variance=Parameter (name=network.bn.3.moving_variance, shape=(32,), dtype=Float32, requires_grad=False)>
      (4): BatchNorm2d<num_features=32, eps=1e-05, momentum=0.9, gamma=Parameter (name=network.bn.4.gamma, shape=(32,), dtype=Float32, requires_grad=True), beta=Parameter (name=network.bn.4.beta, shape=(32,), dtype=Float32, requires_grad=True), moving_mean=Parameter (name=network.bn.4.moving_mean, shape=(32,), dtype=Float32, requires_grad=False), moving_variance=Parameter (name=network.bn.4.moving_variance, shape=(32,), dtype=Float32, requires_grad=False)>
      (5): BatchNorm2d<num_features=32, eps=1e-05, momentum=0.9, gamma=Parameter (name=network.bn.5.gamma, shape=(32,), dtype=Float32, requires_grad=True), beta=Parameter (name=network.bn.5.beta, shape=(32,), dtype=Float32, requires_grad=True), moving_mean=Parameter (name=network.bn.5.moving_mean, shape=(32,), dtype=Float32, requires_grad=False), moving_variance=Parameter (name=network.bn.5.moving_variance, shape=(32,), dtype=Float32, requires_grad=False)>
      (6): BatchNorm2d<num_features=32, eps=1e-05, momentum=0.9, gamma=Parameter (name=network.bn.6.gamma, shape=(32,), dtype=Float32, requires_grad=True), beta=Parameter (name=network.bn.6.beta, shape=(32,), dtype=Float32, requires_grad=True), moving_mean=Parameter (name=network.bn.6.moving_mean, shape=(32,), dtype=Float32, requires_grad=False), moving_variance=Parameter (name=network.bn.6.moving_variance, shape=(32,), dtype=Float32, requires_grad=False)>
      (7): BatchNorm2d<num_features=32, eps=1e-05, momentum=0.9, gamma=Parameter (name=network.bn.7.gamma, shape=(32,), dtype=Float32, requires_grad=True), beta=Parameter (name=network.bn.7.beta, shape=(32,), dtype=Float32, requires_grad=True), moving_mean=Parameter (name=network.bn.7.moving_mean, shape=(32,), dtype=Float32, requires_grad=False), moving_variance=Parameter (name=network.bn.7.moving_variance, shape=(32,), dtype=Float32, requires_grad=False)>
      >
    (gconv): CellList<
      (0): gcn<
        (mlp): Conv2d<input_channels=224, output_channels=32, kernel_size=(1, 1), stride=(1, 1), pad_mode=valid, padding=0, dilation=(1, 1), group=1, has_bias=False, weight_init=he_uniform, bias_init=zeros, format=NCHW>
        >
      (1): gcn<
        (mlp): Conv2d<input_channels=224, output_channels=32, kernel_size=(1, 1), stride=(1, 1), pad_mode=valid, padding=0, dilation=(1, 1), group=1, has_bias=False, weight_init=he_uniform, bias_init=zeros, format=NCHW>
        >
      (2): gcn<
        (mlp): Conv2d<input_channels=224, output_channels=32, kernel_size=(1, 1), stride=(1, 1), pad_mode=valid, padding=0, dilation=(1, 1), group=1, has_bias=False, weight_init=he_uniform, bias_init=zeros, format=NCHW>
        >
      (3): gcn<
        (mlp): Conv2d<input_channels=224, output_channels=32, kernel_size=(1, 1), stride=(1, 1), pad_mode=valid, padding=0, dilation=(1, 1), group=1, has_bias=False, weight_init=he_uniform, bias_init=zeros, format=NCHW>
        >
      (4): gcn<
        (mlp): Conv2d<input_channels=224, output_channels=32, kernel_size=(1, 1), stride=(1, 1), pad_mode=valid, padding=0, dilation=(1, 1), group=1, has_bias=False, weight_init=he_uniform, bias_init=zeros, format=NCHW>
        >
      (5): gcn<
        (mlp): Conv2d<input_channels=224, output_channels=32, kernel_size=(1, 1), stride=(1, 1), pad_mode=valid, padding=0, dilation=(1, 1), group=1, has_bias=False, weight_init=he_uniform, bias_init=zeros, format=NCHW>
        >
      (6): gcn<
        (mlp): Conv2d<input_channels=224, output_channels=32, kernel_size=(1, 1), stride=(1, 1), pad_mode=valid, padding=0, dilation=(1, 1), group=1, has_bias=False, weight_init=he_uniform, bias_init=zeros, format=NCHW>
        >
      (7): gcn<
        (mlp): Conv2d<input_channels=224, output_channels=32, kernel_size=(1, 1), stride=(1, 1), pad_mode=valid, padding=0, dilation=(1, 1), group=1, has_bias=False, weight_init=he_uniform, bias_init=zeros, format=NCHW>
        >
      >
    (start_conv): Conv2d<input_channels=2, output_channels=32, kernel_size=(1, 1), stride=(1, 1), pad_mode=valid, padding=0, dilation=(1, 1), group=1, has_bias=False, weight_init=he_uniform, bias_init=zeros, format=NCHW>
    (end_conv_1): Conv2d<input_channels=256, output_channels=512, kernel_size=(1, 1), stride=(1, 1), pad_mode=valid, padding=0, dilation=(1, 1), group=1, has_bias=False, weight_init=he_uniform, bias_init=zeros, format=NCHW>
    (end_conv_2): Conv2d<input_channels=512, output_channels=12, kernel_size=(1, 1), stride=(1, 1), pad_mode=valid, padding=0, dilation=(1, 1), group=1, has_bias=False, weight_init=he_uniform, bias_init=zeros, format=NCHW>
    >
  >
2023-10-12 05:29:30,441 - INFO - network.nodevec1	(128, 10)	True
2023-10-12 05:29:30,441 - INFO - network.nodevec2	(10, 128)	True
2023-10-12 05:29:30,441 - INFO - network.filter_convs.0.weight	(32, 32, 1, 2)	True
2023-10-12 05:29:30,441 - INFO - network.filter_convs.1.weight	(32, 32, 1, 2)	True
2023-10-12 05:29:30,441 - INFO - network.filter_convs.2.weight	(32, 32, 1, 2)	True
2023-10-12 05:29:30,441 - INFO - network.filter_convs.3.weight	(32, 32, 1, 2)	True
2023-10-12 05:29:30,441 - INFO - network.filter_convs.4.weight	(32, 32, 1, 2)	True
2023-10-12 05:29:30,441 - INFO - network.filter_convs.5.weight	(32, 32, 1, 2)	True
2023-10-12 05:29:30,441 - INFO - network.filter_convs.6.weight	(32, 32, 1, 2)	True
2023-10-12 05:29:30,441 - INFO - network.filter_convs.7.weight	(32, 32, 1, 2)	True
2023-10-12 05:29:30,441 - INFO - network.gate_convs.0.weight	(32, 32, 1, 2)	True
2023-10-12 05:29:30,441 - INFO - network.gate_convs.1.weight	(32, 32, 1, 2)	True
2023-10-12 05:29:30,441 - INFO - network.gate_convs.2.weight	(32, 32, 1, 2)	True
2023-10-12 05:29:30,441 - INFO - network.gate_convs.3.weight	(32, 32, 1, 2)	True
2023-10-12 05:29:30,441 - INFO - network.gate_convs.4.weight	(32, 32, 1, 2)	True
2023-10-12 05:29:30,441 - INFO - network.gate_convs.5.weight	(32, 32, 1, 2)	True
2023-10-12 05:29:30,441 - INFO - network.gate_convs.6.weight	(32, 32, 1, 2)	True
2023-10-12 05:29:30,441 - INFO - network.gate_convs.7.weight	(32, 32, 1, 2)	True
2023-10-12 05:29:30,441 - INFO - network.residual_convs.0.weight	(32, 32, 1, 1)	True
2023-10-12 05:29:30,441 - INFO - network.residual_convs.1.weight	(32, 32, 1, 1)	True
2023-10-12 05:29:30,441 - INFO - network.residual_convs.2.weight	(32, 32, 1, 1)	True
2023-10-12 05:29:30,442 - INFO - network.residual_convs.3.weight	(32, 32, 1, 1)	True
2023-10-12 05:29:30,442 - INFO - network.residual_convs.4.weight	(32, 32, 1, 1)	True
2023-10-12 05:29:30,442 - INFO - network.residual_convs.5.weight	(32, 32, 1, 1)	True
2023-10-12 05:29:30,442 - INFO - network.residual_convs.6.weight	(32, 32, 1, 1)	True
2023-10-12 05:29:30,442 - INFO - network.residual_convs.7.weight	(32, 32, 1, 1)	True
2023-10-12 05:29:30,442 - INFO - network.skip_convs.0.weight	(256, 32, 1, 1)	True
2023-10-12 05:29:30,442 - INFO - network.skip_convs.1.weight	(256, 32, 1, 1)	True
2023-10-12 05:29:30,442 - INFO - network.skip_convs.2.weight	(256, 32, 1, 1)	True
2023-10-12 05:29:30,442 - INFO - network.skip_convs.3.weight	(256, 32, 1, 1)	True
2023-10-12 05:29:30,442 - INFO - network.skip_convs.4.weight	(256, 32, 1, 1)	True
2023-10-12 05:29:30,442 - INFO - network.skip_convs.5.weight	(256, 32, 1, 1)	True
2023-10-12 05:29:30,442 - INFO - network.skip_convs.6.weight	(256, 32, 1, 1)	True
2023-10-12 05:29:30,442 - INFO - network.skip_convs.7.weight	(256, 32, 1, 1)	True
2023-10-12 05:29:30,442 - INFO - network.bn.0.gamma	(32,)	True
2023-10-12 05:29:30,442 - INFO - network.bn.0.beta	(32,)	True
2023-10-12 05:29:30,442 - INFO - network.bn.1.gamma	(32,)	True
2023-10-12 05:29:30,442 - INFO - network.bn.1.beta	(32,)	True
2023-10-12 05:29:30,442 - INFO - network.bn.2.gamma	(32,)	True
2023-10-12 05:29:30,442 - INFO - network.bn.2.beta	(32,)	True
2023-10-12 05:29:30,442 - INFO - network.bn.3.gamma	(32,)	True
2023-10-12 05:29:30,442 - INFO - network.bn.3.beta	(32,)	True
2023-10-12 05:29:30,442 - INFO - network.bn.4.gamma	(32,)	True
2023-10-12 05:29:30,442 - INFO - network.bn.4.beta	(32,)	True
2023-10-12 05:29:30,442 - INFO - network.bn.5.gamma	(32,)	True
2023-10-12 05:29:30,442 - INFO - network.bn.5.beta	(32,)	True
2023-10-12 05:29:30,442 - INFO - network.bn.6.gamma	(32,)	True
2023-10-12 05:29:30,442 - INFO - network.bn.6.beta	(32,)	True
2023-10-12 05:29:30,442 - INFO - network.bn.7.gamma	(32,)	True
2023-10-12 05:29:30,443 - INFO - network.bn.7.beta	(32,)	True
2023-10-12 05:29:30,443 - INFO - network.gconv.0.mlp.weight	(32, 224, 1, 1)	True
2023-10-12 05:29:30,443 - INFO - network.gconv.1.mlp.weight	(32, 224, 1, 1)	True
2023-10-12 05:29:30,443 - INFO - network.gconv.2.mlp.weight	(32, 224, 1, 1)	True
2023-10-12 05:29:30,443 - INFO - network.gconv.3.mlp.weight	(32, 224, 1, 1)	True
2023-10-12 05:29:30,443 - INFO - network.gconv.4.mlp.weight	(32, 224, 1, 1)	True
2023-10-12 05:29:30,443 - INFO - network.gconv.5.mlp.weight	(32, 224, 1, 1)	True
2023-10-12 05:29:30,443 - INFO - network.gconv.6.mlp.weight	(32, 224, 1, 1)	True
2023-10-12 05:29:30,443 - INFO - network.gconv.7.mlp.weight	(32, 224, 1, 1)	True
2023-10-12 05:29:30,443 - INFO - network.start_conv.weight	(32, 2, 1, 1)	True
2023-10-12 05:29:30,443 - INFO - network.end_conv_1.weight	(512, 256, 1, 1)	True
2023-10-12 05:29:30,443 - INFO - network.end_conv_2.weight	(12, 512, 1, 1)	True
2023-10-12 05:29:30,443 - INFO - Total parameter numbers: 304192
2023-10-12 05:29:30,443 - INFO - You select `adam` optimizer.
2023-10-12 05:29:30,494 - WARNING - Received none train loss func and will use the loss func defined in the model.
2023-10-12 05:29:30,495 - INFO - Loaded model at /home/zhangwt/remote/M-Libcity/M_libcity/cache/1/model_cache/GWNET_NYCBike20140409.ckpt
2023-10-12 05:29:30,583 - INFO - Start evaluating ...
2023-10-12 05:29:43,027 - INFO - Note that you select the single mode to evaluate!
2023-10-12 05:29:43,060 - INFO - Evaluate result is saved at /home/zhangwt/remote/M-Libcity/M_libcity/cache/1/evaluate_cache/2023_10_12_05_29_43_GWNET_NYCBike20140409.csv
2023-10-12 05:29:43,146 - INFO - 
          MAE        MAPE       RMSE
1   3.7338755  0.25933123    6.29362
