2023-10-12 06:03:25,445 - INFO - Log directory: /home/zhangwt/remote/M-Libcity/M_libcity/log
2023-10-12 06:03:25,446 - INFO - Begin pipeline, task=traffic_state_pred, model_name=STG2Seq, dataset_name=NYCBike20140409, exp_id=1
2023-10-12 06:03:25,446 - INFO - {'task': 'traffic_state_pred', 'model': 'STG2Seq', 'dataset': 'NYCBike20140409', 'saved_model': True, 'train': False, 'batch_size': 64, 'exp_id': 1, 'dataset_class': 'TrafficStateGridDataset', 'executor': 'TrafficStateExecutor', 'evaluator': 'TrafficStateEvaluator', 'window': 3, 'dim_out': 32, 'ks': 3, 'bidir_adj_mx': True, 'scaler': 'minmax01', 'load_external': True, 'normal_external': False, 'ext_scaler': 'none', 'add_time_in_day': True, 'add_day_in_week': False, 'use_row_column': False, 'max_epoch': 150, 'learner': 'adam', 'learning_rate': 0.0007, 'lr_epsilon': 1e-07, 'lr_beta1': 0.8, 'lr_beta2': 0.999, 'lr_decay': False, 'clip_grad_norm': False, 'use_early_stop': False, 'cache_dataset': True, 'num_workers': 1, 'pad_with_last_sample': True, 'train_rate': 0.7, 'eval_rate': 0.1, 'input_window': 12, 'output_window': 12, 'gpu': True, 'gpu_id': 0, 'train_loss': 'none', 'epoch': 0, 'weight_decay': 0, 'lr_alpha': 0.99, 'lr_momentum': 0.0, 'lr_scheduler': 'multisteplr', 'lr_decay_ratio': 0.1, 'steps': [5, 20, 40, 70], 'step_size': 10, 'lr_T_max': 30, 'lr_eta_min': 0, 'lr_patience': 10, 'lr_threshold': 0.0001, 'max_grad_norm': 1.0, 'patience': 50, 'log_level': 'INFO', 'log_every': 1, 'load_best_epoch': True, 'hyper_tune': False, 'metrics': ['MAE', 'MAPE', 'RMSE'], 'evaluator_mode': 'single', 'save_mode': ['csv'], 'geo': {'including_types': ['Polygon'], 'Polygon': {'row_id': 'num', 'column_id': 'num'}}, 'grid': {'including_types': ['state'], 'state': {'row_id': 16, 'column_id': 8, 'new_flow': 'num', 'end_flow': 'num'}}, 'data_col': ['new_flow', 'end_flow'], 'data_files': ['NYCBIKE20140409'], 'geo_file': 'NYCBIKE20140409', 'output_dim': 2, 'time_intervals': 3600, 'init_weight_inf_or_zero': 'inf', 'set_weight_link_or_dist': 'dist', 'calculate_weight_adj': False, 'weight_adj_epsilon': 0.1}
2023-10-12 06:03:25,468 - INFO - Loaded file NYCBIKE20140409.geo, num_grids=128, grid_size=(16, 8)
2023-10-12 06:03:25,470 - INFO - Generate grid rel file, shape=(128, 128)
2023-10-12 06:03:25,473 - INFO - Loading /home/zhangwt/remote/M-Libcity/M_libcity/cache/dataset_cache/grid_based_NYCBike20140409_12_12_0.7_0.1_minmax01_64_True_True_False_True_False.npz
2023-10-12 06:03:26,199 - INFO - train	x: (3058, 12, 128, 3), y: (3058, 12, 128, 3)
2023-10-12 06:03:26,199 - INFO - eval	x: (437, 12, 128, 3), y: (437, 12, 128, 3)
2023-10-12 06:03:26,199 - INFO - test	x: (874, 12, 128, 3), y: (874, 12, 128, 3)
2023-10-12 06:03:26,321 - INFO - MinMax01Scaler max: 267.0, min: 0.0
2023-10-12 06:03:26,321 - INFO - NoneScaler
2023-10-12 06:03:29,817 - INFO - STG2Seq<
  (long_term_layer): SequentialCell<
    (0): ConvST<
      (align): Align<>
      >
    (1): BatchNorm2d<num_features=32, eps=1e-05, momentum=0.9, gamma=Parameter (name=long_term_layer.1.gamma, shape=(32,), dtype=Float32, requires_grad=True), beta=Parameter (name=long_term_layer.1.beta, shape=(32,), dtype=Float32, requires_grad=True), moving_mean=Parameter (name=long_term_layer.1.moving_mean, shape=(32,), dtype=Float32, requires_grad=False), moving_variance=Parameter (name=long_term_layer.1.moving_variance, shape=(32,), dtype=Float32, requires_grad=False)>
    (2): ConvST<
      (align): Align<>
      >
    (3): BatchNorm2d<num_features=32, eps=1e-05, momentum=0.9, gamma=Parameter (name=long_term_layer.3.gamma, shape=(32,), dtype=Float32, requires_grad=True), beta=Parameter (name=long_term_layer.3.beta, shape=(32,), dtype=Float32, requires_grad=True), moving_mean=Parameter (name=long_term_layer.3.moving_mean, shape=(32,), dtype=Float32, requires_grad=False), moving_variance=Parameter (name=long_term_layer.3.moving_variance, shape=(32,), dtype=Float32, requires_grad=False)>
    (4): ConvST<
      (align): Align<>
      >
    (5): BatchNorm2d<num_features=32, eps=1e-05, momentum=0.9, gamma=Parameter (name=long_term_layer.5.gamma, shape=(32,), dtype=Float32, requires_grad=True), beta=Parameter (name=long_term_layer.5.beta, shape=(32,), dtype=Float32, requires_grad=True), moving_mean=Parameter (name=long_term_layer.5.moving_mean, shape=(32,), dtype=Float32, requires_grad=False), moving_variance=Parameter (name=long_term_layer.5.moving_variance, shape=(32,), dtype=Float32, requires_grad=False)>
    (6): ConvST<
      (align): Align<>
      >
    (7): BatchNorm2d<num_features=32, eps=1e-05, momentum=0.9, gamma=Parameter (name=long_term_layer.7.gamma, shape=(32,), dtype=Float32, requires_grad=True), beta=Parameter (name=long_term_layer.7.beta, shape=(32,), dtype=Float32, requires_grad=True), moving_mean=Parameter (name=long_term_layer.7.moving_mean, shape=(32,), dtype=Float32, requires_grad=False), moving_variance=Parameter (name=long_term_layer.7.moving_variance, shape=(32,), dtype=Float32, requires_grad=False)>
    (8): ConvST<
      (align): Align<>
      >
    (9): BatchNorm2d<num_features=32, eps=1e-05, momentum=0.9, gamma=Parameter (name=long_term_layer.9.gamma, shape=(32,), dtype=Float32, requires_grad=True), beta=Parameter (name=long_term_layer.9.beta, shape=(32,), dtype=Float32, requires_grad=True), moving_mean=Parameter (name=long_term_layer.9.moving_mean, shape=(32,), dtype=Float32, requires_grad=False), moving_variance=Parameter (name=long_term_layer.9.moving_variance, shape=(32,), dtype=Float32, requires_grad=False)>
    (10): ConvST<
      (align): Align<>
      >
    (11): BatchNorm2d<num_features=32, eps=1e-05, momentum=0.9, gamma=Parameter (name=long_term_layer.11.gamma, shape=(32,), dtype=Float32, requires_grad=True), beta=Parameter (name=long_term_layer.11.beta, shape=(32,), dtype=Float32, requires_grad=True), moving_mean=Parameter (name=long_term_layer.11.moving_mean, shape=(32,), dtype=Float32, requires_grad=False), moving_variance=Parameter (name=long_term_layer.11.moving_variance, shape=(32,), dtype=Float32, requires_grad=False)>
    >
  (short_term_gcn): SequentialCell<
    (0): ConvST<
      (align): Align<>
      >
    (1): BatchNorm2d<num_features=32, eps=1e-05, momentum=0.9, gamma=Parameter (name=short_term_gcn.1.gamma, shape=(32,), dtype=Float32, requires_grad=True), beta=Parameter (name=short_term_gcn.1.beta, shape=(32,), dtype=Float32, requires_grad=True), moving_mean=Parameter (name=short_term_gcn.1.moving_mean, shape=(32,), dtype=Float32, requires_grad=False), moving_variance=Parameter (name=short_term_gcn.1.moving_variance, shape=(32,), dtype=Float32, requires_grad=False)>
    (2): ConvST<
      (align): Align<>
      >
    (3): BatchNorm2d<num_features=32, eps=1e-05, momentum=0.9, gamma=Parameter (name=short_term_gcn.3.gamma, shape=(32,), dtype=Float32, requires_grad=True), beta=Parameter (name=short_term_gcn.3.beta, shape=(32,), dtype=Float32, requires_grad=True), moving_mean=Parameter (name=short_term_gcn.3.moving_mean, shape=(32,), dtype=Float32, requires_grad=False), moving_variance=Parameter (name=short_term_gcn.3.moving_variance, shape=(32,), dtype=Float32, requires_grad=False)>
    (4): ConvST<
      (align): Align<>
      >
    (5): BatchNorm2d<num_features=32, eps=1e-05, momentum=0.9, gamma=Parameter (name=short_term_gcn.5.gamma, shape=(32,), dtype=Float32, requires_grad=True), beta=Parameter (name=short_term_gcn.5.beta, shape=(32,), dtype=Float32, requires_grad=True), moving_mean=Parameter (name=short_term_gcn.5.moving_mean, shape=(32,), dtype=Float32, requires_grad=False), moving_variance=Parameter (name=short_term_gcn.5.moving_variance, shape=(32,), dtype=Float32, requires_grad=False)>
    >
  (attention_t): AttentionT<>
  (attention_c_1): AttentionC<>
  (attention_c_2): AttentionC<>
  (loss_fn): MSELoss<>
  >
2023-10-12 06:03:29,819 - INFO - long_term_layer.0.weights	(64, 18)	True
2023-10-12 06:03:29,819 - INFO - long_term_layer.0.biases	(64,)	True
2023-10-12 06:03:29,819 - INFO - long_term_layer.1.gamma	(32,)	True
2023-10-12 06:03:29,819 - INFO - long_term_layer.1.beta	(32,)	True
2023-10-12 06:03:29,819 - INFO - long_term_layer.2.weights	(64, 288)	True
2023-10-12 06:03:29,819 - INFO - long_term_layer.2.biases	(64,)	True
2023-10-12 06:03:29,819 - INFO - long_term_layer.3.gamma	(32,)	True
2023-10-12 06:03:29,819 - INFO - long_term_layer.3.beta	(32,)	True
2023-10-12 06:03:29,819 - INFO - long_term_layer.4.weights	(64, 288)	True
2023-10-12 06:03:29,819 - INFO - long_term_layer.4.biases	(64,)	True
2023-10-12 06:03:29,819 - INFO - long_term_layer.5.gamma	(32,)	True
2023-10-12 06:03:29,820 - INFO - long_term_layer.5.beta	(32,)	True
2023-10-12 06:03:29,820 - INFO - long_term_layer.6.weights	(64, 288)	True
2023-10-12 06:03:29,820 - INFO - long_term_layer.6.biases	(64,)	True
2023-10-12 06:03:29,820 - INFO - long_term_layer.7.gamma	(32,)	True
2023-10-12 06:03:29,820 - INFO - long_term_layer.7.beta	(32,)	True
2023-10-12 06:03:29,820 - INFO - long_term_layer.8.weights	(64, 288)	True
2023-10-12 06:03:29,820 - INFO - long_term_layer.8.biases	(64,)	True
2023-10-12 06:03:29,820 - INFO - long_term_layer.9.gamma	(32,)	True
2023-10-12 06:03:29,820 - INFO - long_term_layer.9.beta	(32,)	True
2023-10-12 06:03:29,820 - INFO - long_term_layer.10.weights	(64, 192)	True
2023-10-12 06:03:29,820 - INFO - long_term_layer.10.biases	(64,)	True
2023-10-12 06:03:29,820 - INFO - long_term_layer.11.gamma	(32,)	True
2023-10-12 06:03:29,820 - INFO - long_term_layer.11.beta	(32,)	True
2023-10-12 06:03:29,820 - INFO - short_term_gcn.0.weights	(64, 18)	True
2023-10-12 06:03:29,820 - INFO - short_term_gcn.0.biases	(64,)	True
2023-10-12 06:03:29,820 - INFO - short_term_gcn.1.gamma	(32,)	True
2023-10-12 06:03:29,820 - INFO - short_term_gcn.1.beta	(32,)	True
2023-10-12 06:03:29,820 - INFO - short_term_gcn.2.weights	(64, 288)	True
2023-10-12 06:03:29,820 - INFO - short_term_gcn.2.biases	(64,)	True
2023-10-12 06:03:29,821 - INFO - short_term_gcn.3.gamma	(32,)	True
2023-10-12 06:03:29,821 - INFO - short_term_gcn.3.beta	(32,)	True
2023-10-12 06:03:29,821 - INFO - short_term_gcn.4.weights	(64, 288)	True
2023-10-12 06:03:29,821 - INFO - short_term_gcn.4.biases	(64,)	True
2023-10-12 06:03:29,821 - INFO - short_term_gcn.5.gamma	(32,)	True
2023-10-12 06:03:29,821 - INFO - short_term_gcn.5.beta	(32,)	True
2023-10-12 06:03:29,821 - INFO - attention_t.weight1	(15, 4096, 1)	True
2023-10-12 06:03:29,821 - INFO - attention_t.weight2	(1, 15)	True
2023-10-12 06:03:29,821 - INFO - attention_t.bias	(15,)	True
2023-10-12 06:03:29,821 - INFO - attention_c_1.weight1	(32, 128, 1)	True
2023-10-12 06:03:29,821 - INFO - attention_c_1.weight2	(1, 32)	True
2023-10-12 06:03:29,821 - INFO - attention_c_1.bias	(32,)	True
2023-10-12 06:03:29,821 - INFO - attention_c_2.weight1	(32, 128, 1)	True
2023-10-12 06:03:29,821 - INFO - attention_c_2.weight2	(1, 32)	True
2023-10-12 06:03:29,821 - INFO - attention_c_2.bias	(32,)	True
2023-10-12 06:03:29,822 - INFO - Total parameter numbers: 196126
2023-10-12 06:03:29,822 - INFO - You select `adam` optimizer.
2023-10-12 06:03:30,255 - WARNING - Received none train loss func and will use the loss func defined in the model.
2023-10-12 06:03:30,256 - INFO - Loaded model at /home/zhangwt/remote/M-Libcity/M_libcity/cache/1/model_cache/STG2Seq_NYCBike20140409.ckpt
2023-10-12 06:03:30,422 - INFO - Start evaluating ...
2023-10-12 06:03:36,558 - INFO - Note that you select the single mode to evaluate!
2023-10-12 06:03:36,601 - INFO - Evaluate result is saved at /home/zhangwt/remote/M-Libcity/M_libcity/cache/1/evaluate_cache/2023_10_12_06_03_36_STG2Seq_NYCBike20140409.csv
2023-10-12 06:03:36,613 - INFO - 
          MAE        MAPE        RMSE
1    3.862599  0.34205446   7.0310044
