nohup: ignoring input
[WARNING] ME(1792544:140547236038464,MainProcess):2024-09-07-03:27:42.556.087 [mindspore/run_check/_check_version.py:348] Using custom Ascend AI software package (Ascend Data Center Solution) path, package version checking is skipped. Please make sure Ascend AI software package (Ascend Data Center Solution) version is supported. For details, refer to the installation guidelines https://www.mindspore.cn/install
[WARNING] ME(1792544:140547236038464,MainProcess):2024-09-07-03:27:42.556.299 [mindspore/run_check/_check_version.py:466] Can not find driver so(need by mindspore-ascend). Please check whether the Environment Variable LD_LIBRARY_PATH is set. For details, refer to the installation guidelines: https://www.mindspore.cn/install
{}
{'BATCH_NUM_PER_CLASS': 19,
 'CLASS_NUM': 5,
 'DEVICE_ID': 3,
 'EPISODE': 300000,
 'FEATURE_DIM': 64,
 'HIDDEN_UNIT': 10,
 'LEARNING_RATE': 0.001,
 'PRINT_FREQUENCY': 100,
 'RELATION_DIM': 8,
 'SAMPLE_NUM_PER_CLASS': 1,
 'TEST_EPISODE': 100,
 'TEST_FREQUENCY': 300,
 'ckpt_file': '',
 'config_path': '/media/data1/xidian/wcx/RelationNet/model_utils/../default_config.yaml',
 'device_target': 'Ascend',
 'enable_modelarts': False,
 'encoder_checkpoint': 'omniglot_feature_encoder.ckpt',
 'file_format': 'MINDIR',
 'file_name': 'net',
 'image_height': 28,
 'image_width': 28,
 'model_root': 'checkpoints',
 'relation_checkpoint': 'omniglot_relation_network.ckpt'}
Please check the above information for the configurations
Training...
episode:100    loss:0.10610510    Time of train one episode:62.903ms
episode:200    loss:0.07776772    Time of train one episode:62.420ms
episode:300    loss:0.06913537    Time of train one episode:67.289ms
Testing...
Time of test one episode:465.195ms
test accuracy:85.2000%


save networks for episode: 299
episode:400    loss:0.06759958    Time of train one episode:63.848ms
episode:500    loss:0.05992245    Time of train one episode:63.963ms
episode:600    loss:0.05625570    Time of train one episode:61.414ms
Testing...
Time of test one episode:15.227ms
test accuracy:89.6000%


save networks for episode: 599
episode:700    loss:0.09125424    Time of train one episode:62.076ms
episode:800    loss:0.04855084    Time of train one episode:62.530ms
episode:900    loss:0.05098319    Time of train one episode:61.117ms
Testing...
Time of test one episode:14.781ms
test accuracy:92.0000%


save networks for episode: 899
episode:1000    loss:0.06669273    Time of train one episode:66.202ms
episode:1100    loss:0.07038829    Time of train one episode:62.875ms
episode:1200    loss:0.04047505    Time of train one episode:62.573ms
Testing...
Time of test one episode:16.615ms
test accuracy:90.6000%

episode:1300    loss:0.03493024    Time of train one episode:61.486ms
episode:1400    loss:0.05602298    Time of train one episode:64.065ms
episode:1500    loss:0.03810166    Time of train one episode:66.208ms
Testing...
Time of test one episode:17.543ms
test accuracy:93.8000%


save networks for episode: 1499
episode:1600    loss:0.02954916    Time of train one episode:70.132ms
episode:1700    loss:0.03192778    Time of train one episode:65.339ms
episode:1800    loss:0.03231419    Time of train one episode:65.090ms
Testing...
Time of test one episode:15.902ms
test accuracy:93.8000%

episode:1900    loss:0.03307483    Time of train one episode:64.354ms
episode:2000    loss:0.02696065    Time of train one episode:58.856ms
episode:2100    loss:0.04741633    Time of train one episode:57.775ms
Testing...
Time of test one episode:15.855ms
test accuracy:95.4000%


save networks for episode: 2099
episode:2200    loss:0.05730955    Time of train one episode:65.676ms
episode:2300    loss:0.06546604    Time of train one episode:61.006ms
episode:2400    loss:0.01965399    Time of train one episode:55.480ms
Testing...
Time of test one episode:15.706ms
test accuracy:94.8000%

episode:2500    loss:0.02827102    Time of train one episode:61.003ms
episode:2600    loss:0.02262435    Time of train one episode:62.969ms
episode:2700    loss:0.03397056    Time of train one episode:58.362ms
Testing...
Time of test one episode:14.220ms
test accuracy:96.2000%


save networks for episode: 2699
episode:2800    loss:0.02906618    Time of train one episode:56.431ms
episode:2900    loss:0.02472521    Time of train one episode:61.466ms
episode:3000    loss:0.03777991    Time of train one episode:68.485ms
Testing...
Time of test one episode:15.929ms
test accuracy:96.0000%

episode:3100    loss:0.04878314    Time of train one episode:73.071ms
episode:3200    loss:0.01915446    Time of train one episode:64.237ms
episode:3300    loss:0.02949131    Time of train one episode:65.551ms
Testing...
Time of test one episode:16.365ms
test accuracy:95.0000%

episode:3400    loss:0.02782940    Time of train one episode:64.338ms
episode:3500    loss:0.00854620    Time of train one episode:63.654ms
episode:3600    loss:0.02478750    Time of train one episode:62.834ms
Testing...
Time of test one episode:16.749ms
test accuracy:97.0000%


save networks for episode: 3599
episode:3700    loss:0.01903974    Time of train one episode:68.088ms
episode:3800    loss:0.02577345    Time of train one episode:66.428ms
episode:3900    loss:0.02136967    Time of train one episode:63.285ms
Testing...
Time of test one episode:17.203ms
test accuracy:96.2000%

episode:4000    loss:0.02435970    Time of train one episode:73.762ms
episode:4100    loss:0.05785536    Time of train one episode:91.840ms
episode:4200    loss:0.06147919    Time of train one episode:77.285ms
Testing...
Time of test one episode:17.273ms
test accuracy:95.6000%

episode:4300    loss:0.02586806    Time of train one episode:64.522ms
episode:4400    loss:0.03890410    Time of train one episode:71.477ms
episode:4500    loss:0.04253124    Time of train one episode:57.813ms
Testing...
Time of test one episode:16.820ms
test accuracy:97.4000%


save networks for episode: 4499
episode:4600    loss:0.01836886    Time of train one episode:64.470ms
episode:4700    loss:0.01795344    Time of train one episode:69.876ms
episode:4800    loss:0.01744294    Time of train one episode:58.510ms
Testing...
Time of test one episode:14.724ms
test accuracy:98.6000%


save networks for episode: 4799
episode:4900    loss:0.02736529    Time of train one episode:65.702ms
episode:5000    loss:0.01584602    Time of train one episode:67.726ms
episode:5100    loss:0.03786744    Time of train one episode:61.682ms
Testing...
Time of test one episode:14.985ms
test accuracy:97.6000%

episode:5200    loss:0.01228095    Time of train one episode:62.207ms
episode:5300    loss:0.04350884    Time of train one episode:80.635ms
episode:5400    loss:0.00515589    Time of train one episode:67.966ms
Testing...
Time of test one episode:14.153ms
test accuracy:98.6000%

episode:5500    loss:0.01284436    Time of train one episode:64.098ms
episode:5600    loss:0.02787471    Time of train one episode:61.547ms
episode:5700    loss:0.00774197    Time of train one episode:67.266ms
Testing...
Time of test one episode:14.814ms
test accuracy:97.4000%

episode:5800    loss:0.01424745    Time of train one episode:66.095ms
episode:5900    loss:0.01383277    Time of train one episode:65.564ms
episode:6000    loss:0.02667785    Time of train one episode:63.154ms
Testing...
Time of test one episode:14.674ms
test accuracy:97.2000%

episode:6100    loss:0.01029636    Time of train one episode:61.415ms
episode:6200    loss:0.03738882    Time of train one episode:66.182ms
episode:6300    loss:0.00253440    Time of train one episode:60.495ms
Testing...
Time of test one episode:15.099ms
test accuracy:98.6000%

episode:6400    loss:0.07159190    Time of train one episode:59.692ms
episode:6500    loss:0.04360440    Time of train one episode:60.069ms
episode:6600    loss:0.05365136    Time of train one episode:62.498ms
Testing...
Time of test one episode:17.664ms
test accuracy:98.6000%

episode:6700    loss:0.03337466    Time of train one episode:58.013ms
episode:6800    loss:0.01902192    Time of train one episode:60.392ms
episode:6900    loss:0.01491196    Time of train one episode:68.898ms
Testing...
Time of test one episode:17.874ms
test accuracy:97.6000%

episode:7000    loss:0.02988263    Time of train one episode:59.417ms
episode:7100    loss:0.02166646    Time of train one episode:62.838ms
episode:7200    loss:0.00970218    Time of train one episode:62.912ms
Testing...
Time of test one episode:16.983ms
test accuracy:98.2000%

episode:7300    loss:0.00730457    Time of train one episode:61.353ms
episode:7400    loss:0.02069258    Time of train one episode:65.083ms
episode:7500    loss:0.07458945    Time of train one episode:67.274ms
Testing...
Time of test one episode:17.277ms
test accuracy:97.4000%

episode:7600    loss:0.03776809    Time of train one episode:63.041ms
episode:7700    loss:0.00298080    Time of train one episode:68.391ms
episode:7800    loss:0.00661578    Time of train one episode:64.905ms
Testing...
Time of test one episode:15.654ms
test accuracy:97.4000%

episode:7900    loss:0.03184297    Time of train one episode:60.438ms
episode:8000    loss:0.00715412    Time of train one episode:61.176ms
episode:8100    loss:0.00716007    Time of train one episode:65.500ms
Testing...
Time of test one episode:15.804ms
test accuracy:98.4000%

episode:8200    loss:0.02110707    Time of train one episode:60.687ms
episode:8300    loss:0.01185890    Time of train one episode:63.216ms
episode:8400    loss:0.01539198    Time of train one episode:63.666ms
Testing...
Time of test one episode:15.331ms
test accuracy:97.6000%

episode:8500    loss:0.01847566    Time of train one episode:57.109ms
episode:8600    loss:0.02093911    Time of train one episode:78.464ms
episode:8700    loss:0.02536353    Time of train one episode:61.083ms
Testing...
Time of test one episode:18.343ms
test accuracy:97.4000%

episode:8800    loss:0.01365327    Time of train one episode:60.575ms
episode:8900    loss:0.03019798    Time of train one episode:66.518ms
episode:9000    loss:0.01863140    Time of train one episode:75.381ms
Testing...
Time of test one episode:19.818ms
test accuracy:98.8000%


save networks for episode: 8999
episode:9100    loss:0.00948524    Time of train one episode:63.482ms
episode:9200    loss:0.00609703    Time of train one episode:79.799ms
episode:9300    loss:0.02456651    Time of train one episode:68.428ms
Testing...
Time of test one episode:19.014ms
test accuracy:97.6000%

episode:9400    loss:0.01527778    Time of train one episode:67.095ms
episode:9500    loss:0.01014250    Time of train one episode:63.398ms
episode:9600    loss:0.00695454    Time of train one episode:64.034ms
Testing...
Time of test one episode:17.410ms
test accuracy:98.4000%

episode:9700    loss:0.00905977    Time of train one episode:62.200ms
episode:9800    loss:0.00535157    Time of train one episode:65.689ms
episode:9900    loss:0.00625800    Time of train one episode:71.638ms
Testing...
Time of test one episode:17.032ms
test accuracy:98.2000%

episode:10000    loss:0.00089939    Time of train one episode:61.978ms
episode:10100    loss:0.00423999    Time of train one episode:61.437ms
episode:10200    loss:0.00834844    Time of train one episode:70.396ms
Testing...
Time of test one episode:16.473ms
test accuracy:99.0000%


save networks for episode: 10199
episode:10300    loss:0.01358973    Time of train one episode:61.370ms
episode:10400    loss:0.01768638    Time of train one episode:63.525ms
episode:10500    loss:0.01818815    Time of train one episode:64.421ms
Testing...
Time of test one episode:17.999ms
test accuracy:97.8000%

episode:10600    loss:0.03977703    Time of train one episode:63.748ms
episode:10700    loss:0.03553331    Time of train one episode:63.061ms
episode:10800    loss:0.00839387    Time of train one episode:67.379ms
Testing...
Time of test one episode:18.870ms
test accuracy:98.4000%

episode:10900    loss:0.01812585    Time of train one episode:68.485ms
episode:11000    loss:0.00234559    Time of train one episode:64.609ms
episode:11100    loss:0.02574680    Time of train one episode:76.494ms
Testing...
Time of test one episode:17.116ms
test accuracy:98.8000%

episode:11200    loss:0.00406565    Time of train one episode:62.900ms
episode:11300    loss:0.01965481    Time of train one episode:63.678ms
episode:11400    loss:0.00851556    Time of train one episode:67.659ms
Testing...
Time of test one episode:17.890ms
test accuracy:97.6000%

episode:11500    loss:0.10342661    Time of train one episode:64.612ms
episode:11600    loss:0.00227582    Time of train one episode:64.202ms
episode:11700    loss:0.01423509    Time of train one episode:65.920ms
Testing...
Time of test one episode:18.261ms
test accuracy:98.6000%

episode:11800    loss:0.01615301    Time of train one episode:61.200ms
episode:11900    loss:0.03350063    Time of train one episode:64.177ms
episode:12000    loss:0.00127469    Time of train one episode:67.720ms
Testing...
Time of test one episode:17.076ms
test accuracy:97.8000%

episode:12100    loss:0.00337534    Time of train one episode:61.413ms
episode:12200    loss:0.00852268    Time of train one episode:68.850ms
episode:12300    loss:0.01571189    Time of train one episode:70.239ms
Testing...
Time of test one episode:16.781ms
test accuracy:98.8000%

episode:12400    loss:0.03294965    Time of train one episode:63.974ms
episode:12500    loss:0.01462338    Time of train one episode:75.792ms
episode:12600    loss:0.00240065    Time of train one episode:66.880ms
Testing...
Time of test one episode:16.713ms
test accuracy:98.2000%

episode:12700    loss:0.00421550    Time of train one episode:58.440ms
episode:12800    loss:0.00330028    Time of train one episode:67.522ms
episode:12900    loss:0.04319382    Time of train one episode:62.741ms
Testing...
Time of test one episode:17.800ms
test accuracy:98.6000%

episode:13000    loss:0.00629001    Time of train one episode:55.862ms
episode:13100    loss:0.04872850    Time of train one episode:64.340ms
episode:13200    loss:0.01229572    Time of train one episode:70.111ms
Testing...
Time of test one episode:15.953ms
test accuracy:98.2000%

episode:13300    loss:0.00832354    Time of train one episode:61.020ms
episode:13400    loss:0.00519656    Time of train one episode:61.452ms
episode:13500    loss:0.00129221    Time of train one episode:65.910ms
Testing...
Time of test one episode:16.619ms
test accuracy:98.4000%

episode:13600    loss:0.00137839    Time of train one episode:59.966ms
episode:13700    loss:0.00511559    Time of train one episode:63.962ms
episode:13800    loss:0.04955303    Time of train one episode:76.833ms
Testing...
Time of test one episode:17.741ms
test accuracy:99.4000%


save networks for episode: 13799
episode:13900    loss:0.00771553    Time of train one episode:57.144ms
episode:14000    loss:0.02413035    Time of train one episode:64.391ms
episode:14100    loss:0.01118255    Time of train one episode:65.351ms
Testing...
Time of test one episode:17.174ms
test accuracy:98.0000%

episode:14200    loss:0.01208668    Time of train one episode:61.595ms
episode:14300    loss:0.01699893    Time of train one episode:66.618ms
episode:14400    loss:0.00373454    Time of train one episode:84.947ms
Testing...
Time of test one episode:17.352ms
test accuracy:98.6000%

episode:14500    loss:0.01213912    Time of train one episode:63.433ms
episode:14600    loss:0.02389294    Time of train one episode:67.815ms
episode:14700    loss:0.00565547    Time of train one episode:71.229ms
Testing...
Time of test one episode:16.394ms
test accuracy:98.4000%

episode:14800    loss:0.00932568    Time of train one episode:59.851ms
episode:14900    loss:0.01694121    Time of train one episode:60.272ms
episode:15000    loss:0.00429966    Time of train one episode:71.735ms
Testing...
Time of test one episode:17.079ms
test accuracy:98.4000%

episode:15100    loss:0.01590949    Time of train one episode:61.830ms
episode:15200    loss:0.00864112    Time of train one episode:60.186ms
episode:15300    loss:0.01280545    Time of train one episode:65.239ms
Testing...
Time of test one episode:19.929ms
test accuracy:98.2000%

episode:15400    loss:0.00372834    Time of train one episode:68.750ms
episode:15500    loss:0.03076651    Time of train one episode:62.991ms
episode:15600    loss:0.02529479    Time of train one episode:63.223ms
Testing...
Time of test one episode:19.485ms
test accuracy:99.0000%

episode:15700    loss:0.02531045    Time of train one episode:66.591ms
episode:15800    loss:0.01346928    Time of train one episode:62.637ms
episode:15900    loss:0.00317175    Time of train one episode:79.324ms
Testing...
Time of test one episode:19.117ms
test accuracy:97.6000%

episode:16000    loss:0.00362958    Time of train one episode:59.730ms
episode:16100    loss:0.00971209    Time of train one episode:59.263ms
episode:16200    loss:0.02541725    Time of train one episode:70.026ms
Testing...
Time of test one episode:19.242ms
test accuracy:98.4000%

episode:16300    loss:0.01648317    Time of train one episode:65.157ms
episode:16400    loss:0.00991578    Time of train one episode:59.720ms
episode:16500    loss:0.04436881    Time of train one episode:61.338ms
Testing...
Time of test one episode:17.767ms
test accuracy:98.0000%

episode:16600    loss:0.06136277    Time of train one episode:60.125ms
episode:16700    loss:0.00296971    Time of train one episode:61.475ms
episode:16800    loss:0.04153206    Time of train one episode:60.976ms
Testing...
Time of test one episode:18.602ms
test accuracy:97.2000%

episode:16900    loss:0.00748621    Time of train one episode:61.807ms
episode:17000    loss:0.01277683    Time of train one episode:65.777ms
episode:17100    loss:0.01257276    Time of train one episode:63.694ms
Testing...
Time of test one episode:18.255ms
test accuracy:98.0000%

episode:17200    loss:0.00900889    Time of train one episode:57.249ms
episode:17300    loss:0.01656114    Time of train one episode:57.385ms
episode:17400    loss:0.00599919    Time of train one episode:62.877ms
Testing...
Time of test one episode:16.719ms
test accuracy:98.6000%

episode:17500    loss:0.01422833    Time of train one episode:59.179ms
episode:17600    loss:0.00656996    Time of train one episode:59.135ms
episode:17700    loss:0.00989703    Time of train one episode:55.508ms
Testing...
Time of test one episode:15.338ms
test accuracy:98.2000%

episode:17800    loss:0.01299348    Time of train one episode:66.649ms
episode:17900    loss:0.01164032    Time of train one episode:59.399ms
episode:18000    loss:0.00728679    Time of train one episode:58.895ms
Testing...
Time of test one episode:15.278ms
test accuracy:98.8000%

episode:18100    loss:0.01027750    Time of train one episode:68.144ms
episode:18200    loss:0.00843523    Time of train one episode:60.255ms
episode:18300    loss:0.00285364    Time of train one episode:62.070ms
Testing...
Time of test one episode:14.757ms
test accuracy:98.6000%

episode:18400    loss:0.04481907    Time of train one episode:69.189ms
episode:18500    loss:0.00051155    Time of train one episode:65.162ms
episode:18600    loss:0.00551932    Time of train one episode:62.067ms
Testing...
Time of test one episode:15.242ms
test accuracy:98.0000%

episode:18700    loss:0.00739494    Time of train one episode:60.731ms
episode:18800    loss:0.00851281    Time of train one episode:67.879ms
episode:18900    loss:0.00418755    Time of train one episode:65.143ms
Testing...
Time of test one episode:15.516ms
test accuracy:99.0000%

episode:19000    loss:0.05550633    Time of train one episode:63.364ms
episode:19100    loss:0.00361223    Time of train one episode:66.022ms
episode:19200    loss:0.01027611    Time of train one episode:66.312ms
Testing...
Time of test one episode:16.358ms
test accuracy:98.6000%

episode:19300    loss:0.00960271    Time of train one episode:70.676ms
episode:19400    loss:0.00809395    Time of train one episode:64.835ms
episode:19500    loss:0.02241375    Time of train one episode:64.502ms
Testing...
Time of test one episode:16.516ms
test accuracy:99.0000%

episode:19600    loss:0.00614549    Time of train one episode:68.795ms
episode:19700    loss:0.01916564    Time of train one episode:71.008ms
episode:19800    loss:0.00588528    Time of train one episode:59.898ms
Testing...
Time of test one episode:15.432ms
test accuracy:98.4000%

episode:19900    loss:0.00701219    Time of train one episode:83.029ms
episode:20000    loss:0.01515070    Time of train one episode:63.246ms
episode:20100    loss:0.00064109    Time of train one episode:61.104ms
Testing...
Time of test one episode:17.368ms
test accuracy:98.2000%

episode:20200    loss:0.01056717    Time of train one episode:66.089ms
episode:20300    loss:0.01858287    Time of train one episode:59.921ms
episode:20400    loss:0.00490958    Time of train one episode:66.700ms
Testing...
Time of test one episode:16.141ms
test accuracy:97.6000%

episode:20500    loss:0.00881513    Time of train one episode:77.560ms
episode:20600    loss:0.01646267    Time of train one episode:64.704ms
episode:20700    loss:0.00385140    Time of train one episode:59.519ms
Testing...
Time of test one episode:16.688ms
test accuracy:98.6000%

episode:20800    loss:0.00978223    Time of train one episode:72.304ms
episode:20900    loss:0.00676800    Time of train one episode:69.242ms
episode:21000    loss:0.01956324    Time of train one episode:68.678ms
Testing...
Time of test one episode:16.364ms
test accuracy:98.8000%

episode:21100    loss:0.01356107    Time of train one episode:70.369ms
episode:21200    loss:0.01748249    Time of train one episode:66.522ms
episode:21300    loss:0.01965573    Time of train one episode:62.979ms
Testing...
Time of test one episode:16.253ms
test accuracy:98.4000%

episode:21400    loss:0.01410438    Time of train one episode:69.437ms
episode:21500    loss:0.01171480    Time of train one episode:62.817ms
episode:21600    loss:0.00057788    Time of train one episode:64.784ms
Testing...
Time of test one episode:15.827ms
test accuracy:98.2000%

episode:21700    loss:0.02860106    Time of train one episode:64.554ms
episode:21800    loss:0.01908742    Time of train one episode:62.313ms
episode:21900    loss:0.02725638    Time of train one episode:61.401ms
Testing...
Time of test one episode:16.969ms
test accuracy:98.8000%

episode:22000    loss:0.00278554    Time of train one episode:65.080ms
episode:22100    loss:0.03431268    Time of train one episode:63.174ms
episode:22200    loss:0.06737736    Time of train one episode:66.361ms
Testing...
Time of test one episode:16.461ms
test accuracy:98.6000%

episode:22300    loss:0.00817194    Time of train one episode:60.548ms
episode:22400    loss:0.01939185    Time of train one episode:59.566ms
episode:22500    loss:0.00537222    Time of train one episode:58.650ms
Testing...
Time of test one episode:14.621ms
test accuracy:98.6000%

episode:22600    loss:0.02616009    Time of train one episode:64.722ms
episode:22700    loss:0.06394698    Time of train one episode:62.413ms
episode:22800    loss:0.00564399    Time of train one episode:65.062ms
Testing...
Time of test one episode:14.861ms
test accuracy:98.6000%

episode:22900    loss:0.01658229    Time of train one episode:61.383ms
episode:23000    loss:0.00152711    Time of train one episode:61.887ms
episode:23100    loss:0.01293014    Time of train one episode:58.134ms
Testing...
Time of test one episode:15.517ms
test accuracy:97.4000%

episode:23200    loss:0.04148704    Time of train one episode:68.488ms
episode:23300    loss:0.03548210    Time of train one episode:71.400ms
episode:23400    loss:0.03305555    Time of train one episode:60.995ms
Testing...
Time of test one episode:16.943ms
test accuracy:98.4000%

episode:23500    loss:0.00673051    Time of train one episode:66.837ms
episode:23600    loss:0.00798315    Time of train one episode:63.552ms
episode:23700    loss:0.01025370    Time of train one episode:63.465ms
Testing...
Time of test one episode:16.276ms
test accuracy:97.8000%

episode:23800    loss:0.06795618    Time of train one episode:69.235ms
episode:23900    loss:0.01035705    Time of train one episode:72.194ms
episode:24000    loss:0.01011757    Time of train one episode:62.606ms
Testing...
Time of test one episode:16.926ms
test accuracy:97.8000%

episode:24100    loss:0.00733367    Time of train one episode:69.152ms
episode:24200    loss:0.00403516    Time of train one episode:75.493ms
episode:24300    loss:0.01894831    Time of train one episode:61.078ms
Testing...
Time of test one episode:16.868ms
test accuracy:97.4000%

episode:24400    loss:0.00310464    Time of train one episode:70.905ms
episode:24500    loss:0.00060508    Time of train one episode:64.774ms
episode:24600    loss:0.00735233    Time of train one episode:64.361ms
Testing...
Time of test one episode:17.974ms
test accuracy:98.8000%

episode:24700    loss:0.05796555    Time of train one episode:64.184ms
episode:24800    loss:0.00264694    Time of train one episode:67.339ms
episode:24900    loss:0.02257543    Time of train one episode:65.586ms
Testing...
Time of test one episode:16.602ms
test accuracy:97.6000%

episode:25000    loss:0.00829174    Time of train one episode:60.376ms
episode:25100    loss:0.01179316    Time of train one episode:58.248ms
episode:25200    loss:0.00664141    Time of train one episode:66.901ms
Testing...
Time of test one episode:15.717ms
test accuracy:98.2000%

episode:25300    loss:0.00743730    Time of train one episode:64.553ms
episode:25400    loss:0.02741965    Time of train one episode:69.324ms
episode:25500    loss:0.02967763    Time of train one episode:61.375ms
Testing...
Time of test one episode:16.115ms
test accuracy:98.6000%

episode:25600    loss:0.01336266    Time of train one episode:78.448ms
episode:25700    loss:0.02332600    Time of train one episode:61.575ms
episode:25800    loss:0.00110632    Time of train one episode:61.497ms
Testing...
Time of test one episode:15.673ms
test accuracy:99.2000%

episode:25900    loss:0.04088366    Time of train one episode:68.014ms
episode:26000    loss:0.01443273    Time of train one episode:62.034ms
episode:26100    loss:0.00473365    Time of train one episode:60.189ms
Testing...
Time of test one episode:14.744ms
test accuracy:97.8000%

episode:26200    loss:0.00104483    Time of train one episode:63.675ms
episode:26300    loss:0.00707164    Time of train one episode:59.040ms
episode:26400    loss:0.00564648    Time of train one episode:60.702ms
Testing...
Time of test one episode:15.674ms
test accuracy:97.6000%

episode:26500    loss:0.00577129    Time of train one episode:63.941ms
episode:26600    loss:0.00859235    Time of train one episode:56.316ms
episode:26700    loss:0.01585046    Time of train one episode:55.715ms
Testing...
Time of test one episode:14.338ms
test accuracy:98.8000%

episode:26800    loss:0.00074440    Time of train one episode:64.155ms
episode:26900    loss:0.01007841    Time of train one episode:62.037ms
episode:27000    loss:0.00030683    Time of train one episode:57.899ms
Testing...
Time of test one episode:13.883ms
test accuracy:98.6000%

episode:27100    loss:0.00191830    Time of train one episode:66.213ms
episode:27200    loss:0.01066498    Time of train one episode:64.442ms
episode:27300    loss:0.01197694    Time of train one episode:64.380ms
Testing...
Time of test one episode:14.287ms
test accuracy:98.8000%

episode:27400    loss:0.00232347    Time of train one episode:62.748ms
episode:27500    loss:0.00165526    Time of train one episode:61.790ms
episode:27600    loss:0.00425847    Time of train one episode:63.708ms
Testing...
Time of test one episode:14.265ms
test accuracy:98.4000%

episode:27700    loss:0.00712465    Time of train one episode:63.360ms
episode:27800    loss:0.01288813    Time of train one episode:58.568ms
episode:27900    loss:0.00839192    Time of train one episode:60.498ms
Testing...
Time of test one episode:14.501ms
test accuracy:99.4000%

episode:28000    loss:0.00370040    Time of train one episode:60.206ms
episode:28100    loss:0.01474919    Time of train one episode:64.495ms
episode:28200    loss:0.00884101    Time of train one episode:63.458ms
Testing...
Time of test one episode:14.129ms
test accuracy:99.0000%

episode:28300    loss:0.01915406    Time of train one episode:60.824ms
episode:28400    loss:0.00371820    Time of train one episode:66.452ms
episode:28500    loss:0.00125586    Time of train one episode:63.667ms
Testing...
Time of test one episode:13.738ms
test accuracy:98.4000%

episode:28600    loss:0.04025543    Time of train one episode:64.384ms
episode:28700    loss:0.00725729    Time of train one episode:66.257ms
episode:28800    loss:0.00755888    Time of train one episode:58.207ms
Testing...
Time of test one episode:16.091ms
test accuracy:99.0000%

episode:28900    loss:0.00142769    Time of train one episode:60.393ms
episode:29000    loss:0.00673654    Time of train one episode:64.049ms
episode:29100    loss:0.00439372    Time of train one episode:58.820ms
Testing...
Time of test one episode:18.170ms
test accuracy:97.8000%

episode:29200    loss:0.01319928    Time of train one episode:72.421ms
episode:29300    loss:0.01161660    Time of train one episode:60.834ms
episode:29400    loss:0.00368447    Time of train one episode:62.889ms
Testing...
Time of test one episode:16.032ms
test accuracy:98.8000%

episode:29500    loss:0.04443614    Time of train one episode:75.305ms
episode:29600    loss:0.00997898    Time of train one episode:60.572ms
episode:29700    loss:0.00429187    Time of train one episode:62.222ms
Testing...
Time of test one episode:16.973ms
test accuracy:98.2000%

episode:29800    loss:0.00413654    Time of train one episode:71.374ms
episode:29900    loss:0.00656203    Time of train one episode:83.093ms
episode:30000    loss:0.01426042    Time of train one episode:60.030ms
Testing...
Time of test one episode:16.446ms
test accuracy:98.8000%

episode:30100    loss:0.00936957    Time of train one episode:71.239ms
episode:30200    loss:0.00217396    Time of train one episode:58.259ms
episode:30300    loss:0.00249686    Time of train one episode:61.138ms
Testing...
Time of test one episode:15.584ms
test accuracy:98.8000%

episode:30400    loss:0.00198297    Time of train one episode:63.683ms
episode:30500    loss:0.00593627    Time of train one episode:61.496ms
episode:30600    loss:0.00379202    Time of train one episode:58.107ms
Testing...
Time of test one episode:15.304ms
test accuracy:99.2000%

episode:30700    loss:0.02214763    Time of train one episode:74.403ms
episode:30800    loss:0.01325948    Time of train one episode:62.825ms
episode:30900    loss:0.01451624    Time of train one episode:61.732ms
Testing...
Time of test one episode:15.419ms
test accuracy:97.8000%

episode:31000    loss:0.00859768    Time of train one episode:63.533ms
episode:31100    loss:0.00726537    Time of train one episode:61.158ms
episode:31200    loss:0.02177715    Time of train one episode:59.563ms
Testing...
Time of test one episode:17.274ms
test accuracy:99.2000%

episode:31300    loss:0.00711105    Time of train one episode:76.789ms
episode:31400    loss:0.02158439    Time of train one episode:62.622ms
episode:31500    loss:0.01531459    Time of train one episode:60.606ms
Testing...
Time of test one episode:16.422ms
test accuracy:98.6000%

episode:31600    loss:0.03043209    Time of train one episode:72.555ms
episode:31700    loss:0.00477187    Time of train one episode:60.541ms
episode:31800    loss:0.00438385    Time of train one episode:87.173ms
Testing...
Time of test one episode:19.244ms
test accuracy:99.4000%

episode:31900    loss:0.02623895    Time of train one episode:64.539ms
episode:32000    loss:0.00806881    Time of train one episode:66.886ms
episode:32100    loss:0.01280271    Time of train one episode:62.702ms
Testing...
Time of test one episode:17.943ms
test accuracy:99.2000%

episode:32200    loss:0.00006307    Time of train one episode:76.061ms
episode:32300    loss:0.00381318    Time of train one episode:59.796ms
episode:32400    loss:0.03123712    Time of train one episode:60.186ms
Testing...
Time of test one episode:15.539ms
test accuracy:98.2000%

episode:32500    loss:0.00104501    Time of train one episode:73.916ms
episode:32600    loss:0.03885408    Time of train one episode:57.782ms
episode:32700    loss:0.00717779    Time of train one episode:66.118ms
Testing...
Time of test one episode:15.856ms
test accuracy:99.4000%

episode:32800    loss:0.01505398    Time of train one episode:70.029ms
episode:32900    loss:0.01097680    Time of train one episode:62.434ms
episode:33000    loss:0.00845272    Time of train one episode:62.209ms
Testing...
Time of test one episode:16.125ms
test accuracy:99.8000%


save networks for episode: 32999
episode:33100    loss:0.03178970    Time of train one episode:65.791ms
episode:33200    loss:0.00567432    Time of train one episode:65.712ms
episode:33300    loss:0.00965654    Time of train one episode:59.317ms
Testing...
Time of test one episode:14.168ms
test accuracy:99.0000%

episode:33400    loss:0.00757940    Time of train one episode:62.104ms
episode:33500    loss:0.01811321    Time of train one episode:65.591ms
episode:33600    loss:0.00552538    Time of train one episode:59.487ms
Testing...
Time of test one episode:13.838ms
test accuracy:98.4000%

episode:33700    loss:0.01781060    Time of train one episode:61.036ms
episode:33800    loss:0.01581107    Time of train one episode:66.649ms
episode:33900    loss:0.01540393    Time of train one episode:61.320ms
Testing...
Time of test one episode:13.845ms
test accuracy:98.2000%

episode:34000    loss:0.02447425    Time of train one episode:85.721ms
episode:34100    loss:0.00070755    Time of train one episode:66.060ms
episode:34200    loss:0.01567210    Time of train one episode:63.820ms
Testing...
Time of test one episode:13.945ms
test accuracy:99.8000%

episode:34300    loss:0.00940873    Time of train one episode:68.537ms
episode:34400    loss:0.01176066    Time of train one episode:63.853ms
episode:34500    loss:0.01699173    Time of train one episode:58.800ms
Testing...
Time of test one episode:13.469ms
test accuracy:98.6000%

episode:34600    loss:0.00468285    Time of train one episode:59.843ms
episode:34700    loss:0.00539433    Time of train one episode:63.759ms
episode:34800    loss:0.00811167    Time of train one episode:62.439ms
Testing...
Time of test one episode:14.392ms
test accuracy:98.4000%

episode:34900    loss:0.00972287    Time of train one episode:67.324ms
episode:35000    loss:0.01859942    Time of train one episode:63.660ms
episode:35100    loss:0.04222128    Time of train one episode:55.474ms
Testing...
Time of test one episode:14.742ms
test accuracy:98.4000%

episode:35200    loss:0.01486157    Time of train one episode:63.413ms
episode:35300    loss:0.00529334    Time of train one episode:64.370ms
episode:35400    loss:0.00599393    Time of train one episode:62.298ms
Testing...
Time of test one episode:14.690ms
test accuracy:99.2000%

episode:35500    loss:0.00182604    Time of train one episode:59.869ms
episode:35600    loss:0.00650009    Time of train one episode:58.456ms
episode:35700    loss:0.01132147    Time of train one episode:63.085ms
Testing...
Time of test one episode:14.076ms
test accuracy:99.6000%

episode:35800    loss:0.00418144    Time of train one episode:65.983ms
episode:35900    loss:0.00022591    Time of train one episode:68.946ms
episode:36000    loss:0.00388056    Time of train one episode:66.518ms
Testing...
Time of test one episode:15.619ms
test accuracy:99.2000%

episode:36100    loss:0.00179618    Time of train one episode:63.665ms
episode:36200    loss:0.01325033    Time of train one episode:66.334ms
episode:36300    loss:0.00215249    Time of train one episode:65.772ms
Testing...
Time of test one episode:15.705ms
test accuracy:99.2000%

episode:36400    loss:0.02472277    Time of train one episode:82.146ms
episode:36500    loss:0.00458623    Time of train one episode:63.632ms
episode:36600    loss:0.01315961    Time of train one episode:64.190ms
Testing...
Time of test one episode:15.657ms
test accuracy:99.6000%

episode:36700    loss:0.00643761    Time of train one episode:72.080ms
episode:36800    loss:0.00217112    Time of train one episode:66.066ms
episode:36900    loss:0.00218862    Time of train one episode:64.684ms
Testing...
Time of test one episode:17.648ms
test accuracy:98.8000%

episode:37000    loss:0.00145585    Time of train one episode:66.110ms
episode:37100    loss:0.00318828    Time of train one episode:67.711ms
episode:37200    loss:0.00486962    Time of train one episode:64.076ms
Testing...
Time of test one episode:17.143ms
test accuracy:98.4000%

episode:37300    loss:0.01079346    Time of train one episode:66.229ms
episode:37400    loss:0.01151494    Time of train one episode:72.411ms
episode:37500    loss:0.02499941    Time of train one episode:60.750ms
Testing...
Time of test one episode:16.526ms
test accuracy:98.8000%

episode:37600    loss:0.03553123    Time of train one episode:62.377ms
episode:37700    loss:0.01900220    Time of train one episode:75.553ms
episode:37800    loss:0.00372862    Time of train one episode:65.790ms
Testing...
Time of test one episode:17.810ms
test accuracy:99.2000%

episode:37900    loss:0.02071878    Time of train one episode:63.334ms
episode:38000    loss:0.01415445    Time of train one episode:72.064ms
episode:38100    loss:0.00085228    Time of train one episode:77.102ms
Testing...
Time of test one episode:17.698ms
test accuracy:99.2000%

episode:38200    loss:0.00226933    Time of train one episode:67.604ms
episode:38300    loss:0.01001874    Time of train one episode:64.054ms
episode:38400    loss:0.03492611    Time of train one episode:59.686ms
Testing...
Time of test one episode:18.244ms
test accuracy:98.8000%

episode:38500    loss:0.01045944    Time of train one episode:61.325ms
episode:38600    loss:0.00842138    Time of train one episode:80.264ms
episode:38700    loss:0.00524283    Time of train one episode:61.515ms
Testing...
Time of test one episode:16.649ms
test accuracy:98.4000%

episode:38800    loss:0.00731791    Time of train one episode:62.782ms
episode:38900    loss:0.02034808    Time of train one episode:57.884ms
episode:39000    loss:0.01092815    Time of train one episode:62.004ms
Testing...
Time of test one episode:16.756ms
test accuracy:99.6000%

episode:39100    loss:0.00856522    Time of train one episode:57.586ms
episode:39200    loss:0.01376404    Time of train one episode:65.061ms
episode:39300    loss:0.00026684    Time of train one episode:61.350ms
Testing...
Time of test one episode:16.894ms
test accuracy:98.2000%

episode:39400    loss:0.03530707    Time of train one episode:59.647ms
episode:39500    loss:0.00398587    Time of train one episode:68.723ms
episode:39600    loss:0.01122974    Time of train one episode:61.169ms
Testing...
Time of test one episode:14.836ms
test accuracy:99.4000%

episode:39700    loss:0.00059202    Time of train one episode:57.389ms
episode:39800    loss:0.00363268    Time of train one episode:60.621ms
episode:39900    loss:0.02445738    Time of train one episode:60.852ms
Testing...
Time of test one episode:14.843ms
test accuracy:98.2000%

episode:40000    loss:0.02532277    Time of train one episode:63.342ms
episode:40100    loss:0.00179798    Time of train one episode:63.995ms
episode:40200    loss:0.00358107    Time of train one episode:61.381ms
Testing...
Time of test one episode:15.014ms
test accuracy:98.2000%

episode:40300    loss:0.00578626    Time of train one episode:66.396ms
episode:40400    loss:0.01045133    Time of train one episode:67.386ms
episode:40500    loss:0.00870856    Time of train one episode:67.965ms
Testing...
Time of test one episode:15.252ms
test accuracy:98.6000%

episode:40600    loss:0.02679006    Time of train one episode:65.717ms
episode:40700    loss:0.00092907    Time of train one episode:78.126ms
episode:40800    loss:0.03557071    Time of train one episode:66.232ms
Testing...
Time of test one episode:14.666ms
test accuracy:98.8000%

episode:40900    loss:0.00379540    Time of train one episode:57.156ms
episode:41000    loss:0.02260147    Time of train one episode:68.357ms
episode:41100    loss:0.04635556    Time of train one episode:61.959ms
Testing...
Time of test one episode:14.193ms
test accuracy:99.0000%

episode:41200    loss:0.00222470    Time of train one episode:57.438ms
episode:41300    loss:0.00282085    Time of train one episode:64.361ms
episode:41400    loss:0.01331304    Time of train one episode:66.948ms
Testing...
Time of test one episode:14.964ms
test accuracy:99.0000%

episode:41500    loss:0.00481839    Time of train one episode:64.883ms
episode:41600    loss:0.01003253    Time of train one episode:64.753ms
episode:41700    loss:0.00036967    Time of train one episode:66.479ms
Testing...
Time of test one episode:15.206ms
test accuracy:98.4000%

episode:41800    loss:0.00382093    Time of train one episode:72.030ms
episode:41900    loss:0.00129621    Time of train one episode:64.068ms
episode:42000    loss:0.00161841    Time of train one episode:65.818ms
Testing...
Time of test one episode:16.248ms
test accuracy:99.4000%

episode:42100    loss:0.01863657    Time of train one episode:60.756ms
episode:42200    loss:0.00723358    Time of train one episode:64.652ms
episode:42300    loss:0.00699298    Time of train one episode:62.539ms
Testing...
Time of test one episode:15.466ms
test accuracy:99.2000%

episode:42400    loss:0.00392632    Time of train one episode:66.035ms
episode:42500    loss:0.00233449    Time of train one episode:62.129ms
episode:42600    loss:0.03168764    Time of train one episode:62.554ms
Testing...
Time of test one episode:16.017ms
test accuracy:98.6000%

episode:42700    loss:0.00334232    Time of train one episode:61.689ms

... 