2023-11-30 21:19:53,893 - INFO - Log directory: /disk1/mindone/m-libcity/M-Libcity/M_libcity/log
2023-11-30 21:19:53,893 - INFO - Begin pipeline, task=traffic_state_pred, model_name=CSTN, dataset_name=NYC_TOD, exp_id=1
2023-11-30 21:19:53,893 - INFO - {'task': 'traffic_state_pred', 'model': 'CSTN', 'dataset': 'NYC_TOD', 'saved_model': True, 'train': True, 'exp_id': 1, 'dataset_class': 'CSTNDataset', 'executor': 'TrafficStateExecutor', 'evaluator': 'TrafficStateEvaluator', 'n_layers': 3, 'c_lt': 75, 'batch_size': 32, 'scaler': 'minmax01', 'load_external': True, 'normal_external': False, 'ext_scaler': 'none', 'add_time_in_day': True, 'add_day_in_week': False, 'use_row_column': True, 'max_epoch': 100, 'learner': 'adam', 'learning_rate': 0.001, 'weight_decay': 1e-06, 'lr_decay': False, 'clip_grad_norm': False, 'use_early_stop': True, 'patience': 50, 'cache_dataset': True, 'num_workers': 1, 'pad_with_last_sample': True, 'train_rate': 0.8, 'eval_rate': 0.1, 'input_window': 12, 'output_window': 1, 'gpu': True, 'gpu_id': 0, 'train_loss': 'none', 'epoch': 0, 'lr_epsilon': 1e-08, 'lr_beta1': 0.9, 'lr_beta2': 0.999, 'lr_alpha': 0.99, 'lr_momentum': 0.0, 'lr_scheduler': 'multisteplr', 'lr_decay_ratio': 0.1, 'steps': [50, 200, 400, 700], 'step_size': 10, 'lr_T_max': 30, 'lr_eta_min': 0, 'lr_patience': 10, 'lr_threshold': 0.0001, 'max_grad_norm': 1.0, 'log_level': 'INFO', 'log_every': 1, 'load_best_epoch': True, 'hyper_tune': False, 'metrics': ['MAE', 'MAPE', 'RMSE'], 'evaluator_mode': 'single', 'save_mode': ['csv'], 'geo': {'including_types': ['Polygon'], 'Polygon': {'row_id': 'num', 'column_id': 'num'}}, 'ext': {'including_types': ['']}, 'gridod': {'including_types': ['state'], 'state': {'row_id': 15, 'column_id': 5, 'flow': 'num'}}, 'data_col': ['flow'], 'data_files': ['NYC_TOD'], 'geo_file': 'NYC_TOD', 'ext_file': 'NYC_TOD', 'output_dim': 1, 'init_weight_inf_or_zero': 'inf', 'set_weight_link_or_dist': 'dist', 'calculate_weight_adj': False, 'weight_adj_epsilon': 0.1, 'time_intervals': 1800}
2023-11-30 21:19:53,899 - INFO - Loaded file NYC_TOD.geo, num_grids=75, grid_size=(15, 5)
2023-11-30 21:19:53,900 - INFO - Generate grid rel file, shape=(75, 75)
2023-11-30 21:19:53,900 - INFO - Loading /disk1/mindone/m-libcity/M-Libcity/M_libcity/cache/dataset_cache/grid_od_based_NYC_TOD_12_1_0.8_0.1_minmax01_32_True_True_False_True_True.npz
2023-11-30 21:20:12,953 - INFO - train	X: (14006, 12, 15, 5, 15, 5, 1), W: (14006, 13, 29), y: (14006, 1, 15, 5, 15, 5, 1)
2023-11-30 21:20:12,954 - INFO - eval	X: (1751, 12, 15, 5, 15, 5, 1), W: (1751, 13, 29), y: (1751, 1, 15, 5, 15, 5, 1)
2023-11-30 21:20:12,954 - INFO - test	X: (1751, 12, 15, 5, 15, 5, 1), W: (1751, 13, 29), y: (1751, 1, 15, 5, 15, 5, 1)
2023-11-30 21:20:14,952 - INFO - MinMax01Scaler max: 241.0, min: 0.0
2023-11-30 21:20:25,835 - INFO - CSTN<
  (LSC): LSC<
    (O_CNN): CNN<
      (conv): CellList<
        (0): Conv2d<input_channels=1, output_channels=16, kernel_size=(3, 3), stride=(1, 1), pad_mode=pad, padding=(1, 1, 1, 1), dilation=(1, 1), group=1, has_bias=False, weight_init=normal, bias_init=zeros, format=NCHW>
        (1): ReLU<>
        (2): Conv2d<input_channels=16, output_channels=16, kernel_size=(3, 3), stride=(1, 1), pad_mode=pad, padding=(1, 1, 1, 1), dilation=(1, 1), group=1, has_bias=False, weight_init=normal, bias_init=zeros, format=NCHW>
        (3): ReLU<>
        (4): Conv2d<input_channels=16, output_channels=16, kernel_size=(3, 3), stride=(1, 1), pad_mode=pad, padding=(1, 1, 1, 1), dilation=(1, 1), group=1, has_bias=False, weight_init=normal, bias_init=zeros, format=NCHW>
        >
      (relu): ReLU<>
      (embed): SequentialCell<
        (0): Conv2d<input_channels=1200, output_channels=32, kernel_size=(1, 1), stride=(1, 1), pad_mode=same, padding=0, dilation=(1, 1), group=1, has_bias=False, weight_init=normal, bias_init=zeros, format=NCHW>
        (1): ReLU<>
        >
      >
    (D_CNN): CNN<
      (conv): CellList<
        (0): Conv2d<input_channels=1, output_channels=16, kernel_size=(3, 3), stride=(1, 1), pad_mode=pad, padding=(1, 1, 1, 1), dilation=(1, 1), group=1, has_bias=False, weight_init=normal, bias_init=zeros, format=NCHW>
        (1): ReLU<>
        (2): Conv2d<input_channels=16, output_channels=16, kernel_size=(3, 3), stride=(1, 1), pad_mode=pad, padding=(1, 1, 1, 1), dilation=(1, 1), group=1, has_bias=False, weight_init=normal, bias_init=zeros, format=NCHW>
        (3): ReLU<>
        (4): Conv2d<input_channels=16, output_channels=16, kernel_size=(3, 3), stride=(1, 1), pad_mode=pad, padding=(1, 1, 1, 1), dilation=(1, 1), group=1, has_bias=False, weight_init=normal, bias_init=zeros, format=NCHW>
        >
      (relu): ReLU<>
      (embed): SequentialCell<
        (0): Conv2d<input_channels=1200, output_channels=32, kernel_size=(1, 1), stride=(1, 1), pad_mode=same, padding=0, dilation=(1, 1), group=1, has_bias=False, weight_init=normal, bias_init=zeros, format=NCHW>
        (1): ReLU<>
        >
      >
    (embeder): SequentialCell<
      (0): Conv2d<input_channels=64, output_channels=32, kernel_size=(1, 1), stride=(1, 1), pad_mode=same, padding=0, dilation=(1, 1), group=1, has_bias=False, weight_init=normal, bias_init=zeros, format=NCHW>
      (1): ReLU<>
      >
    >
  (MLP): MLP<
    (fc_1): SequentialCell<
      (0): Dense<input_channels=29, output_channels=32, has_bias=True>
      (1): ReLU<>
      >
    (fc_2): SequentialCell<
      (0): Dense<input_channels=32, output_channels=16, has_bias=True>
      (1): ReLU<>
      >
    (fc_3): SequentialCell<
      (0): Dense<input_channels=16, output_channels=8, has_bias=True>
      (1): ReLU<>
      >
    >
  (TEC): TEC<
    (ConvLSTM): ConvLSTM<
      (cell_list): CellList<
        (0): ConvLSTMCell<
          (conv): Conv2d<input_channels=72, output_channels=128, kernel_size=(3, 3), stride=(1, 1), pad_mode=pad, padding=(1, 1, 1, 1), dilation=(1, 1), group=1, has_bias=True, weight_init=normal, bias_init=zeros, format=NCHW>
          >
        >
      >
    (conv): SequentialCell<
      (0): Conv2d<input_channels=32, output_channels=75, kernel_size=(1, 1), stride=(1, 1), pad_mode=same, padding=0, dilation=(1, 1), group=1, has_bias=False, weight_init=normal, bias_init=zeros, format=NCHW>
      (1): ReLU<>
      >
    >
  (GCC): GCC<
    (Softmax): Softmax<>
    >
  (OUT): SequentialCell<
    (0): Conv2d<input_channels=150, output_channels=75, kernel_size=(1, 1), stride=(1, 1), pad_mode=same, padding=0, dilation=(1, 1), group=1, has_bias=False, weight_init=normal, bias_init=zeros, format=NCHW>
    (1): ReLU<>
    (2): Tanh<>
    >
  (loss_fn): MSELoss<>
  >
2023-11-30 21:20:25,836 - INFO - LSC.O_CNN.conv.0.weight	(16, 1, 3, 3)	True
2023-11-30 21:20:25,836 - INFO - LSC.O_CNN.conv.2.weight	(16, 16, 3, 3)	True
2023-11-30 21:20:25,836 - INFO - LSC.O_CNN.conv.4.weight	(16, 16, 3, 3)	True
2023-11-30 21:20:25,836 - INFO - LSC.O_CNN.embed.0.weight	(32, 1200, 1, 1)	True
2023-11-30 21:20:25,836 - INFO - LSC.D_CNN.conv.0.weight	(16, 1, 3, 3)	True
2023-11-30 21:20:25,836 - INFO - LSC.D_CNN.conv.2.weight	(16, 16, 3, 3)	True
2023-11-30 21:20:25,836 - INFO - LSC.D_CNN.conv.4.weight	(16, 16, 3, 3)	True
2023-11-30 21:20:25,836 - INFO - LSC.D_CNN.embed.0.weight	(32, 1200, 1, 1)	True
2023-11-30 21:20:25,836 - INFO - LSC.embeder.0.weight	(32, 64, 1, 1)	True
2023-11-30 21:20:25,836 - INFO - MLP.fc_1.0.weight	(32, 29)	True
2023-11-30 21:20:25,836 - INFO - MLP.fc_1.0.bias	(32,)	True
2023-11-30 21:20:25,836 - INFO - MLP.fc_2.0.weight	(16, 32)	True
2023-11-30 21:20:25,836 - INFO - MLP.fc_2.0.bias	(16,)	True
2023-11-30 21:20:25,836 - INFO - MLP.fc_3.0.weight	(8, 16)	True
2023-11-30 21:20:25,836 - INFO - MLP.fc_3.0.bias	(8,)	True
2023-11-30 21:20:25,836 - INFO - TEC.ConvLSTM.cell_list.0.conv.weight	(128, 72, 3, 3)	True
2023-11-30 21:20:25,837 - INFO - TEC.ConvLSTM.cell_list.0.conv.bias	(128,)	True
2023-11-30 21:20:25,837 - INFO - TEC.conv.0.weight	(75, 32, 1, 1)	True
2023-11-30 21:20:25,837 - INFO - OUT.0.weight	(75, 150, 1, 1)	True
2023-11-30 21:20:25,837 - INFO - Total parameter numbers: 186698
2023-11-30 21:20:25,837 - INFO - You select `adam` optimizer.
2023-11-30 21:20:25,860 - WARNING - Received none train loss func and will use the loss func defined in the model.
2023-11-30 21:20:25,860 - INFO - Start training ...
2023-11-30 21:20:25,860 - INFO - num_batches:437
2023-11-30 21:24:21,189 - INFO - current lr 为：0.0010000000474974513
2023-11-30 21:24:30,161 - INFO - valid loss 为: 2.8149445056915283
2023-11-30 21:26:45,530 - INFO - current lr 为：0.0010000000474974513
2023-11-30 21:26:53,584 - INFO - valid loss 为: 2.431365728378296
2023-11-30 21:29:09,192 - INFO - current lr 为：0.0010000000474974513
2023-11-30 21:29:17,109 - INFO - valid loss 为: 2.268942356109619
2023-11-30 21:31:32,593 - INFO - current lr 为：0.0010000000474974513
2023-11-30 21:31:40,556 - INFO - valid loss 为: 2.212306499481201
2023-11-30 21:33:56,288 - INFO - current lr 为：0.0010000000474974513
2023-11-30 21:34:04,349 - INFO - valid loss 为: 2.1681222915649414
2023-11-30 21:36:19,890 - INFO - current lr 为：0.0010000000474974513
2023-11-30 21:36:27,907 - INFO - valid loss 为: 2.1458964347839355
2023-11-30 21:38:42,997 - INFO - current lr 为：0.0010000000474974513
2023-11-30 21:38:51,170 - INFO - valid loss 为: 2.106231212615967
2023-11-30 21:41:06,402 - INFO - current lr 为：0.0010000000474974513
2023-11-30 21:41:14,254 - INFO - valid loss 为: 2.0783979892730713
2023-11-30 21:43:29,444 - INFO - current lr 为：0.0010000000474974513
2023-11-30 21:43:37,377 - INFO - valid loss 为: 2.072103261947632
2023-11-30 21:45:52,618 - INFO - current lr 为：0.0010000000474974513
2023-11-30 21:46:00,621 - INFO - valid loss 为: 2.099313974380493
2023-11-30 21:48:16,350 - INFO - current lr 为：0.0010000000474974513
2023-11-30 21:48:24,217 - INFO - valid loss 为: 2.0170774459838867
2023-11-30 21:50:39,636 - INFO - current lr 为：0.0010000000474974513
2023-11-30 21:50:47,522 - INFO - valid loss 为: 2.0572872161865234
2023-11-30 21:53:03,075 - INFO - current lr 为：0.0010000000474974513
2023-11-30 21:53:11,039 - INFO - valid loss 为: 2.008286714553833
2023-11-30 21:55:26,262 - INFO - current lr 为：0.0010000000474974513
2023-11-30 21:55:34,089 - INFO - valid loss 为: 1.9991124868392944
2023-11-30 21:57:49,534 - INFO - current lr 为：0.0010000000474974513
2023-11-30 21:57:57,377 - INFO - valid loss 为: 2.0114572048187256
2023-11-30 22:00:12,910 - INFO - current lr 为：0.0010000000474974513
2023-11-30 22:00:20,741 - INFO - valid loss 为: 2.0013582706451416
2023-11-30 22:02:35,991 - INFO - current lr 为：0.0010000000474974513
2023-11-30 22:02:43,926 - INFO - valid loss 为: 1.9814730882644653
2023-11-30 22:04:59,135 - INFO - current lr 为：0.0010000000474974513
2023-11-30 22:05:07,039 - INFO - valid loss 为: 1.9829961061477661
2023-11-30 22:07:22,054 - INFO - current lr 为：0.0010000000474974513
2023-11-30 22:07:29,981 - INFO - valid loss 为: 1.9668059349060059
2023-11-30 22:09:45,260 - INFO - current lr 为：0.0010000000474974513
2023-11-30 22:09:53,222 - INFO - valid loss 为: 2.0080771446228027
2023-11-30 22:12:08,523 - INFO - current lr 为：0.0010000000474974513
2023-11-30 22:12:17,010 - INFO - valid loss 为: 1.9512227773666382
2023-11-30 22:14:32,135 - INFO - current lr 为：0.0010000000474974513
2023-11-30 22:14:40,009 - INFO - valid loss 为: 1.96384859085083
2023-11-30 22:16:54,977 - INFO - current lr 为：0.0010000000474974513
2023-11-30 22:17:02,710 - INFO - valid loss 为: 1.9534912109375
2023-11-30 22:19:18,019 - INFO - current lr 为：0.0010000000474974513
2023-11-30 22:19:26,069 - INFO - valid loss 为: 1.9512765407562256
2023-11-30 22:21:41,382 - INFO - current lr 为：0.0010000000474974513
2023-11-30 22:21:49,360 - INFO - valid loss 为: 1.937939167022705
2023-11-30 22:24:04,727 - INFO - current lr 为：0.0010000000474974513
2023-11-30 22:24:12,749 - INFO - valid loss 为: 1.9512214660644531
2023-11-30 22:26:28,082 - INFO - current lr 为：0.0010000000474974513
2023-11-30 22:26:36,024 - INFO - valid loss 为: 1.9646286964416504
2023-11-30 22:28:51,310 - INFO - current lr 为：0.0010000000474974513
2023-11-30 22:28:59,200 - INFO - valid loss 为: 1.9317799806594849
2023-11-30 22:31:14,449 - INFO - current lr 为：0.0010000000474974513
2023-11-30 22:31:22,294 - INFO - valid loss 为: 1.9677659273147583
2023-11-30 22:33:37,536 - INFO - current lr 为：0.0010000000474974513
2023-11-30 22:33:45,468 - INFO - valid loss 为: 1.9216233491897583
2023-11-30 22:36:00,800 - INFO - current lr 为：0.0010000000474974513
2023-11-30 22:36:08,667 - INFO - valid loss 为: 1.920341968536377
2023-11-30 22:38:23,789 - INFO - current lr 为：0.0010000000474974513
2023-11-30 22:38:31,740 - INFO - valid loss 为: 1.9312752485275269
2023-11-30 22:40:46,961 - INFO - current lr 为：0.0010000000474974513
2023-11-30 22:40:54,963 - INFO - valid loss 为: 1.9185956716537476
2023-11-30 22:43:10,253 - INFO - current lr 为：0.0010000000474974513
2023-11-30 22:43:18,223 - INFO - valid loss 为: 1.9288625717163086
2023-11-30 22:45:33,586 - INFO - current lr 为：0.0010000000474974513
2023-11-30 22:45:41,538 - INFO - valid loss 为: 1.905338168144226
2023-11-30 22:47:56,848 - INFO - current lr 为：0.0010000000474974513
2023-11-30 22:48:04,947 - INFO - valid loss 为: 1.899051547050476
2023-11-30 22:50:20,120 - INFO - current lr 为：0.0010000000474974513
2023-11-30 22:50:28,173 - INFO - valid loss 为: 1.908814787864685
2023-11-30 22:52:43,429 - INFO - current lr 为：0.0010000000474974513
2023-11-30 22:52:51,109 - INFO - valid loss 为: 1.9254541397094727
2023-11-30 22:55:06,540 - INFO - current lr 为：0.0010000000474974513
2023-11-30 22:55:14,522 - INFO - valid loss 为: 1.8994659185409546
2023-11-30 22:57:29,526 - INFO - current lr 为：0.0010000000474974513
2023-11-30 22:57:37,475 - INFO - valid loss 为: 1.8907780647277832
2023-11-30 22:59:52,823 - INFO - current lr 为：0.0010000000474974513
2023-11-30 23:00:00,808 - INFO - valid loss 为: 1.932740330696106
2023-11-30 23:02:15,855 - INFO - current lr 为：0.0010000000474974513
2023-11-30 23:02:23,763 - INFO - valid loss 为: 1.8898544311523438
2023-11-30 23:04:38,874 - INFO - current lr 为：0.0010000000474974513
2023-11-30 23:04:46,750 - INFO - valid loss 为: 1.9055229425430298
2023-11-30 23:07:01,887 - INFO - current lr 为：0.0010000000474974513
2023-11-30 23:07:10,206 - INFO - valid loss 为: 1.8900002241134644
2023-11-30 23:09:25,265 - INFO - current lr 为：0.0010000000474974513
2023-11-30 23:09:33,177 - INFO - valid loss 为: 1.8920707702636719
2023-11-30 23:11:48,395 - INFO - current lr 为：0.0010000000474974513
2023-11-30 23:11:56,392 - INFO - valid loss 为: 1.9298205375671387
2023-11-30 23:14:11,630 - INFO - current lr 为：0.0010000000474974513
2023-11-30 23:14:19,500 - INFO - valid loss 为: 1.9134339094161987
2023-11-30 23:16:34,489 - INFO - current lr 为：0.0010000000474974513
2023-11-30 23:16:42,420 - INFO - valid loss 为: 1.8867459297180176
2023-11-30 23:18:57,267 - INFO - current lr 为：0.0010000000474974513
2023-11-30 23:19:05,301 - INFO - valid loss 为: 1.8865028619766235
2023-11-30 23:21:20,560 - INFO - current lr 为：0.0010000000474974513
2023-11-30 23:21:28,466 - INFO - valid loss 为: 1.883190631866455
2023-11-30 23:23:43,446 - INFO - current lr 为：0.0010000000474974513
2023-11-30 23:23:51,590 - INFO - valid loss 为: 1.8685088157653809
2023-11-30 23:26:07,014 - INFO - current lr 为：0.0010000000474974513
2023-11-30 23:26:15,078 - INFO - valid loss 为: 1.8793418407440186
2023-11-30 23:28:30,188 - INFO - current lr 为：0.0010000000474974513
2023-11-30 23:28:38,127 - INFO - valid loss 为: 1.8554421663284302
2023-11-30 23:30:53,113 - INFO - current lr 为：0.0010000000474974513
2023-11-30 23:31:01,034 - INFO - valid loss 为: 1.8599234819412231
2023-11-30 23:33:16,096 - INFO - current lr 为：0.0010000000474974513
2023-11-30 23:33:23,985 - INFO - valid loss 为: 1.880377173423767
2023-11-30 23:35:38,955 - INFO - current lr 为：0.0010000000474974513
2023-11-30 23:35:46,879 - INFO - valid loss 为: 1.8787004947662354
2023-11-30 23:38:01,728 - INFO - current lr 为：0.0010000000474974513
2023-11-30 23:38:09,709 - INFO - valid loss 为: 1.8833831548690796
2023-11-30 23:40:24,732 - INFO - current lr 为：0.0010000000474974513
2023-11-30 23:40:32,719 - INFO - valid loss 为: 1.8611414432525635
2023-11-30 23:42:47,978 - INFO - current lr 为：0.0010000000474974513
2023-11-30 23:42:55,905 - INFO - valid loss 为: 1.8710923194885254
2023-11-30 23:45:10,900 - INFO - current lr 为：0.0010000000474974513
2023-11-30 23:45:18,857 - INFO - valid loss 为: 1.8609588146209717
2023-11-30 23:47:33,873 - INFO - current lr 为：0.0010000000474974513
2023-11-30 23:47:41,783 - INFO - valid loss 为: 1.863520622253418
2023-11-30 23:49:56,840 - INFO - current lr 为：0.0010000000474974513
2023-11-30 23:50:04,678 - INFO - valid loss 为: 1.8600726127624512
2023-11-30 23:52:19,588 - INFO - current lr 为：0.0010000000474974513
2023-11-30 23:52:27,429 - INFO - valid loss 为: 1.863427996635437
2023-11-30 23:54:42,343 - INFO - current lr 为：0.0010000000474974513
2023-11-30 23:54:50,238 - INFO - valid loss 为: 1.8742337226867676
2023-11-30 23:57:05,364 - INFO - current lr 为：0.0010000000474974513
2023-11-30 23:57:13,362 - INFO - valid loss 为: 1.8673982620239258
2023-11-30 23:59:28,274 - INFO - current lr 为：0.0010000000474974513
2023-11-30 23:59:36,229 - INFO - valid loss 为: 1.8642182350158691
2023-12-01 00:01:51,170 - INFO - current lr 为：0.0010000000474974513
2023-12-01 00:01:59,012 - INFO - valid loss 为: 1.8811378479003906
2023-12-01 00:04:13,961 - INFO - current lr 为：0.0010000000474974513
2023-12-01 00:04:21,938 - INFO - valid loss 为: 1.8853285312652588
2023-12-01 00:06:36,955 - INFO - current lr 为：0.0010000000474974513
2023-12-01 00:06:44,884 - INFO - valid loss 为: 1.8604719638824463
2023-12-01 00:08:59,930 - INFO - current lr 为：0.0010000000474974513
2023-12-01 00:09:07,917 - INFO - valid loss 为: 1.8645493984222412
2023-12-01 00:11:22,860 - INFO - current lr 为：0.0010000000474974513
2023-12-01 00:11:30,834 - INFO - valid loss 为: 1.8502548933029175
2023-12-01 00:13:45,779 - INFO - current lr 为：0.0010000000474974513
2023-12-01 00:13:53,762 - INFO - valid loss 为: 1.8600724935531616
2023-12-01 00:16:08,543 - INFO - current lr 为：0.0010000000474974513
2023-12-01 00:16:16,333 - INFO - valid loss 为: 1.8591623306274414
2023-12-01 00:18:31,397 - INFO - current lr 为：0.0010000000474974513
2023-12-01 00:18:39,379 - INFO - valid loss 为: 1.8575067520141602
2023-12-01 00:20:54,437 - INFO - current lr 为：0.0010000000474974513
2023-12-01 00:21:02,250 - INFO - valid loss 为: 1.850517988204956
2023-12-01 00:23:17,044 - INFO - current lr 为：0.0010000000474974513
2023-12-01 00:23:24,937 - INFO - valid loss 为: 1.8612961769104004
2023-12-01 00:25:39,811 - INFO - current lr 为：0.0010000000474974513
2023-12-01 00:25:47,713 - INFO - valid loss 为: 1.8543826341629028
2023-12-01 00:28:02,709 - INFO - current lr 为：0.0010000000474974513
2023-12-01 00:28:10,677 - INFO - valid loss 为: 1.8535723686218262
2023-12-01 00:30:25,866 - INFO - current lr 为：0.0010000000474974513
2023-12-01 00:30:33,813 - INFO - valid loss 为: 1.8549809455871582
2023-12-01 00:32:48,891 - INFO - current lr 为：0.0010000000474974513
2023-12-01 00:32:56,800 - INFO - valid loss 为: 1.8488599061965942
2023-12-01 00:35:11,592 - INFO - current lr 为：0.0010000000474974513
2023-12-01 00:35:19,574 - INFO - valid loss 为: 1.8656511306762695
2023-12-01 00:37:34,117 - INFO - current lr 为：0.0010000000474974513
2023-12-01 00:37:42,135 - INFO - valid loss 为: 1.8539899587631226
2023-12-01 00:39:57,026 - INFO - current lr 为：0.0010000000474974513
2023-12-01 00:40:04,954 - INFO - valid loss 为: 1.8663114309310913
2023-12-01 00:42:19,936 - INFO - current lr 为：0.0010000000474974513
2023-12-01 00:42:27,648 - INFO - valid loss 为: 1.8606003522872925
2023-12-01 00:44:42,799 - INFO - current lr 为：0.0010000000474974513
2023-12-01 00:44:50,725 - INFO - valid loss 为: 1.8603237867355347
2023-12-01 00:47:05,781 - INFO - current lr 为：0.0010000000474974513
2023-12-01 00:47:13,783 - INFO - valid loss 为: 1.854493260383606
2023-12-01 00:49:28,904 - INFO - current lr 为：0.0010000000474974513
2023-12-01 00:49:36,929 - INFO - valid loss 为: 1.8587416410446167
2023-12-01 00:51:52,106 - INFO - current lr 为：0.0010000000474974513
2023-12-01 00:52:00,038 - INFO - valid loss 为: 1.8586558103561401
2023-12-01 00:54:15,224 - INFO - current lr 为：0.0010000000474974513
2023-12-01 00:54:23,063 - INFO - valid loss 为: 1.862801432609558
2023-12-01 00:56:38,058 - INFO - current lr 为：0.0010000000474974513
2023-12-01 00:56:45,956 - INFO - valid loss 为: 1.8581300973892212
2023-12-01 00:59:01,206 - INFO - current lr 为：0.0010000000474974513
2023-12-01 00:59:09,200 - INFO - valid loss 为: 1.8530242443084717
2023-12-01 01:01:24,499 - INFO - current lr 为：0.0010000000474974513
2023-12-01 01:01:32,429 - INFO - valid loss 为: 1.8588165044784546
2023-12-01 01:03:47,346 - INFO - current lr 为：0.0010000000474974513
2023-12-01 01:03:55,308 - INFO - valid loss 为: 1.864708662033081
2023-12-01 01:06:10,548 - INFO - current lr 为：0.0010000000474974513
2023-12-01 01:06:18,505 - INFO - valid loss 为: 1.8521509170532227
2023-12-01 01:08:33,917 - INFO - current lr 为：0.0010000000474974513
2023-12-01 01:08:41,798 - INFO - valid loss 为: 1.8500940799713135
2023-12-01 01:10:57,252 - INFO - current lr 为：0.0010000000474974513
2023-12-01 01:11:05,301 - INFO - valid loss 为: 1.857580304145813
2023-12-01 01:13:20,596 - INFO - current lr 为：0.0010000000474974513
2023-12-01 01:13:28,551 - INFO - valid loss 为: 1.8557122945785522
2023-12-01 01:15:43,470 - INFO - current lr 为：0.0010000000474974513
2023-12-01 01:15:51,361 - INFO - valid loss 为: 1.8578455448150635
2023-12-01 01:18:06,449 - INFO - current lr 为：0.0010000000474974513
2023-12-01 01:18:14,370 - INFO - valid loss 为: 1.8552589416503906
2023-12-01 01:20:28,412 - INFO - current lr 为：0.0010000000474974513
2023-12-01 01:20:36,370 - INFO - valid loss 为: 1.8584567308425903
2023-12-01 01:20:36,375 - INFO - Loaded model at /disk1/mindone/m-libcity/M-Libcity/M_libcity/cache/1/model_cache/CSTN_NYC_TOD.ckpt
2023-12-01 01:20:36,405 - INFO - Start evaluating ...
2023-12-01 01:20:47,690 - INFO - Note that you select the single mode to evaluate!
2023-12-01 01:20:47,693 - INFO - Evaluate result is saved at /disk1/mindone/m-libcity/M-Libcity/M_libcity/cache/1/evaluate_cache/2023_12_01_01_20_47_CSTN_NYC_TOD.csv
2023-12-01 01:20:47,699 - INFO - 
        MAE      MAPE      RMSE
1  0.536983  0.160368  1.331302
