2023-10-12 16:51:52,694 - INFO - Log directory: /home/ma-user/work/M-Libcity/M_libcity/log
2023-10-12 16:51:52,695 - INFO - Begin pipeline, task=traffic_state_pred, model_name=STResNet, dataset_name=NYCBike20140409, exp_id=3333
2023-10-12 16:51:52,695 - INFO - {'task': 'traffic_state_pred', 'model': 'STResNet', 'dataset': 'NYCBike20140409', 'saved_model': True, 'train': False, 'batch_size': 64, 'exp_id': 3333, 'dataset_class': 'STResNetDataset', 'executor': 'TrafficStateExecutor', 'evaluator': 'TrafficStateEvaluator', 'nb_residual_unit': 12, 'batch_norm': False, 'scaler': 'minmax11', 'load_external': True, 'normal_external': False, 'ext_scaler': 'none', 'add_time_in_day': False, 'add_day_in_week': False, 'external_time': True, 'max_epoch': 500, 'learner': 'adam', 'learning_rate': 0.0002, 'lr_decay': False, 'clip_grad_norm': True, 'max_grad_norm': 0.1, 'use_early_stop': True, 'patience': 50, 'cache_dataset': True, 'num_workers': 1, 'pad_with_last_sample': True, 'train_rate': 0.7, 'eval_rate': 0.1, 'input_window': 12, 'output_window': 12, 'len_closeness': 4, 'len_period': 2, 'len_trend': 0, 'interval_period': 1, 'interval_trend': 7, 'use_row_column': True, 'gpu': True, 'gpu_id': 0, 'train_loss': 'none', 'epoch': 0, 'weight_decay': 0, 'lr_epsilon': 1e-08, 'lr_beta1': 0.9, 'lr_beta2': 0.999, 'lr_alpha': 0.99, 'lr_momentum': 0.0, 'lr_scheduler': 'multisteplr', 'lr_decay_ratio': 0.1, 'steps': [50, 200, 400, 700], 'step_size': 10, 'lr_T_max': 30, 'lr_eta_min': 0, 'lr_patience': 10, 'lr_threshold': 0.0001, 'log_level': 'INFO', 'log_every': 1, 'load_best_epoch': True, 'hyper_tune': False, 'metrics': ['MAE', 'MAPE', 'MSE', 'RMSE'], 'evaluator_mode': 'single', 'save_mode': ['csv'], 'geo': {'including_types': ['Polygon'], 'Polygon': {'row_id': 'num', 'column_id': 'num'}}, 'grid': {'including_types': ['state'], 'state': {'row_id': 16, 'column_id': 8, 'new_flow': 'num', 'end_flow': 'num'}}, 'data_col': ['new_flow', 'end_flow'], 'data_files': ['NYCBIKE20140409'], 'geo_file': 'NYCBIKE20140409', 'output_dim': 2, 'time_intervals': 3600, 'init_weight_inf_or_zero': 'inf', 'set_weight_link_or_dist': 'dist', 'calculate_weight_adj': False, 'weight_adj_epsilon': 0.1}
2023-10-12 16:51:52,710 - INFO - Loaded file NYCBIKE20140409.geo, num_grids=128, grid_size=(16, 8)
2023-10-12 16:51:52,712 - INFO - Generate grid rel file, shape=(128, 128)
2023-10-12 16:51:52,712 - INFO - Loading file NYCBIKE20140409.grid
2023-10-12 16:51:53,458 - INFO - Loaded file NYCBIKE20140409.grid, shape=(4392, 16, 8, 2)
2023-10-12 16:51:54,159 - INFO - Dumped 0 data.
2023-10-12 16:51:56,126 - INFO - Dataset created
2023-10-12 16:51:56,126 - INFO - x shape: (4344, 6, 16, 8, 2), y shape: (4344, 1, 16, 8, 2)
2023-10-12 16:51:56,126 - INFO - ext_x shape: (4344, 6, 33), ext_y shape: (4344, 33)
2023-10-12 16:51:56,126 - INFO - train	x: (3041, 6, 16, 8, 2), y: (3041, 1, 16, 8, 2), x_ext: (3041, 6, 33), y_ext: (3041, 33)
2023-10-12 16:51:56,126 - INFO - eval	x: (434, 6, 16, 8, 2), y: (434, 1, 16, 8, 2), x_ext: (434, 6, 33), y_ext: (434, 33)
2023-10-12 16:51:56,126 - INFO - test	x: (869, 6, 16, 8, 2), y: (869, 1, 16, 8, 2), x_ext: (869, 6, 33), y_ext: (869, 33)
2023-10-12 16:51:58,050 - INFO - Saved at /home/ma-user/work/M-Libcity/M_libcity/cache/dataset_cache/grid_based_NYCBike20140409_12_12_0.7_0.1_minmax11_64_True_False_False_True_True_4_2_0_1_7.npz
2023-10-12 16:51:58,110 - INFO - MinMax11Scaler max: 267.0, min: 0.0
2023-10-12 16:51:58,110 - INFO - NoneScaler
2023-10-12 16:52:09,384 - INFO - STResNet<
  (network): STResNet_model<
    (relu): ReLU<>
    (tanh): Tanh<>
    (c_way): SequentialCell<
      (conv1): Conv2d<input_channels=8, output_channels=64, kernel_size=(3, 3), stride=(1, 1), pad_mode=pad, padding=1, dilation=(1, 1), group=1, has_bias=True, weight_init=normal, bias_init=zeros, format=NCHW>
      (ResUnits): ResUnits<
        (residual_units): SequentialCell<
          (0): ResidualUnit<
            (bn_relu_conv1): BnReluConv<
              (bn1): BatchNorm2d<num_features=64, eps=1e-05, momentum=0.9, gamma=Parameter (name=network.c_way.ResUnits.residual_units.0.bn_relu_conv1.bn1.gamma, shape=(64,), dtype=Float32, requires_grad=True), beta=Parameter (name=network.c_way.ResUnits.residual_units.0.bn_relu_conv1.bn1.beta, shape=(64,), dtype=Float32, requires_grad=True), moving_mean=Parameter (name=network.c_way.ResUnits.residual_units.0.bn_relu_conv1.bn1.moving_mean, shape=(64,), dtype=Float32, requires_grad=False), moving_variance=Parameter (name=network.c_way.ResUnits.residual_units.0.bn_relu_conv1.bn1.moving_variance, shape=(64,), dtype=Float32, requires_grad=False)>
              (relu): ReLU<>
              (conv1): Conv2d<input_channels=64, output_channels=64, kernel_size=(3, 3), stride=(1, 1), pad_mode=pad, padding=1, dilation=(1, 1), group=1, has_bias=True, weight_init=normal, bias_init=zeros, format=NCHW>
              >
            (bn_relu_conv2): BnReluConv<
              (bn1): BatchNorm2d<num_features=64, eps=1e-05, momentum=0.9, gamma=Parameter (name=network.c_way.ResUnits.residual_units.0.bn_relu_conv2.bn1.gamma, shape=(64,), dtype=Float32, requires_grad=True), beta=Parameter (name=network.c_way.ResUnits.residual_units.0.bn_relu_conv2.bn1.beta, shape=(64,), dtype=Float32, requires_grad=True), moving_mean=Parameter (name=network.c_way.ResUnits.residual_units.0.bn_relu_conv2.bn1.moving_mean, shape=(64,), dtype=Float32, requires_grad=False), moving_variance=Parameter (name=network.c_way.ResUnits.residual_units.0.bn_relu_conv2.bn1.moving_variance, shape=(64,), dtype=Float32, requires_grad=False)>
              (relu): ReLU<>
              (conv1): Conv2d<input_channels=64, output_channels=64, kernel_size=(3, 3), stride=(1, 1), pad_mode=pad, padding=1, dilation=(1, 1), group=1, has_bias=True, weight_init=normal, bias_init=zeros, format=NCHW>
              >
            >
          (1): ResidualUnit<
            (bn_relu_conv1): BnReluConv<
              (bn1): BatchNorm2d<num_features=64, eps=1e-05, momentum=0.9, gamma=Parameter (name=network.c_way.ResUnits.residual_units.1.bn_relu_conv1.bn1.gamma, shape=(64,), dtype=Float32, requires_grad=True), beta=Parameter (name=network.c_way.ResUnits.residual_units.1.bn_relu_conv1.bn1.beta, shape=(64,), dtype=Float32, requires_grad=True), moving_mean=Parameter (name=network.c_way.ResUnits.residual_units.1.bn_relu_conv1.bn1.moving_mean, shape=(64,), dtype=Float32, requires_grad=False), moving_variance=Parameter (name=network.c_way.ResUnits.residual_units.1.bn_relu_conv1.bn1.moving_variance, shape=(64,), dtype=Float32, requires_grad=False)>
              (relu): ReLU<>
              (conv1): Conv2d<input_channels=64, output_channels=64, kernel_size=(3, 3), stride=(1, 1), pad_mode=pad, padding=1, dilation=(1, 1), group=1, has_bias=True, weight_init=normal, bias_init=zeros, format=NCHW>
              >
            (bn_relu_conv2): BnReluConv<
              (bn1): BatchNorm2d<num_features=64, eps=1e-05, momentum=0.9, gamma=Parameter (name=network.c_way.ResUnits.residual_units.1.bn_relu_conv2.bn1.gamma, shape=(64,), dtype=Float32, requires_grad=True), beta=Parameter (name=network.c_way.ResUnits.residual_units.1.bn_relu_conv2.bn1.beta, shape=(64,), dtype=Float32, requires_grad=True), moving_mean=Parameter (name=network.c_way.ResUnits.residual_units.1.bn_relu_conv2.bn1.moving_mean, shape=(64,), dtype=Float32, requires_grad=False), moving_variance=Parameter (name=network.c_way.ResUnits.residual_units.1.bn_relu_conv2.bn1.moving_variance, shape=(64,), dtype=Float32, requires_grad=False)>
              (relu): ReLU<>
              (conv1): Conv2d<input_channels=64, output_channels=64, kernel_size=(3, 3), stride=(1, 1), pad_mode=pad, padding=1, dilation=(1, 1), group=1, has_bias=True, weight_init=normal, bias_init=zeros, format=NCHW>
              >
            >
          (2): ResidualUnit<
            (bn_relu_conv1): BnReluConv<
              (bn1): BatchNorm2d<num_features=64, eps=1e-05, momentum=0.9, gamma=Parameter (name=network.c_way.ResUnits.residual_units.2.bn_relu_conv1.bn1.gamma, shape=(64,), dtype=Float32, requires_grad=True), beta=Parameter (name=network.c_way.ResUnits.residual_units.2.bn_relu_conv1.bn1.beta, shape=(64,), dtype=Float32, requires_grad=True), moving_mean=Parameter (name=network.c_way.ResUnits.residual_units.2.bn_relu_conv1.bn1.moving_mean, shape=(64,), dtype=Float32, requires_grad=False), moving_variance=Parameter (name=network.c_way.ResUnits.residual_units.2.bn_relu_conv1.bn1.moving_variance, shape=(64,), dtype=Float32, requires_grad=False)>
              (relu): ReLU<>
              (conv1): Conv2d<input_channels=64, output_channels=64, kernel_size=(3, 3), stride=(1, 1), pad_mode=pad, padding=1, dilation=(1, 1), group=1, has_bias=True, weight_init=normal, bias_init=zeros, format=NCHW>
              >
            (bn_relu_conv2): BnReluConv<
              (bn1): BatchNorm2d<num_features=64, eps=1e-05, momentum=0.9, gamma=Parameter (name=network.c_way.ResUnits.residual_units.2.bn_relu_conv2.bn1.gamma, shape=(64,), dtype=Float32, requires_grad=True), beta=Parameter (name=network.c_way.ResUnits.residual_units.2.bn_relu_conv2.bn1.beta, shape=(64,), dtype=Float32, requires_grad=True), moving_mean=Parameter (name=network.c_way.ResUnits.residual_units.2.bn_relu_conv2.bn1.moving_mean, shape=(64,), dtype=Float32, requires_grad=False), moving_variance=Parameter (name=network.c_way.ResUnits.residual_units.2.bn_relu_conv2.bn1.moving_variance, shape=(64,), dtype=Float32, requires_grad=False)>
              (relu): ReLU<>
              (conv1): Conv2d<input_channels=64, output_channels=64, kernel_size=(3, 3), stride=(1, 1), pad_mode=pad, padding=1, dilation=(1, 1), group=1, has_bias=True, weight_init=normal, bias_init=zeros, format=NCHW>
              >
            >
          (3): ResidualUnit<
            (bn_relu_conv1): BnReluConv<
              (bn1): BatchNorm2d<num_features=64, eps=1e-05, momentum=0.9, gamma=Parameter (name=network.c_way.ResUnits.residual_units.3.bn_relu_conv1.bn1.gamma, shape=(64,), dtype=Float32, requires_grad=True), beta=Parameter (name=network.c_way.ResUnits.residual_units.3.bn_relu_conv1.bn1.beta, shape=(64,), dtype=Float32, requires_grad=True), moving_mean=Parameter (name=network.c_way.ResUnits.residual_units.3.bn_relu_conv1.bn1.moving_mean, shape=(64,), dtype=Float32, requires_grad=False), moving_variance=Parameter (name=network.c_way.ResUnits.residual_units.3.bn_relu_conv1.bn1.moving_variance, shape=(64,), dtype=Float32, requires_grad=False)>
              (relu): ReLU<>
              (conv1): Conv2d<input_channels=64, output_channels=64, kernel_size=(3, 3), stride=(1, 1), pad_mode=pad, padding=1, dilation=(1, 1), group=1, has_bias=True, weight_init=normal, bias_init=zeros, format=NCHW>
              >
            (bn_relu_conv2): BnReluConv<
              (bn1): BatchNorm2d<num_features=64, eps=1e-05, momentum=0.9, gamma=Parameter (name=network.c_way.ResUnits.residual_units.3.bn_relu_conv2.bn1.gamma, shape=(64,), dtype=Float32, requires_grad=True), beta=Parameter (name=network.c_way.ResUnits.residual_units.3.bn_relu_conv2.bn1.beta, shape=(64,), dtype=Float32, requires_grad=True), moving_mean=Parameter (name=network.c_way.ResUnits.residual_units.3.bn_relu_conv2.bn1.moving_mean, shape=(64,), dtype=Float32, requires_grad=False), moving_variance=Parameter (name=network.c_way.ResUnits.residual_units.3.bn_relu_conv2.bn1.moving_variance, shape=(64,), dtype=Float32, requires_grad=False)>
              (relu): ReLU<>
              (conv1): Conv2d<input_channels=64, output_channels=64, kernel_size=(3, 3), stride=(1, 1), pad_mode=pad, padding=1, dilation=(1, 1), group=1, has_bias=True, weight_init=normal, bias_init=zeros, format=NCHW>
              >
            >
          (4): ResidualUnit<
            (bn_relu_conv1): BnReluConv<
              (bn1): BatchNorm2d<num_features=64, eps=1e-05, momentum=0.9, gamma=Parameter (name=network.c_way.ResUnits.residual_units.4.bn_relu_conv1.bn1.gamma, shape=(64,), dtype=Float32, requires_grad=True), beta=Parameter (name=network.c_way.ResUnits.residual_units.4.bn_relu_conv1.bn1.beta, shape=(64,), dtype=Float32, requires_grad=True), moving_mean=Parameter (name=network.c_way.ResUnits.residual_units.4.bn_relu_conv1.bn1.moving_mean, shape=(64,), dtype=Float32, requires_grad=False), moving_variance=Parameter (name=network.c_way.ResUnits.residual_units.4.bn_relu_conv1.bn1.moving_variance, shape=(64,), dtype=Float32, requires_grad=False)>
              (relu): ReLU<>
              (conv1): Conv2d<input_channels=64, output_channels=64, kernel_size=(3, 3), stride=(1, 1), pad_mode=pad, padding=1, dilation=(1, 1), group=1, has_bias=True, weight_init=normal, bias_init=zeros, format=NCHW>
              >
            (bn_relu_conv2): BnReluConv<
              (bn1): BatchNorm2d<num_features=64, eps=1e-05, momentum=0.9, gamma=Parameter (name=network.c_way.ResUnits.residual_units.4.bn_relu_conv2.bn1.gamma, shape=(64,), dtype=Float32, requires_grad=True), beta=Parameter (name=network.c_way.ResUnits.residual_units.4.bn_relu_conv2.bn1.beta, shape=(64,), dtype=Float32, requires_grad=True), moving_mean=Parameter (name=network.c_way.ResUnits.residual_units.4.bn_relu_conv2.bn1.moving_mean, shape=(64,), dtype=Float32, requires_grad=False), moving_variance=Parameter (name=network.c_way.ResUnits.residual_units.4.bn_relu_conv2.bn1.moving_variance, shape=(64,), dtype=Float32, requires_grad=False)>
              (relu): ReLU<>
              (conv1): Conv2d<input_channels=64, output_channels=64, kernel_size=(3, 3), stride=(1, 1), pad_mode=pad, padding=1, dilation=(1, 1), group=1, has_bias=True, weight_init=normal, bias_init=zeros, format=NCHW>
              >
            >
          (5): ResidualUnit<
            (bn_relu_conv1): BnReluConv<
              (bn1): BatchNorm2d<num_features=64, eps=1e-05, momentum=0.9, gamma=Parameter (name=network.c_way.ResUnits.residual_units.5.bn_relu_conv1.bn1.gamma, shape=(64,), dtype=Float32, requires_grad=True), beta=Parameter (name=network.c_way.ResUnits.residual_units.5.bn_relu_conv1.bn1.beta, shape=(64,), dtype=Float32, requires_grad=True), moving_mean=Parameter (name=network.c_way.ResUnits.residual_units.5.bn_relu_conv1.bn1.moving_mean, shape=(64,), dtype=Float32, requires_grad=False), moving_variance=Parameter (name=network.c_way.ResUnits.residual_units.5.bn_relu_conv1.bn1.moving_variance, shape=(64,), dtype=Float32, requires_grad=False)>
              (relu): ReLU<>
              (conv1): Conv2d<input_channels=64, output_channels=64, kernel_size=(3, 3), stride=(1, 1), pad_mode=pad, padding=1, dilation=(1, 1), group=1, has_bias=True, weight_init=normal, bias_init=zeros, format=NCHW>
              >
            (bn_relu_conv2): BnReluConv<
              (bn1): BatchNorm2d<num_features=64, eps=1e-05, momentum=0.9, gamma=Parameter (name=network.c_way.ResUnits.residual_units.5.bn_relu_conv2.bn1.gamma, shape=(64,), dtype=Float32, requires_grad=True), beta=Parameter (name=network.c_way.ResUnits.residual_units.5.bn_relu_conv2.bn1.beta, shape=(64,), dtype=Float32, requires_grad=True), moving_mean=Parameter (name=network.c_way.ResUnits.residual_units.5.bn_relu_conv2.bn1.moving_mean, shape=(64,), dtype=Float32, requires_grad=False), moving_variance=Parameter (name=network.c_way.ResUnits.residual_units.5.bn_relu_conv2.bn1.moving_variance, shape=(64,), dtype=Float32, requires_grad=False)>
              (relu): ReLU<>
              (conv1): Conv2d<input_channels=64, output_channels=64, kernel_size=(3, 3), stride=(1, 1), pad_mode=pad, padding=1, dilation=(1, 1), group=1, has_bias=True, weight_init=normal, bias_init=zeros, format=NCHW>
              >
            >
          (6): ResidualUnit<
            (bn_relu_conv1): BnReluConv<
              (bn1): BatchNorm2d<num_features=64, eps=1e-05, momentum=0.9, gamma=Parameter (name=network.c_way.ResUnits.residual_units.6.bn_relu_conv1.bn1.gamma, shape=(64,), dtype=Float32, requires_grad=True), beta=Parameter (name=network.c_way.ResUnits.residual_units.6.bn_relu_conv1.bn1.beta, shape=(64,), dtype=Float32, requires_grad=True), moving_mean=Parameter (name=network.c_way.ResUnits.residual_units.6.bn_relu_conv1.bn1.moving_mean, shape=(64,), dtype=Float32, requires_grad=False), moving_variance=Parameter (name=network.c_way.ResUnits.residual_units.6.bn_relu_conv1.bn1.moving_variance, shape=(64,), dtype=Float32, requires_grad=False)>
              (relu): ReLU<>
              (conv1): Conv2d<input_channels=64, output_channels=64, kernel_size=(3, 3), stride=(1, 1), pad_mode=pad, padding=1, dilation=(1, 1), group=1, has_bias=True, weight_init=normal, bias_init=zeros, format=NCHW>
              >
            (bn_relu_conv2): BnReluConv<
              (bn1): BatchNorm2d<num_features=64, eps=1e-05, momentum=0.9, gamma=Parameter (name=network.c_way.ResUnits.residual_units.6.bn_relu_conv2.bn1.gamma, shape=(64,), dtype=Float32, requires_grad=True), beta=Parameter (name=network.c_way.ResUnits.residual_units.6.bn_relu_conv2.bn1.beta, shape=(64,), dtype=Float32, requires_grad=True), moving_mean=Parameter (name=network.c_way.ResUnits.residual_units.6.bn_relu_conv2.bn1.moving_mean, shape=(64,), dtype=Float32, requires_grad=False), moving_variance=Parameter (name=network.c_way.ResUnits.residual_units.6.bn_relu_conv2.bn1.moving_variance, shape=(64,), dtype=Float32, requires_grad=False)>
              (relu): ReLU<>
              (conv1): Conv2d<input_channels=64, output_channels=64, kernel_size=(3, 3), stride=(1, 1), pad_mode=pad, padding=1, dilation=(1, 1), group=1, has_bias=True, weight_init=normal, bias_init=zeros, format=NCHW>
              >
            >
          (7): ResidualUnit<
            (bn_relu_conv1): BnReluConv<
              (bn1): BatchNorm2d<num_features=64, eps=1e-05, momentum=0.9, gamma=Parameter (name=network.c_way.ResUnits.residual_units.7.bn_relu_conv1.bn1.gamma, shape=(64,), dtype=Float32, requires_grad=True), beta=Parameter (name=network.c_way.ResUnits.residual_units.7.bn_relu_conv1.bn1.beta, shape=(64,), dtype=Float32, requires_grad=True), moving_mean=Parameter (name=network.c_way.ResUnits.residual_units.7.bn_relu_conv1.bn1.moving_mean, shape=(64,), dtype=Float32, requires_grad=False), moving_variance=Parameter (name=network.c_way.ResUnits.residual_units.7.bn_relu_conv1.bn1.moving_variance, shape=(64,), dtype=Float32, requires_grad=False)>
              (relu): ReLU<>
              (conv1): Conv2d<input_channels=64, output_channels=64, kernel_size=(3, 3), stride=(1, 1), pad_mode=pad, padding=1, dilation=(1, 1), group=1, has_bias=True, weight_init=normal, bias_init=zeros, format=NCHW>
              >
            (bn_relu_conv2): BnReluConv<
              (bn1): BatchNorm2d<num_features=64, eps=1e-05, momentum=0.9, gamma=Parameter (name=network.c_way.ResUnits.residual_units.7.bn_relu_conv2.bn1.gamma, shape=(64,), dtype=Float32, requires_grad=True), beta=Parameter (name=network.c_way.ResUnits.residual_units.7.bn_relu_conv2.bn1.beta, shape=(64,), dtype=Float32, requires_grad=True), moving_mean=Parameter (name=network.c_way.ResUnits.residual_units.7.bn_relu_conv2.bn1.moving_mean, shape=(64,), dtype=Float32, requires_grad=False), moving_variance=Parameter (name=network.c_way.ResUnits.residual_units.7.bn_relu_conv2.bn1.moving_variance, shape=(64,), dtype=Float32, requires_grad=False)>
              (relu): ReLU<>
              (conv1): Conv2d<input_channels=64, output_channels=64, kernel_size=(3, 3), stride=(1, 1), pad_mode=pad, padding=1, dilation=(1, 1), group=1, has_bias=True, weight_init=normal, bias_init=zeros, format=NCHW>
              >
            >
          (8): ResidualUnit<
            (bn_relu_conv1): BnReluConv<
              (bn1): BatchNorm2d<num_features=64, eps=1e-05, momentum=0.9, gamma=Parameter (name=network.c_way.ResUnits.residual_units.8.bn_relu_conv1.bn1.gamma, shape=(64,), dtype=Float32, requires_grad=True), beta=Parameter (name=network.c_way.ResUnits.residual_units.8.bn_relu_conv1.bn1.beta, shape=(64,), dtype=Float32, requires_grad=True), moving_mean=Parameter (name=network.c_way.ResUnits.residual_units.8.bn_relu_conv1.bn1.moving_mean, shape=(64,), dtype=Float32, requires_grad=False), moving_variance=Parameter (name=network.c_way.ResUnits.residual_units.8.bn_relu_conv1.bn1.moving_variance, shape=(64,), dtype=Float32, requires_grad=False)>
              (relu): ReLU<>
              (conv1): Conv2d<input_channels=64, output_channels=64, kernel_size=(3, 3), stride=(1, 1), pad_mode=pad, padding=1, dilation=(1, 1), group=1, has_bias=True, weight_init=normal, bias_init=zeros, format=NCHW>
              >
            (bn_relu_conv2): BnReluConv<
              (bn1): BatchNorm2d<num_features=64, eps=1e-05, momentum=0.9, gamma=Parameter (name=network.c_way.ResUnits.residual_units.8.bn_relu_conv2.bn1.gamma, shape=(64,), dtype=Float32, requires_grad=True), beta=Parameter (name=network.c_way.ResUnits.residual_units.8.bn_relu_conv2.bn1.beta, shape=(64,), dtype=Float32, requires_grad=True), moving_mean=Parameter (name=network.c_way.ResUnits.residual_units.8.bn_relu_conv2.bn1.moving_mean, shape=(64,), dtype=Float32, requires_grad=False), moving_variance=Parameter (name=network.c_way.ResUnits.residual_units.8.bn_relu_conv2.bn1.moving_variance, shape=(64,), dtype=Float32, requires_grad=False)>
              (relu): ReLU<>
              (conv1): Conv2d<input_channels=64, output_channels=64, kernel_size=(3, 3), stride=(1, 1), pad_mode=pad, padding=1, dilation=(1, 1), group=1, has_bias=True, weight_init=normal, bias_init=zeros, format=NCHW>
              >
            >
          (9): ResidualUnit<
            (bn_relu_conv1): BnReluConv<
              (bn1): BatchNorm2d<num_features=64, eps=1e-05, momentum=0.9, gamma=Parameter (name=network.c_way.ResUnits.residual_units.9.bn_relu_conv1.bn1.gamma, shape=(64,), dtype=Float32, requires_grad=True), beta=Parameter (name=network.c_way.ResUnits.residual_units.9.bn_relu_conv1.bn1.beta, shape=(64,), dtype=Float32, requires_grad=True), moving_mean=Parameter (name=network.c_way.ResUnits.residual_units.9.bn_relu_conv1.bn1.moving_mean, shape=(64,), dtype=Float32, requires_grad=False), moving_variance=Parameter (name=network.c_way.ResUnits.residual_units.9.bn_relu_conv1.bn1.moving_variance, shape=(64,), dtype=Float32, requires_grad=False)>
              (relu): ReLU<>
              (conv1): Conv2d<input_channels=64, output_channels=64, kernel_size=(3, 3), stride=(1, 1), pad_mode=pad, padding=1, dilation=(1, 1), group=1, has_bias=True, weight_init=normal, bias_init=zeros, format=NCHW>
              >
            (bn_relu_conv2): BnReluConv<
              (bn1): BatchNorm2d<num_features=64, eps=1e-05, momentum=0.9, gamma=Parameter (name=network.c_way.ResUnits.residual_units.9.bn_relu_conv2.bn1.gamma, shape=(64,), dtype=Float32, requires_grad=True), beta=Parameter (name=network.c_way.ResUnits.residual_units.9.bn_relu_conv2.bn1.beta, shape=(64,), dtype=Float32, requires_grad=True), moving_mean=Parameter (name=network.c_way.ResUnits.residual_units.9.bn_relu_conv2.bn1.moving_mean, shape=(64,), dtype=Float32, requires_grad=False), moving_variance=Parameter (name=network.c_way.ResUnits.residual_units.9.bn_relu_conv2.bn1.moving_variance, shape=(64,), dtype=Float32, requires_grad=False)>
              (relu): ReLU<>
              (conv1): Conv2d<input_channels=64, output_channels=64, kernel_size=(3, 3), stride=(1, 1), pad_mode=pad, padding=1, dilation=(1, 1), group=1, has_bias=True, weight_init=normal, bias_init=zeros, format=NCHW>
              >
            >
          (10): ResidualUnit<
            (bn_relu_conv1): BnReluConv<
              (bn1): BatchNorm2d<num_features=64, eps=1e-05, momentum=0.9, gamma=Parameter (name=network.c_way.ResUnits.residual_units.10.bn_relu_conv1.bn1.gamma, shape=(64,), dtype=Float32, requires_grad=True), beta=Parameter (name=network.c_way.ResUnits.residual_units.10.bn_relu_conv1.bn1.beta, shape=(64,), dtype=Float32, requires_grad=True), moving_mean=Parameter (name=network.c_way.ResUnits.residual_units.10.bn_relu_conv1.bn1.moving_mean, shape=(64,), dtype=Float32, requires_grad=False), moving_variance=Parameter (name=network.c_way.ResUnits.residual_units.10.bn_relu_conv1.bn1.moving_variance, shape=(64,), dtype=Float32, requires_grad=False)>
              (relu): ReLU<>
              (conv1): Conv2d<input_channels=64, output_channels=64, kernel_size=(3, 3), stride=(1, 1), pad_mode=pad, padding=1, dilation=(1, 1), group=1, has_bias=True, weight_init=normal, bias_init=zeros, format=NCHW>
              >
            (bn_relu_conv2): BnReluConv<
              (bn1): BatchNorm2d<num_features=64, eps=1e-05, momentum=0.9, gamma=Parameter (name=network.c_way.ResUnits.residual_units.10.bn_relu_conv2.bn1.gamma, shape=(64,), dtype=Float32, requires_grad=True), beta=Parameter (name=network.c_way.ResUnits.residual_units.10.bn_relu_conv2.bn1.beta, shape=(64,), dtype=Float32, requires_grad=True), moving_mean=Parameter (name=network.c_way.ResUnits.residual_units.10.bn_relu_conv2.bn1.moving_mean, shape=(64,), dtype=Float32, requires_grad=False), moving_variance=Parameter (name=network.c_way.ResUnits.residual_units.10.bn_relu_conv2.bn1.moving_variance, shape=(64,), dtype=Float32, requires_grad=False)>
              (relu): ReLU<>
              (conv1): Conv2d<input_channels=64, output_channels=64, kernel_size=(3, 3), stride=(1, 1), pad_mode=pad, padding=1, dilation=(1, 1), group=1, has_bias=True, weight_init=normal, bias_init=zeros, format=NCHW>
              >
            >
          (11): ResidualUnit<
            (bn_relu_conv1): BnReluConv<
              (bn1): BatchNorm2d<num_features=64, eps=1e-05, momentum=0.9, gamma=Parameter (name=network.c_way.ResUnits.residual_units.11.bn_relu_conv1.bn1.gamma, shape=(64,), dtype=Float32, requires_grad=True), beta=Parameter (name=network.c_way.ResUnits.residual_units.11.bn_relu_conv1.bn1.beta, shape=(64,), dtype=Float32, requires_grad=True), moving_mean=Parameter (name=network.c_way.ResUnits.residual_units.11.bn_relu_conv1.bn1.moving_mean, shape=(64,), dtype=Float32, requires_grad=False), moving_variance=Parameter (name=network.c_way.ResUnits.residual_units.11.bn_relu_conv1.bn1.moving_variance, shape=(64,), dtype=Float32, requires_grad=False)>
              (relu): ReLU<>
              (conv1): Conv2d<input_channels=64, output_channels=64, kernel_size=(3, 3), stride=(1, 1), pad_mode=pad, padding=1, dilation=(1, 1), group=1, has_bias=True, weight_init=normal, bias_init=zeros, format=NCHW>
              >
            (bn_relu_conv2): BnReluConv<
              (bn1): BatchNorm2d<num_features=64, eps=1e-05, momentum=0.9, gamma=Parameter (name=network.c_way.ResUnits.residual_units.11.bn_relu_conv2.bn1.gamma, shape=(64,), dtype=Float32, requires_grad=True), beta=Parameter (name=network.c_way.ResUnits.residual_units.11.bn_relu_conv2.bn1.beta, shape=(64,), dtype=Float32, requires_grad=True), moving_mean=Parameter (name=network.c_way.ResUnits.residual_units.11.bn_relu_conv2.bn1.moving_mean, shape=(64,), dtype=Float32, requires_grad=False), moving_variance=Parameter (name=network.c_way.ResUnits.residual_units.11.bn_relu_conv2.bn1.moving_variance, shape=(64,), dtype=Float32, requires_grad=False)>
              (relu): ReLU<>
              (conv1): Conv2d<input_channels=64, output_channels=64, kernel_size=(3, 3), stride=(1, 1), pad_mode=pad, padding=1, dilation=(1, 1), group=1, has_bias=True, weight_init=normal, bias_init=zeros, format=NCHW>
              >
            >
          >
        >
      (relu): ReLU<>
      (conv2): Conv2d<input_channels=64, output_channels=2, kernel_size=(3, 3), stride=(1, 1), pad_mode=pad, padding=1, dilation=(1, 1), group=1, has_bias=True, weight_init=normal, bias_init=zeros, format=NCHW>
      (FusionLayer): TrainableEltwiseLayer<>
      >
    (p_way): SequentialCell<
      (conv1): Conv2d<input_channels=4, output_channels=64, kernel_size=(3, 3), stride=(1, 1), pad_mode=pad, padding=1, dilation=(1, 1), group=1, has_bias=True, weight_init=normal, bias_init=zeros, format=NCHW>
      (ResUnits): ResUnits<
        (residual_units): SequentialCell<
          (0): ResidualUnit<
            (bn_relu_conv1): BnReluConv<
              (bn1): BatchNorm2d<num_features=64, eps=1e-05, momentum=0.9, gamma=Parameter (name=network.p_way.ResUnits.residual_units.0.bn_relu_conv1.bn1.gamma, shape=(64,), dtype=Float32, requires_grad=True), beta=Parameter (name=network.p_way.ResUnits.residual_units.0.bn_relu_conv1.bn1.beta, shape=(64,), dtype=Float32, requires_grad=True), moving_mean=Parameter (name=network.p_way.ResUnits.residual_units.0.bn_relu_conv1.bn1.moving_mean, shape=(64,), dtype=Float32, requires_grad=False), moving_variance=Parameter (name=network.p_way.ResUnits.residual_units.0.bn_relu_conv1.bn1.moving_variance, shape=(64,), dtype=Float32, requires_grad=False)>
              (relu): ReLU<>
              (conv1): Conv2d<input_channels=64, output_channels=64, kernel_size=(3, 3), stride=(1, 1), pad_mode=pad, padding=1, dilation=(1, 1), group=1, has_bias=True, weight_init=normal, bias_init=zeros, format=NCHW>
              >
            (bn_relu_conv2): BnReluConv<
              (bn1): BatchNorm2d<num_features=64, eps=1e-05, momentum=0.9, gamma=Parameter (name=network.p_way.ResUnits.residual_units.0.bn_relu_conv2.bn1.gamma, shape=(64,), dtype=Float32, requires_grad=True), beta=Parameter (name=network.p_way.ResUnits.residual_units.0.bn_relu_conv2.bn1.beta, shape=(64,), dtype=Float32, requires_grad=True), moving_mean=Parameter (name=network.p_way.ResUnits.residual_units.0.bn_relu_conv2.bn1.moving_mean, shape=(64,), dtype=Float32, requires_grad=False), moving_variance=Parameter (name=network.p_way.ResUnits.residual_units.0.bn_relu_conv2.bn1.moving_variance, shape=(64,), dtype=Float32, requires_grad=False)>
              (relu): ReLU<>
              (conv1): Conv2d<input_channels=64, output_channels=64, kernel_size=(3, 3), stride=(1, 1), pad_mode=pad, padding=1, dilation=(1, 1), group=1, has_bias=True, weight_init=normal, bias_init=zeros, format=NCHW>
              >
            >
          (1): ResidualUnit<
            (bn_relu_conv1): BnReluConv<
              (bn1): BatchNorm2d<num_features=64, eps=1e-05, momentum=0.9, gamma=Parameter (name=network.p_way.ResUnits.residual_units.1.bn_relu_conv1.bn1.gamma, shape=(64,), dtype=Float32, requires_grad=True), beta=Parameter (name=network.p_way.ResUnits.residual_units.1.bn_relu_conv1.bn1.beta, shape=(64,), dtype=Float32, requires_grad=True), moving_mean=Parameter (name=network.p_way.ResUnits.residual_units.1.bn_relu_conv1.bn1.moving_mean, shape=(64,), dtype=Float32, requires_grad=False), moving_variance=Parameter (name=network.p_way.ResUnits.residual_units.1.bn_relu_conv1.bn1.moving_variance, shape=(64,), dtype=Float32, requires_grad=False)>
              (relu): ReLU<>
              (conv1): Conv2d<input_channels=64, output_channels=64, kernel_size=(3, 3), stride=(1, 1), pad_mode=pad, padding=1, dilation=(1, 1), group=1, has_bias=True, weight_init=normal, bias_init=zeros, format=NCHW>
              >
            (bn_relu_conv2): BnReluConv<
              (bn1): BatchNorm2d<num_features=64, eps=1e-05, momentum=0.9, gamma=Parameter (name=network.p_way.ResUnits.residual_units.1.bn_relu_conv2.bn1.gamma, shape=(64,), dtype=Float32, requires_grad=True), beta=Parameter (name=network.p_way.ResUnits.residual_units.1.bn_relu_conv2.bn1.beta, shape=(64,), dtype=Float32, requires_grad=True), moving_mean=Parameter (name=network.p_way.ResUnits.residual_units.1.bn_relu_conv2.bn1.moving_mean, shape=(64,), dtype=Float32, requires_grad=False), moving_variance=Parameter (name=network.p_way.ResUnits.residual_units.1.bn_relu_conv2.bn1.moving_variance, shape=(64,), dtype=Float32, requires_grad=False)>
              (relu): ReLU<>
              (conv1): Conv2d<input_channels=64, output_channels=64, kernel_size=(3, 3), stride=(1, 1), pad_mode=pad, padding=1, dilation=(1, 1), group=1, has_bias=True, weight_init=normal, bias_init=zeros, format=NCHW>
              >
            >
          (2): ResidualUnit<
            (bn_relu_conv1): BnReluConv<
              (bn1): BatchNorm2d<num_features=64, eps=1e-05, momentum=0.9, gamma=Parameter (name=network.p_way.ResUnits.residual_units.2.bn_relu_conv1.bn1.gamma, shape=(64,), dtype=Float32, requires_grad=True), beta=Parameter (name=network.p_way.ResUnits.residual_units.2.bn_relu_conv1.bn1.beta, shape=(64,), dtype=Float32, requires_grad=True), moving_mean=Parameter (name=network.p_way.ResUnits.residual_units.2.bn_relu_conv1.bn1.moving_mean, shape=(64,), dtype=Float32, requires_grad=False), moving_variance=Parameter (name=network.p_way.ResUnits.residual_units.2.bn_relu_conv1.bn1.moving_variance, shape=(64,), dtype=Float32, requires_grad=False)>
              (relu): ReLU<>
              (conv1): Conv2d<input_channels=64, output_channels=64, kernel_size=(3, 3), stride=(1, 1), pad_mode=pad, padding=1, dilation=(1, 1), group=1, has_bias=True, weight_init=normal, bias_init=zeros, format=NCHW>
              >
            (bn_relu_conv2): BnReluConv<
              (bn1): BatchNorm2d<num_features=64, eps=1e-05, momentum=0.9, gamma=Parameter (name=network.p_way.ResUnits.residual_units.2.bn_relu_conv2.bn1.gamma, shape=(64,), dtype=Float32, requires_grad=True), beta=Parameter (name=network.p_way.ResUnits.residual_units.2.bn_relu_conv2.bn1.beta, shape=(64,), dtype=Float32, requires_grad=True), moving_mean=Parameter (name=network.p_way.ResUnits.residual_units.2.bn_relu_conv2.bn1.moving_mean, shape=(64,), dtype=Float32, requires_grad=False), moving_variance=Parameter (name=network.p_way.ResUnits.residual_units.2.bn_relu_conv2.bn1.moving_variance, shape=(64,), dtype=Float32, requires_grad=False)>
              (relu): ReLU<>
              (conv1): Conv2d<input_channels=64, output_channels=64, kernel_size=(3, 3), stride=(1, 1), pad_mode=pad, padding=1, dilation=(1, 1), group=1, has_bias=True, weight_init=normal, bias_init=zeros, format=NCHW>
              >
            >
          (3): ResidualUnit<
            (bn_relu_conv1): BnReluConv<
              (bn1): BatchNorm2d<num_features=64, eps=1e-05, momentum=0.9, gamma=Parameter (name=network.p_way.ResUnits.residual_units.3.bn_relu_conv1.bn1.gamma, shape=(64,), dtype=Float32, requires_grad=True), beta=Parameter (name=network.p_way.ResUnits.residual_units.3.bn_relu_conv1.bn1.beta, shape=(64,), dtype=Float32, requires_grad=True), moving_mean=Parameter (name=network.p_way.ResUnits.residual_units.3.bn_relu_conv1.bn1.moving_mean, shape=(64,), dtype=Float32, requires_grad=False), moving_variance=Parameter (name=network.p_way.ResUnits.residual_units.3.bn_relu_conv1.bn1.moving_variance, shape=(64,), dtype=Float32, requires_grad=False)>
              (relu): ReLU<>
              (conv1): Conv2d<input_channels=64, output_channels=64, kernel_size=(3, 3), stride=(1, 1), pad_mode=pad, padding=1, dilation=(1, 1), group=1, has_bias=True, weight_init=normal, bias_init=zeros, format=NCHW>
              >
            (bn_relu_conv2): BnReluConv<
              (bn1): BatchNorm2d<num_features=64, eps=1e-05, momentum=0.9, gamma=Parameter (name=network.p_way.ResUnits.residual_units.3.bn_relu_conv2.bn1.gamma, shape=(64,), dtype=Float32, requires_grad=True), beta=Parameter (name=network.p_way.ResUnits.residual_units.3.bn_relu_conv2.bn1.beta, shape=(64,), dtype=Float32, requires_grad=True), moving_mean=Parameter (name=network.p_way.ResUnits.residual_units.3.bn_relu_conv2.bn1.moving_mean, shape=(64,), dtype=Float32, requires_grad=False), moving_variance=Parameter (name=network.p_way.ResUnits.residual_units.3.bn_relu_conv2.bn1.moving_variance, shape=(64,), dtype=Float32, requires_grad=False)>
              (relu): ReLU<>
              (conv1): Conv2d<input_channels=64, output_channels=64, kernel_size=(3, 3), stride=(1, 1), pad_mode=pad, padding=1, dilation=(1, 1), group=1, has_bias=True, weight_init=normal, bias_init=zeros, format=NCHW>
              >
            >
          (4): ResidualUnit<
            (bn_relu_conv1): BnReluConv<
              (bn1): BatchNorm2d<num_features=64, eps=1e-05, momentum=0.9, gamma=Parameter (name=network.p_way.ResUnits.residual_units.4.bn_relu_conv1.bn1.gamma, shape=(64,), dtype=Float32, requires_grad=True), beta=Parameter (name=network.p_way.ResUnits.residual_units.4.bn_relu_conv1.bn1.beta, shape=(64,), dtype=Float32, requires_grad=True), moving_mean=Parameter (name=network.p_way.ResUnits.residual_units.4.bn_relu_conv1.bn1.moving_mean, shape=(64,), dtype=Float32, requires_grad=False), moving_variance=Parameter (name=network.p_way.ResUnits.residual_units.4.bn_relu_conv1.bn1.moving_variance, shape=(64,), dtype=Float32, requires_grad=False)>
              (relu): ReLU<>
              (conv1): Conv2d<input_channels=64, output_channels=64, kernel_size=(3, 3), stride=(1, 1), pad_mode=pad, padding=1, dilation=(1, 1), group=1, has_bias=True, weight_init=normal, bias_init=zeros, format=NCHW>
              >
            (bn_relu_conv2): BnReluConv<
              (bn1): BatchNorm2d<num_features=64, eps=1e-05, momentum=0.9, gamma=Parameter (name=network.p_way.ResUnits.residual_units.4.bn_relu_conv2.bn1.gamma, shape=(64,), dtype=Float32, requires_grad=True), beta=Parameter (name=network.p_way.ResUnits.residual_units.4.bn_relu_conv2.bn1.beta, shape=(64,), dtype=Float32, requires_grad=True), moving_mean=Parameter (name=network.p_way.ResUnits.residual_units.4.bn_relu_conv2.bn1.moving_mean, shape=(64,), dtype=Float32, requires_grad=False), moving_variance=Parameter (name=network.p_way.ResUnits.residual_units.4.bn_relu_conv2.bn1.moving_variance, shape=(64,), dtype=Float32, requires_grad=False)>
              (relu): ReLU<>
              (conv1): Conv2d<input_channels=64, output_channels=64, kernel_size=(3, 3), stride=(1, 1), pad_mode=pad, padding=1, dilation=(1, 1), group=1, has_bias=True, weight_init=normal, bias_init=zeros, format=NCHW>
              >
            >
          (5): ResidualUnit<
            (bn_relu_conv1): BnReluConv<
              (bn1): BatchNorm2d<num_features=64, eps=1e-05, momentum=0.9, gamma=Parameter (name=network.p_way.ResUnits.residual_units.5.bn_relu_conv1.bn1.gamma, shape=(64,), dtype=Float32, requires_grad=True), beta=Parameter (name=network.p_way.ResUnits.residual_units.5.bn_relu_conv1.bn1.beta, shape=(64,), dtype=Float32, requires_grad=True), moving_mean=Parameter (name=network.p_way.ResUnits.residual_units.5.bn_relu_conv1.bn1.moving_mean, shape=(64,), dtype=Float32, requires_grad=False), moving_variance=Parameter (name=network.p_way.ResUnits.residual_units.5.bn_relu_conv1.bn1.moving_variance, shape=(64,), dtype=Float32, requires_grad=False)>
              (relu): ReLU<>
              (conv1): Conv2d<input_channels=64, output_channels=64, kernel_size=(3, 3), stride=(1, 1), pad_mode=pad, padding=1, dilation=(1, 1), group=1, has_bias=True, weight_init=normal, bias_init=zeros, format=NCHW>
              >
            (bn_relu_conv2): BnReluConv<
              (bn1): BatchNorm2d<num_features=64, eps=1e-05, momentum=0.9, gamma=Parameter (name=network.p_way.ResUnits.residual_units.5.bn_relu_conv2.bn1.gamma, shape=(64,), dtype=Float32, requires_grad=True), beta=Parameter (name=network.p_way.ResUnits.residual_units.5.bn_relu_conv2.bn1.beta, shape=(64,), dtype=Float32, requires_grad=True), moving_mean=Parameter (name=network.p_way.ResUnits.residual_units.5.bn_relu_conv2.bn1.moving_mean, shape=(64,), dtype=Float32, requires_grad=False), moving_variance=Parameter (name=network.p_way.ResUnits.residual_units.5.bn_relu_conv2.bn1.moving_variance, shape=(64,), dtype=Float32, requires_grad=False)>
              (relu): ReLU<>
              (conv1): Conv2d<input_channels=64, output_channels=64, kernel_size=(3, 3), stride=(1, 1), pad_mode=pad, padding=1, dilation=(1, 1), group=1, has_bias=True, weight_init=normal, bias_init=zeros, format=NCHW>
              >
            >
          (6): ResidualUnit<
            (bn_relu_conv1): BnReluConv<
              (bn1): BatchNorm2d<num_features=64, eps=1e-05, momentum=0.9, gamma=Parameter (name=network.p_way.ResUnits.residual_units.6.bn_relu_conv1.bn1.gamma, shape=(64,), dtype=Float32, requires_grad=True), beta=Parameter (name=network.p_way.ResUnits.residual_units.6.bn_relu_conv1.bn1.beta, shape=(64,), dtype=Float32, requires_grad=True), moving_mean=Parameter (name=network.p_way.ResUnits.residual_units.6.bn_relu_conv1.bn1.moving_mean, shape=(64,), dtype=Float32, requires_grad=False), moving_variance=Parameter (name=network.p_way.ResUnits.residual_units.6.bn_relu_conv1.bn1.moving_variance, shape=(64,), dtype=Float32, requires_grad=False)>
              (relu): ReLU<>
              (conv1): Conv2d<input_channels=64, output_channels=64, kernel_size=(3, 3), stride=(1, 1), pad_mode=pad, padding=1, dilation=(1, 1), group=1, has_bias=True, weight_init=normal, bias_init=zeros, format=NCHW>
              >
            (bn_relu_conv2): BnReluConv<
              (bn1): BatchNorm2d<num_features=64, eps=1e-05, momentum=0.9, gamma=Parameter (name=network.p_way.ResUnits.residual_units.6.bn_relu_conv2.bn1.gamma, shape=(64,), dtype=Float32, requires_grad=True), beta=Parameter (name=network.p_way.ResUnits.residual_units.6.bn_relu_conv2.bn1.beta, shape=(64,), dtype=Float32, requires_grad=True), moving_mean=Parameter (name=network.p_way.ResUnits.residual_units.6.bn_relu_conv2.bn1.moving_mean, shape=(64,), dtype=Float32, requires_grad=False), moving_variance=Parameter (name=network.p_way.ResUnits.residual_units.6.bn_relu_conv2.bn1.moving_variance, shape=(64,), dtype=Float32, requires_grad=False)>
              (relu): ReLU<>
              (conv1): Conv2d<input_channels=64, output_channels=64, kernel_size=(3, 3), stride=(1, 1), pad_mode=pad, padding=1, dilation=(1, 1), group=1, has_bias=True, weight_init=normal, bias_init=zeros, format=NCHW>
              >
            >
          (7): ResidualUnit<
            (bn_relu_conv1): BnReluConv<
              (bn1): BatchNorm2d<num_features=64, eps=1e-05, momentum=0.9, gamma=Parameter (name=network.p_way.ResUnits.residual_units.7.bn_relu_conv1.bn1.gamma, shape=(64,), dtype=Float32, requires_grad=True), beta=Parameter (name=network.p_way.ResUnits.residual_units.7.bn_relu_conv1.bn1.beta, shape=(64,), dtype=Float32, requires_grad=True), moving_mean=Parameter (name=network.p_way.ResUnits.residual_units.7.bn_relu_conv1.bn1.moving_mean, shape=(64,), dtype=Float32, requires_grad=False), moving_variance=Parameter (name=network.p_way.ResUnits.residual_units.7.bn_relu_conv1.bn1.moving_variance, shape=(64,), dtype=Float32, requires_grad=False)>
              (relu): ReLU<>
              (conv1): Conv2d<input_channels=64, output_channels=64, kernel_size=(3, 3), stride=(1, 1), pad_mode=pad, padding=1, dilation=(1, 1), group=1, has_bias=True, weight_init=normal, bias_init=zeros, format=NCHW>
              >
            (bn_relu_conv2): BnReluConv<
              (bn1): BatchNorm2d<num_features=64, eps=1e-05, momentum=0.9, gamma=Parameter (name=network.p_way.ResUnits.residual_units.7.bn_relu_conv2.bn1.gamma, shape=(64,), dtype=Float32, requires_grad=True), beta=Parameter (name=network.p_way.ResUnits.residual_units.7.bn_relu_conv2.bn1.beta, shape=(64,), dtype=Float32, requires_grad=True), moving_mean=Parameter (name=network.p_way.ResUnits.residual_units.7.bn_relu_conv2.bn1.moving_mean, shape=(64,), dtype=Float32, requires_grad=False), moving_variance=Parameter (name=network.p_way.ResUnits.residual_units.7.bn_relu_conv2.bn1.moving_variance, shape=(64,), dtype=Float32, requires_grad=False)>
              (relu): ReLU<>
              (conv1): Conv2d<input_channels=64, output_channels=64, kernel_size=(3, 3), stride=(1, 1), pad_mode=pad, padding=1, dilation=(1, 1), group=1, has_bias=True, weight_init=normal, bias_init=zeros, format=NCHW>
              >
            >
          (8): ResidualUnit<
            (bn_relu_conv1): BnReluConv<
              (bn1): BatchNorm2d<num_features=64, eps=1e-05, momentum=0.9, gamma=Parameter (name=network.p_way.ResUnits.residual_units.8.bn_relu_conv1.bn1.gamma, shape=(64,), dtype=Float32, requires_grad=True), beta=Parameter (name=network.p_way.ResUnits.residual_units.8.bn_relu_conv1.bn1.beta, shape=(64,), dtype=Float32, requires_grad=True), moving_mean=Parameter (name=network.p_way.ResUnits.residual_units.8.bn_relu_conv1.bn1.moving_mean, shape=(64,), dtype=Float32, requires_grad=False), moving_variance=Parameter (name=network.p_way.ResUnits.residual_units.8.bn_relu_conv1.bn1.moving_variance, shape=(64,), dtype=Float32, requires_grad=False)>
              (relu): ReLU<>
              (conv1): Conv2d<input_channels=64, output_channels=64, kernel_size=(3, 3), stride=(1, 1), pad_mode=pad, padding=1, dilation=(1, 1), group=1, has_bias=True, weight_init=normal, bias_init=zeros, format=NCHW>
              >
            (bn_relu_conv2): BnReluConv<
              (bn1): BatchNorm2d<num_features=64, eps=1e-05, momentum=0.9, gamma=Parameter (name=network.p_way.ResUnits.residual_units.8.bn_relu_conv2.bn1.gamma, shape=(64,), dtype=Float32, requires_grad=True), beta=Parameter (name=network.p_way.ResUnits.residual_units.8.bn_relu_conv2.bn1.beta, shape=(64,), dtype=Float32, requires_grad=True), moving_mean=Parameter (name=network.p_way.ResUnits.residual_units.8.bn_relu_conv2.bn1.moving_mean, shape=(64,), dtype=Float32, requires_grad=False), moving_variance=Parameter (name=network.p_way.ResUnits.residual_units.8.bn_relu_conv2.bn1.moving_variance, shape=(64,), dtype=Float32, requires_grad=False)>
              (relu): ReLU<>
              (conv1): Conv2d<input_channels=64, output_channels=64, kernel_size=(3, 3), stride=(1, 1), pad_mode=pad, padding=1, dilation=(1, 1), group=1, has_bias=True, weight_init=normal, bias_init=zeros, format=NCHW>
              >
            >
          (9): ResidualUnit<
            (bn_relu_conv1): BnReluConv<
              (bn1): BatchNorm2d<num_features=64, eps=1e-05, momentum=0.9, gamma=Parameter (name=network.p_way.ResUnits.residual_units.9.bn_relu_conv1.bn1.gamma, shape=(64,), dtype=Float32, requires_grad=True), beta=Parameter (name=network.p_way.ResUnits.residual_units.9.bn_relu_conv1.bn1.beta, shape=(64,), dtype=Float32, requires_grad=True), moving_mean=Parameter (name=network.p_way.ResUnits.residual_units.9.bn_relu_conv1.bn1.moving_mean, shape=(64,), dtype=Float32, requires_grad=False), moving_variance=Parameter (name=network.p_way.ResUnits.residual_units.9.bn_relu_conv1.bn1.moving_variance, shape=(64,), dtype=Float32, requires_grad=False)>
              (relu): ReLU<>
              (conv1): Conv2d<input_channels=64, output_channels=64, kernel_size=(3, 3), stride=(1, 1), pad_mode=pad, padding=1, dilation=(1, 1), group=1, has_bias=True, weight_init=normal, bias_init=zeros, format=NCHW>
              >
            (bn_relu_conv2): BnReluConv<
              (bn1): BatchNorm2d<num_features=64, eps=1e-05, momentum=0.9, gamma=Parameter (name=network.p_way.ResUnits.residual_units.9.bn_relu_conv2.bn1.gamma, shape=(64,), dtype=Float32, requires_grad=True), beta=Parameter (name=network.p_way.ResUnits.residual_units.9.bn_relu_conv2.bn1.beta, shape=(64,), dtype=Float32, requires_grad=True), moving_mean=Parameter (name=network.p_way.ResUnits.residual_units.9.bn_relu_conv2.bn1.moving_mean, shape=(64,), dtype=Float32, requires_grad=False), moving_variance=Parameter (name=network.p_way.ResUnits.residual_units.9.bn_relu_conv2.bn1.moving_variance, shape=(64,), dtype=Float32, requires_grad=False)>
              (relu): ReLU<>
              (conv1): Conv2d<input_channels=64, output_channels=64, kernel_size=(3, 3), stride=(1, 1), pad_mode=pad, padding=1, dilation=(1, 1), group=1, has_bias=True, weight_init=normal, bias_init=zeros, format=NCHW>
              >
            >
          (10): ResidualUnit<
            (bn_relu_conv1): BnReluConv<
              (bn1): BatchNorm2d<num_features=64, eps=1e-05, momentum=0.9, gamma=Parameter (name=network.p_way.ResUnits.residual_units.10.bn_relu_conv1.bn1.gamma, shape=(64,), dtype=Float32, requires_grad=True), beta=Parameter (name=network.p_way.ResUnits.residual_units.10.bn_relu_conv1.bn1.beta, shape=(64,), dtype=Float32, requires_grad=True), moving_mean=Parameter (name=network.p_way.ResUnits.residual_units.10.bn_relu_conv1.bn1.moving_mean, shape=(64,), dtype=Float32, requires_grad=False), moving_variance=Parameter (name=network.p_way.ResUnits.residual_units.10.bn_relu_conv1.bn1.moving_variance, shape=(64,), dtype=Float32, requires_grad=False)>
              (relu): ReLU<>
              (conv1): Conv2d<input_channels=64, output_channels=64, kernel_size=(3, 3), stride=(1, 1), pad_mode=pad, padding=1, dilation=(1, 1), group=1, has_bias=True, weight_init=normal, bias_init=zeros, format=NCHW>
              >
            (bn_relu_conv2): BnReluConv<
              (bn1): BatchNorm2d<num_features=64, eps=1e-05, momentum=0.9, gamma=Parameter (name=network.p_way.ResUnits.residual_units.10.bn_relu_conv2.bn1.gamma, shape=(64,), dtype=Float32, requires_grad=True), beta=Parameter (name=network.p_way.ResUnits.residual_units.10.bn_relu_conv2.bn1.beta, shape=(64,), dtype=Float32, requires_grad=True), moving_mean=Parameter (name=network.p_way.ResUnits.residual_units.10.bn_relu_conv2.bn1.moving_mean, shape=(64,), dtype=Float32, requires_grad=False), moving_variance=Parameter (name=network.p_way.ResUnits.residual_units.10.bn_relu_conv2.bn1.moving_variance, shape=(64,), dtype=Float32, requires_grad=False)>
              (relu): ReLU<>
              (conv1): Conv2d<input_channels=64, output_channels=64, kernel_size=(3, 3), stride=(1, 1), pad_mode=pad, padding=1, dilation=(1, 1), group=1, has_bias=True, weight_init=normal, bias_init=zeros, format=NCHW>
              >
            >
          (11): ResidualUnit<
            (bn_relu_conv1): BnReluConv<
              (bn1): BatchNorm2d<num_features=64, eps=1e-05, momentum=0.9, gamma=Parameter (name=network.p_way.ResUnits.residual_units.11.bn_relu_conv1.bn1.gamma, shape=(64,), dtype=Float32, requires_grad=True), beta=Parameter (name=network.p_way.ResUnits.residual_units.11.bn_relu_conv1.bn1.beta, shape=(64,), dtype=Float32, requires_grad=True), moving_mean=Parameter (name=network.p_way.ResUnits.residual_units.11.bn_relu_conv1.bn1.moving_mean, shape=(64,), dtype=Float32, requires_grad=False), moving_variance=Parameter (name=network.p_way.ResUnits.residual_units.11.bn_relu_conv1.bn1.moving_variance, shape=(64,), dtype=Float32, requires_grad=False)>
              (relu): ReLU<>
              (conv1): Conv2d<input_channels=64, output_channels=64, kernel_size=(3, 3), stride=(1, 1), pad_mode=pad, padding=1, dilation=(1, 1), group=1, has_bias=True, weight_init=normal, bias_init=zeros, format=NCHW>
              >
            (bn_relu_conv2): BnReluConv<
              (bn1): BatchNorm2d<num_features=64, eps=1e-05, momentum=0.9, gamma=Parameter (name=network.p_way.ResUnits.residual_units.11.bn_relu_conv2.bn1.gamma, shape=(64,), dtype=Float32, requires_grad=True), beta=Parameter (name=network.p_way.ResUnits.residual_units.11.bn_relu_conv2.bn1.beta, shape=(64,), dtype=Float32, requires_grad=True), moving_mean=Parameter (name=network.p_way.ResUnits.residual_units.11.bn_relu_conv2.bn1.moving_mean, shape=(64,), dtype=Float32, requires_grad=False), moving_variance=Parameter (name=network.p_way.ResUnits.residual_units.11.bn_relu_conv2.bn1.moving_variance, shape=(64,), dtype=Float32, requires_grad=False)>
              (relu): ReLU<>
              (conv1): Conv2d<input_channels=64, output_channels=64, kernel_size=(3, 3), stride=(1, 1), pad_mode=pad, padding=1, dilation=(1, 1), group=1, has_bias=True, weight_init=normal, bias_init=zeros, format=NCHW>
              >
            >
          >
        >
      (relu): ReLU<>
      (conv2): Conv2d<input_channels=64, output_channels=2, kernel_size=(3, 3), stride=(1, 1), pad_mode=pad, padding=1, dilation=(1, 1), group=1, has_bias=True, weight_init=normal, bias_init=zeros, format=NCHW>
      (FusionLayer): TrainableEltwiseLayer<>
      >
    (external_ops): SequentialCell<
      (embd): Dense<input_channels=33, output_channels=10, has_bias=True>
      (relu1): ReLU<>
      (fc): Dense<input_channels=10, output_channels=256, has_bias=True>
      (relu2): ReLU<>
      >
    >
  >
2023-10-12 16:52:09,411 - INFO - network.c_way.conv1.weight	(64, 8, 3, 3)	True
2023-10-12 16:52:09,412 - INFO - network.c_way.conv1.bias	(64,)	True
2023-10-12 16:52:09,412 - INFO - network.c_way.ResUnits.residual_units.0.bn_relu_conv1.bn1.gamma	(64,)	True
2023-10-12 16:52:09,412 - INFO - network.c_way.ResUnits.residual_units.0.bn_relu_conv1.bn1.beta	(64,)	True
2023-10-12 16:52:09,412 - INFO - network.c_way.ResUnits.residual_units.0.bn_relu_conv1.conv1.weight	(64, 64, 3, 3)	True
2023-10-12 16:52:09,412 - INFO - network.c_way.ResUnits.residual_units.0.bn_relu_conv1.conv1.bias	(64,)	True
2023-10-12 16:52:09,412 - INFO - network.c_way.ResUnits.residual_units.0.bn_relu_conv2.bn1.gamma	(64,)	True
2023-10-12 16:52:09,412 - INFO - network.c_way.ResUnits.residual_units.0.bn_relu_conv2.bn1.beta	(64,)	True
2023-10-12 16:52:09,412 - INFO - network.c_way.ResUnits.residual_units.0.bn_relu_conv2.conv1.weight	(64, 64, 3, 3)	True
2023-10-12 16:52:09,413 - INFO - network.c_way.ResUnits.residual_units.0.bn_relu_conv2.conv1.bias	(64,)	True
2023-10-12 16:52:09,413 - INFO - network.c_way.ResUnits.residual_units.1.bn_relu_conv1.bn1.gamma	(64,)	True
2023-10-12 16:52:09,413 - INFO - network.c_way.ResUnits.residual_units.1.bn_relu_conv1.bn1.beta	(64,)	True
2023-10-12 16:52:09,413 - INFO - network.c_way.ResUnits.residual_units.1.bn_relu_conv1.conv1.weight	(64, 64, 3, 3)	True
2023-10-12 16:52:09,413 - INFO - network.c_way.ResUnits.residual_units.1.bn_relu_conv1.conv1.bias	(64,)	True
2023-10-12 16:52:09,413 - INFO - network.c_way.ResUnits.residual_units.1.bn_relu_conv2.bn1.gamma	(64,)	True
2023-10-12 16:52:09,413 - INFO - network.c_way.ResUnits.residual_units.1.bn_relu_conv2.bn1.beta	(64,)	True
2023-10-12 16:52:09,413 - INFO - network.c_way.ResUnits.residual_units.1.bn_relu_conv2.conv1.weight	(64, 64, 3, 3)	True
2023-10-12 16:52:09,413 - INFO - network.c_way.ResUnits.residual_units.1.bn_relu_conv2.conv1.bias	(64,)	True
2023-10-12 16:52:09,414 - INFO - network.c_way.ResUnits.residual_units.2.bn_relu_conv1.bn1.gamma	(64,)	True
2023-10-12 16:52:09,414 - INFO - network.c_way.ResUnits.residual_units.2.bn_relu_conv1.bn1.beta	(64,)	True
2023-10-12 16:52:09,414 - INFO - network.c_way.ResUnits.residual_units.2.bn_relu_conv1.conv1.weight	(64, 64, 3, 3)	True
2023-10-12 16:52:09,414 - INFO - network.c_way.ResUnits.residual_units.2.bn_relu_conv1.conv1.bias	(64,)	True
2023-10-12 16:52:09,414 - INFO - network.c_way.ResUnits.residual_units.2.bn_relu_conv2.bn1.gamma	(64,)	True
2023-10-12 16:52:09,414 - INFO - network.c_way.ResUnits.residual_units.2.bn_relu_conv2.bn1.beta	(64,)	True
2023-10-12 16:52:09,414 - INFO - network.c_way.ResUnits.residual_units.2.bn_relu_conv2.conv1.weight	(64, 64, 3, 3)	True
2023-10-12 16:52:09,414 - INFO - network.c_way.ResUnits.residual_units.2.bn_relu_conv2.conv1.bias	(64,)	True
2023-10-12 16:52:09,415 - INFO - network.c_way.ResUnits.residual_units.3.bn_relu_conv1.bn1.gamma	(64,)	True
2023-10-12 16:52:09,415 - INFO - network.c_way.ResUnits.residual_units.3.bn_relu_conv1.bn1.beta	(64,)	True
2023-10-12 16:52:09,415 - INFO - network.c_way.ResUnits.residual_units.3.bn_relu_conv1.conv1.weight	(64, 64, 3, 3)	True
2023-10-12 16:52:09,415 - INFO - network.c_way.ResUnits.residual_units.3.bn_relu_conv1.conv1.bias	(64,)	True
2023-10-12 16:52:09,415 - INFO - network.c_way.ResUnits.residual_units.3.bn_relu_conv2.bn1.gamma	(64,)	True
2023-10-12 16:52:09,415 - INFO - network.c_way.ResUnits.residual_units.3.bn_relu_conv2.bn1.beta	(64,)	True
2023-10-12 16:52:09,415 - INFO - network.c_way.ResUnits.residual_units.3.bn_relu_conv2.conv1.weight	(64, 64, 3, 3)	True
2023-10-12 16:52:09,415 - INFO - network.c_way.ResUnits.residual_units.3.bn_relu_conv2.conv1.bias	(64,)	True
2023-10-12 16:52:09,415 - INFO - network.c_way.ResUnits.residual_units.4.bn_relu_conv1.bn1.gamma	(64,)	True
2023-10-12 16:52:09,416 - INFO - network.c_way.ResUnits.residual_units.4.bn_relu_conv1.bn1.beta	(64,)	True
2023-10-12 16:52:09,416 - INFO - network.c_way.ResUnits.residual_units.4.bn_relu_conv1.conv1.weight	(64, 64, 3, 3)	True
2023-10-12 16:52:09,416 - INFO - network.c_way.ResUnits.residual_units.4.bn_relu_conv1.conv1.bias	(64,)	True
2023-10-12 16:52:09,416 - INFO - network.c_way.ResUnits.residual_units.4.bn_relu_conv2.bn1.gamma	(64,)	True
2023-10-12 16:52:09,416 - INFO - network.c_way.ResUnits.residual_units.4.bn_relu_conv2.bn1.beta	(64,)	True
2023-10-12 16:52:09,416 - INFO - network.c_way.ResUnits.residual_units.4.bn_relu_conv2.conv1.weight	(64, 64, 3, 3)	True
2023-10-12 16:52:09,416 - INFO - network.c_way.ResUnits.residual_units.4.bn_relu_conv2.conv1.bias	(64,)	True
2023-10-12 16:52:09,416 - INFO - network.c_way.ResUnits.residual_units.5.bn_relu_conv1.bn1.gamma	(64,)	True
2023-10-12 16:52:09,417 - INFO - network.c_way.ResUnits.residual_units.5.bn_relu_conv1.bn1.beta	(64,)	True
2023-10-12 16:52:09,417 - INFO - network.c_way.ResUnits.residual_units.5.bn_relu_conv1.conv1.weight	(64, 64, 3, 3)	True
2023-10-12 16:52:09,417 - INFO - network.c_way.ResUnits.residual_units.5.bn_relu_conv1.conv1.bias	(64,)	True
2023-10-12 16:52:09,417 - INFO - network.c_way.ResUnits.residual_units.5.bn_relu_conv2.bn1.gamma	(64,)	True
2023-10-12 16:52:09,417 - INFO - network.c_way.ResUnits.residual_units.5.bn_relu_conv2.bn1.beta	(64,)	True
2023-10-12 16:52:09,417 - INFO - network.c_way.ResUnits.residual_units.5.bn_relu_conv2.conv1.weight	(64, 64, 3, 3)	True
2023-10-12 16:52:09,417 - INFO - network.c_way.ResUnits.residual_units.5.bn_relu_conv2.conv1.bias	(64,)	True
2023-10-12 16:52:09,417 - INFO - network.c_way.ResUnits.residual_units.6.bn_relu_conv1.bn1.gamma	(64,)	True
2023-10-12 16:52:09,417 - INFO - network.c_way.ResUnits.residual_units.6.bn_relu_conv1.bn1.beta	(64,)	True
2023-10-12 16:52:09,418 - INFO - network.c_way.ResUnits.residual_units.6.bn_relu_conv1.conv1.weight	(64, 64, 3, 3)	True
2023-10-12 16:52:09,418 - INFO - network.c_way.ResUnits.residual_units.6.bn_relu_conv1.conv1.bias	(64,)	True
2023-10-12 16:52:09,418 - INFO - network.c_way.ResUnits.residual_units.6.bn_relu_conv2.bn1.gamma	(64,)	True
2023-10-12 16:52:09,418 - INFO - network.c_way.ResUnits.residual_units.6.bn_relu_conv2.bn1.beta	(64,)	True
2023-10-12 16:52:09,418 - INFO - network.c_way.ResUnits.residual_units.6.bn_relu_conv2.conv1.weight	(64, 64, 3, 3)	True
2023-10-12 16:52:09,418 - INFO - network.c_way.ResUnits.residual_units.6.bn_relu_conv2.conv1.bias	(64,)	True
2023-10-12 16:52:09,418 - INFO - network.c_way.ResUnits.residual_units.7.bn_relu_conv1.bn1.gamma	(64,)	True
2023-10-12 16:52:09,418 - INFO - network.c_way.ResUnits.residual_units.7.bn_relu_conv1.bn1.beta	(64,)	True
2023-10-12 16:52:09,418 - INFO - network.c_way.ResUnits.residual_units.7.bn_relu_conv1.conv1.weight	(64, 64, 3, 3)	True
2023-10-12 16:52:09,419 - INFO - network.c_way.ResUnits.residual_units.7.bn_relu_conv1.conv1.bias	(64,)	True
2023-10-12 16:52:09,419 - INFO - network.c_way.ResUnits.residual_units.7.bn_relu_conv2.bn1.gamma	(64,)	True
2023-10-12 16:52:09,419 - INFO - network.c_way.ResUnits.residual_units.7.bn_relu_conv2.bn1.beta	(64,)	True
2023-10-12 16:52:09,419 - INFO - network.c_way.ResUnits.residual_units.7.bn_relu_conv2.conv1.weight	(64, 64, 3, 3)	True
2023-10-12 16:52:09,419 - INFO - network.c_way.ResUnits.residual_units.7.bn_relu_conv2.conv1.bias	(64,)	True
2023-10-12 16:52:09,419 - INFO - network.c_way.ResUnits.residual_units.8.bn_relu_conv1.bn1.gamma	(64,)	True
2023-10-12 16:52:09,419 - INFO - network.c_way.ResUnits.residual_units.8.bn_relu_conv1.bn1.beta	(64,)	True
2023-10-12 16:52:09,419 - INFO - network.c_way.ResUnits.residual_units.8.bn_relu_conv1.conv1.weight	(64, 64, 3, 3)	True
2023-10-12 16:52:09,419 - INFO - network.c_way.ResUnits.residual_units.8.bn_relu_conv1.conv1.bias	(64,)	True
2023-10-12 16:52:09,420 - INFO - network.c_way.ResUnits.residual_units.8.bn_relu_conv2.bn1.gamma	(64,)	True
2023-10-12 16:52:09,420 - INFO - network.c_way.ResUnits.residual_units.8.bn_relu_conv2.bn1.beta	(64,)	True
2023-10-12 16:52:09,420 - INFO - network.c_way.ResUnits.residual_units.8.bn_relu_conv2.conv1.weight	(64, 64, 3, 3)	True
2023-10-12 16:52:09,420 - INFO - network.c_way.ResUnits.residual_units.8.bn_relu_conv2.conv1.bias	(64,)	True
2023-10-12 16:52:09,420 - INFO - network.c_way.ResUnits.residual_units.9.bn_relu_conv1.bn1.gamma	(64,)	True
2023-10-12 16:52:09,420 - INFO - network.c_way.ResUnits.residual_units.9.bn_relu_conv1.bn1.beta	(64,)	True
2023-10-12 16:52:09,420 - INFO - network.c_way.ResUnits.residual_units.9.bn_relu_conv1.conv1.weight	(64, 64, 3, 3)	True
2023-10-12 16:52:09,420 - INFO - network.c_way.ResUnits.residual_units.9.bn_relu_conv1.conv1.bias	(64,)	True
2023-10-12 16:52:09,420 - INFO - network.c_way.ResUnits.residual_units.9.bn_relu_conv2.bn1.gamma	(64,)	True
2023-10-12 16:52:09,421 - INFO - network.c_way.ResUnits.residual_units.9.bn_relu_conv2.bn1.beta	(64,)	True
2023-10-12 16:52:09,421 - INFO - network.c_way.ResUnits.residual_units.9.bn_relu_conv2.conv1.weight	(64, 64, 3, 3)	True
2023-10-12 16:52:09,421 - INFO - network.c_way.ResUnits.residual_units.9.bn_relu_conv2.conv1.bias	(64,)	True
2023-10-12 16:52:09,421 - INFO - network.c_way.ResUnits.residual_units.10.bn_relu_conv1.bn1.gamma	(64,)	True
2023-10-12 16:52:09,421 - INFO - network.c_way.ResUnits.residual_units.10.bn_relu_conv1.bn1.beta	(64,)	True
2023-10-12 16:52:09,421 - INFO - network.c_way.ResUnits.residual_units.10.bn_relu_conv1.conv1.weight	(64, 64, 3, 3)	True
2023-10-12 16:52:09,421 - INFO - network.c_way.ResUnits.residual_units.10.bn_relu_conv1.conv1.bias	(64,)	True
2023-10-12 16:52:09,421 - INFO - network.c_way.ResUnits.residual_units.10.bn_relu_conv2.bn1.gamma	(64,)	True
2023-10-12 16:52:09,422 - INFO - network.c_way.ResUnits.residual_units.10.bn_relu_conv2.bn1.beta	(64,)	True
2023-10-12 16:52:09,422 - INFO - network.c_way.ResUnits.residual_units.10.bn_relu_conv2.conv1.weight	(64, 64, 3, 3)	True
2023-10-12 16:52:09,422 - INFO - network.c_way.ResUnits.residual_units.10.bn_relu_conv2.conv1.bias	(64,)	True
2023-10-12 16:52:09,422 - INFO - network.c_way.ResUnits.residual_units.11.bn_relu_conv1.bn1.gamma	(64,)	True
2023-10-12 16:52:09,422 - INFO - network.c_way.ResUnits.residual_units.11.bn_relu_conv1.bn1.beta	(64,)	True
2023-10-12 16:52:09,422 - INFO - network.c_way.ResUnits.residual_units.11.bn_relu_conv1.conv1.weight	(64, 64, 3, 3)	True
2023-10-12 16:52:09,422 - INFO - network.c_way.ResUnits.residual_units.11.bn_relu_conv1.conv1.bias	(64,)	True
2023-10-12 16:52:09,422 - INFO - network.c_way.ResUnits.residual_units.11.bn_relu_conv2.bn1.gamma	(64,)	True
2023-10-12 16:52:09,422 - INFO - network.c_way.ResUnits.residual_units.11.bn_relu_conv2.bn1.beta	(64,)	True
2023-10-12 16:52:09,423 - INFO - network.c_way.ResUnits.residual_units.11.bn_relu_conv2.conv1.weight	(64, 64, 3, 3)	True
2023-10-12 16:52:09,423 - INFO - network.c_way.ResUnits.residual_units.11.bn_relu_conv2.conv1.bias	(64,)	True
2023-10-12 16:52:09,423 - INFO - network.c_way.conv2.weight	(2, 64, 3, 3)	True
2023-10-12 16:52:09,423 - INFO - network.c_way.conv2.bias	(2,)	True
2023-10-12 16:52:09,423 - INFO - network.c_way.FusionLayer.weights	(1, 2, 16, 8)	True
2023-10-12 16:52:09,423 - INFO - network.p_way.conv1.weight	(64, 4, 3, 3)	True
2023-10-12 16:52:09,423 - INFO - network.p_way.conv1.bias	(64,)	True
2023-10-12 16:52:09,423 - INFO - network.p_way.ResUnits.residual_units.0.bn_relu_conv1.bn1.gamma	(64,)	True
2023-10-12 16:52:09,423 - INFO - network.p_way.ResUnits.residual_units.0.bn_relu_conv1.bn1.beta	(64,)	True
2023-10-12 16:52:09,424 - INFO - network.p_way.ResUnits.residual_units.0.bn_relu_conv1.conv1.weight	(64, 64, 3, 3)	True
2023-10-12 16:52:09,424 - INFO - network.p_way.ResUnits.residual_units.0.bn_relu_conv1.conv1.bias	(64,)	True
2023-10-12 16:52:09,424 - INFO - network.p_way.ResUnits.residual_units.0.bn_relu_conv2.bn1.gamma	(64,)	True
2023-10-12 16:52:09,424 - INFO - network.p_way.ResUnits.residual_units.0.bn_relu_conv2.bn1.beta	(64,)	True
2023-10-12 16:52:09,424 - INFO - network.p_way.ResUnits.residual_units.0.bn_relu_conv2.conv1.weight	(64, 64, 3, 3)	True
2023-10-12 16:52:09,424 - INFO - network.p_way.ResUnits.residual_units.0.bn_relu_conv2.conv1.bias	(64,)	True
2023-10-12 16:52:09,424 - INFO - network.p_way.ResUnits.residual_units.1.bn_relu_conv1.bn1.gamma	(64,)	True
2023-10-12 16:52:09,424 - INFO - network.p_way.ResUnits.residual_units.1.bn_relu_conv1.bn1.beta	(64,)	True
2023-10-12 16:52:09,424 - INFO - network.p_way.ResUnits.residual_units.1.bn_relu_conv1.conv1.weight	(64, 64, 3, 3)	True
2023-10-12 16:52:09,425 - INFO - network.p_way.ResUnits.residual_units.1.bn_relu_conv1.conv1.bias	(64,)	True
2023-10-12 16:52:09,425 - INFO - network.p_way.ResUnits.residual_units.1.bn_relu_conv2.bn1.gamma	(64,)	True
2023-10-12 16:52:09,425 - INFO - network.p_way.ResUnits.residual_units.1.bn_relu_conv2.bn1.beta	(64,)	True
2023-10-12 16:52:09,425 - INFO - network.p_way.ResUnits.residual_units.1.bn_relu_conv2.conv1.weight	(64, 64, 3, 3)	True
2023-10-12 16:52:09,425 - INFO - network.p_way.ResUnits.residual_units.1.bn_relu_conv2.conv1.bias	(64,)	True
2023-10-12 16:52:09,425 - INFO - network.p_way.ResUnits.residual_units.2.bn_relu_conv1.bn1.gamma	(64,)	True
2023-10-12 16:52:09,425 - INFO - network.p_way.ResUnits.residual_units.2.bn_relu_conv1.bn1.beta	(64,)	True
2023-10-12 16:52:09,425 - INFO - network.p_way.ResUnits.residual_units.2.bn_relu_conv1.conv1.weight	(64, 64, 3, 3)	True
2023-10-12 16:52:09,426 - INFO - network.p_way.ResUnits.residual_units.2.bn_relu_conv1.conv1.bias	(64,)	True
2023-10-12 16:52:09,426 - INFO - network.p_way.ResUnits.residual_units.2.bn_relu_conv2.bn1.gamma	(64,)	True
2023-10-12 16:52:09,426 - INFO - network.p_way.ResUnits.residual_units.2.bn_relu_conv2.bn1.beta	(64,)	True
2023-10-12 16:52:09,426 - INFO - network.p_way.ResUnits.residual_units.2.bn_relu_conv2.conv1.weight	(64, 64, 3, 3)	True
2023-10-12 16:52:09,426 - INFO - network.p_way.ResUnits.residual_units.2.bn_relu_conv2.conv1.bias	(64,)	True
2023-10-12 16:52:09,426 - INFO - network.p_way.ResUnits.residual_units.3.bn_relu_conv1.bn1.gamma	(64,)	True
2023-10-12 16:52:09,426 - INFO - network.p_way.ResUnits.residual_units.3.bn_relu_conv1.bn1.beta	(64,)	True
2023-10-12 16:52:09,426 - INFO - network.p_way.ResUnits.residual_units.3.bn_relu_conv1.conv1.weight	(64, 64, 3, 3)	True
2023-10-12 16:52:09,426 - INFO - network.p_way.ResUnits.residual_units.3.bn_relu_conv1.conv1.bias	(64,)	True
2023-10-12 16:52:09,427 - INFO - network.p_way.ResUnits.residual_units.3.bn_relu_conv2.bn1.gamma	(64,)	True
2023-10-12 16:52:09,427 - INFO - network.p_way.ResUnits.residual_units.3.bn_relu_conv2.bn1.beta	(64,)	True
2023-10-12 16:52:09,427 - INFO - network.p_way.ResUnits.residual_units.3.bn_relu_conv2.conv1.weight	(64, 64, 3, 3)	True
2023-10-12 16:52:09,427 - INFO - network.p_way.ResUnits.residual_units.3.bn_relu_conv2.conv1.bias	(64,)	True
2023-10-12 16:52:09,427 - INFO - network.p_way.ResUnits.residual_units.4.bn_relu_conv1.bn1.gamma	(64,)	True
2023-10-12 16:52:09,427 - INFO - network.p_way.ResUnits.residual_units.4.bn_relu_conv1.bn1.beta	(64,)	True
2023-10-12 16:52:09,427 - INFO - network.p_way.ResUnits.residual_units.4.bn_relu_conv1.conv1.weight	(64, 64, 3, 3)	True
2023-10-12 16:52:09,427 - INFO - network.p_way.ResUnits.residual_units.4.bn_relu_conv1.conv1.bias	(64,)	True
2023-10-12 16:52:09,427 - INFO - network.p_way.ResUnits.residual_units.4.bn_relu_conv2.bn1.gamma	(64,)	True
2023-10-12 16:52:09,428 - INFO - network.p_way.ResUnits.residual_units.4.bn_relu_conv2.bn1.beta	(64,)	True
2023-10-12 16:52:09,428 - INFO - network.p_way.ResUnits.residual_units.4.bn_relu_conv2.conv1.weight	(64, 64, 3, 3)	True
2023-10-12 16:52:09,428 - INFO - network.p_way.ResUnits.residual_units.4.bn_relu_conv2.conv1.bias	(64,)	True
2023-10-12 16:52:09,428 - INFO - network.p_way.ResUnits.residual_units.5.bn_relu_conv1.bn1.gamma	(64,)	True
2023-10-12 16:52:09,428 - INFO - network.p_way.ResUnits.residual_units.5.bn_relu_conv1.bn1.beta	(64,)	True
2023-10-12 16:52:09,428 - INFO - network.p_way.ResUnits.residual_units.5.bn_relu_conv1.conv1.weight	(64, 64, 3, 3)	True
2023-10-12 16:52:09,428 - INFO - network.p_way.ResUnits.residual_units.5.bn_relu_conv1.conv1.bias	(64,)	True
2023-10-12 16:52:09,428 - INFO - network.p_way.ResUnits.residual_units.5.bn_relu_conv2.bn1.gamma	(64,)	True
2023-10-12 16:52:09,428 - INFO - network.p_way.ResUnits.residual_units.5.bn_relu_conv2.bn1.beta	(64,)	True
2023-10-12 16:52:09,429 - INFO - network.p_way.ResUnits.residual_units.5.bn_relu_conv2.conv1.weight	(64, 64, 3, 3)	True
2023-10-12 16:52:09,429 - INFO - network.p_way.ResUnits.residual_units.5.bn_relu_conv2.conv1.bias	(64,)	True
2023-10-12 16:52:09,429 - INFO - network.p_way.ResUnits.residual_units.6.bn_relu_conv1.bn1.gamma	(64,)	True
2023-10-12 16:52:09,429 - INFO - network.p_way.ResUnits.residual_units.6.bn_relu_conv1.bn1.beta	(64,)	True
2023-10-12 16:52:09,429 - INFO - network.p_way.ResUnits.residual_units.6.bn_relu_conv1.conv1.weight	(64, 64, 3, 3)	True
2023-10-12 16:52:09,429 - INFO - network.p_way.ResUnits.residual_units.6.bn_relu_conv1.conv1.bias	(64,)	True
2023-10-12 16:52:09,429 - INFO - network.p_way.ResUnits.residual_units.6.bn_relu_conv2.bn1.gamma	(64,)	True
2023-10-12 16:52:09,429 - INFO - network.p_way.ResUnits.residual_units.6.bn_relu_conv2.bn1.beta	(64,)	True
2023-10-12 16:52:09,429 - INFO - network.p_way.ResUnits.residual_units.6.bn_relu_conv2.conv1.weight	(64, 64, 3, 3)	True
2023-10-12 16:52:09,430 - INFO - network.p_way.ResUnits.residual_units.6.bn_relu_conv2.conv1.bias	(64,)	True
2023-10-12 16:52:09,430 - INFO - network.p_way.ResUnits.residual_units.7.bn_relu_conv1.bn1.gamma	(64,)	True
2023-10-12 16:52:09,430 - INFO - network.p_way.ResUnits.residual_units.7.bn_relu_conv1.bn1.beta	(64,)	True
2023-10-12 16:52:09,430 - INFO - network.p_way.ResUnits.residual_units.7.bn_relu_conv1.conv1.weight	(64, 64, 3, 3)	True
2023-10-12 16:52:09,430 - INFO - network.p_way.ResUnits.residual_units.7.bn_relu_conv1.conv1.bias	(64,)	True
2023-10-12 16:52:09,430 - INFO - network.p_way.ResUnits.residual_units.7.bn_relu_conv2.bn1.gamma	(64,)	True
2023-10-12 16:52:09,430 - INFO - network.p_way.ResUnits.residual_units.7.bn_relu_conv2.bn1.beta	(64,)	True
2023-10-12 16:52:09,430 - INFO - network.p_way.ResUnits.residual_units.7.bn_relu_conv2.conv1.weight	(64, 64, 3, 3)	True
2023-10-12 16:52:09,431 - INFO - network.p_way.ResUnits.residual_units.7.bn_relu_conv2.conv1.bias	(64,)	True
2023-10-12 16:52:09,431 - INFO - network.p_way.ResUnits.residual_units.8.bn_relu_conv1.bn1.gamma	(64,)	True
2023-10-12 16:52:09,431 - INFO - network.p_way.ResUnits.residual_units.8.bn_relu_conv1.bn1.beta	(64,)	True
2023-10-12 16:52:09,431 - INFO - network.p_way.ResUnits.residual_units.8.bn_relu_conv1.conv1.weight	(64, 64, 3, 3)	True
2023-10-12 16:52:09,431 - INFO - network.p_way.ResUnits.residual_units.8.bn_relu_conv1.conv1.bias	(64,)	True
2023-10-12 16:52:09,431 - INFO - network.p_way.ResUnits.residual_units.8.bn_relu_conv2.bn1.gamma	(64,)	True
2023-10-12 16:52:09,431 - INFO - network.p_way.ResUnits.residual_units.8.bn_relu_conv2.bn1.beta	(64,)	True
2023-10-12 16:52:09,431 - INFO - network.p_way.ResUnits.residual_units.8.bn_relu_conv2.conv1.weight	(64, 64, 3, 3)	True
2023-10-12 16:52:09,431 - INFO - network.p_way.ResUnits.residual_units.8.bn_relu_conv2.conv1.bias	(64,)	True
2023-10-12 16:52:09,432 - INFO - network.p_way.ResUnits.residual_units.9.bn_relu_conv1.bn1.gamma	(64,)	True
2023-10-12 16:52:09,432 - INFO - network.p_way.ResUnits.residual_units.9.bn_relu_conv1.bn1.beta	(64,)	True
2023-10-12 16:52:09,432 - INFO - network.p_way.ResUnits.residual_units.9.bn_relu_conv1.conv1.weight	(64, 64, 3, 3)	True
2023-10-12 16:52:09,432 - INFO - network.p_way.ResUnits.residual_units.9.bn_relu_conv1.conv1.bias	(64,)	True
2023-10-12 16:52:09,432 - INFO - network.p_way.ResUnits.residual_units.9.bn_relu_conv2.bn1.gamma	(64,)	True
2023-10-12 16:52:09,432 - INFO - network.p_way.ResUnits.residual_units.9.bn_relu_conv2.bn1.beta	(64,)	True
2023-10-12 16:52:09,432 - INFO - network.p_way.ResUnits.residual_units.9.bn_relu_conv2.conv1.weight	(64, 64, 3, 3)	True
2023-10-12 16:52:09,432 - INFO - network.p_way.ResUnits.residual_units.9.bn_relu_conv2.conv1.bias	(64,)	True
2023-10-12 16:52:09,432 - INFO - network.p_way.ResUnits.residual_units.10.bn_relu_conv1.bn1.gamma	(64,)	True
2023-10-12 16:52:09,433 - INFO - network.p_way.ResUnits.residual_units.10.bn_relu_conv1.bn1.beta	(64,)	True
2023-10-12 16:52:09,433 - INFO - network.p_way.ResUnits.residual_units.10.bn_relu_conv1.conv1.weight	(64, 64, 3, 3)	True
2023-10-12 16:52:09,433 - INFO - network.p_way.ResUnits.residual_units.10.bn_relu_conv1.conv1.bias	(64,)	True
2023-10-12 16:52:09,433 - INFO - network.p_way.ResUnits.residual_units.10.bn_relu_conv2.bn1.gamma	(64,)	True
2023-10-12 16:52:09,433 - INFO - network.p_way.ResUnits.residual_units.10.bn_relu_conv2.bn1.beta	(64,)	True
2023-10-12 16:52:09,433 - INFO - network.p_way.ResUnits.residual_units.10.bn_relu_conv2.conv1.weight	(64, 64, 3, 3)	True
2023-10-12 16:52:09,433 - INFO - network.p_way.ResUnits.residual_units.10.bn_relu_conv2.conv1.bias	(64,)	True
2023-10-12 16:52:09,433 - INFO - network.p_way.ResUnits.residual_units.11.bn_relu_conv1.bn1.gamma	(64,)	True
2023-10-12 16:52:09,433 - INFO - network.p_way.ResUnits.residual_units.11.bn_relu_conv1.bn1.beta	(64,)	True
2023-10-12 16:52:09,434 - INFO - network.p_way.ResUnits.residual_units.11.bn_relu_conv1.conv1.weight	(64, 64, 3, 3)	True
2023-10-12 16:52:09,434 - INFO - network.p_way.ResUnits.residual_units.11.bn_relu_conv1.conv1.bias	(64,)	True
2023-10-12 16:52:09,434 - INFO - network.p_way.ResUnits.residual_units.11.bn_relu_conv2.bn1.gamma	(64,)	True
2023-10-12 16:52:09,434 - INFO - network.p_way.ResUnits.residual_units.11.bn_relu_conv2.bn1.beta	(64,)	True
2023-10-12 16:52:09,434 - INFO - network.p_way.ResUnits.residual_units.11.bn_relu_conv2.conv1.weight	(64, 64, 3, 3)	True
2023-10-12 16:52:09,434 - INFO - network.p_way.ResUnits.residual_units.11.bn_relu_conv2.conv1.bias	(64,)	True
2023-10-12 16:52:09,434 - INFO - network.p_way.conv2.weight	(2, 64, 3, 3)	True
2023-10-12 16:52:09,434 - INFO - network.p_way.conv2.bias	(2,)	True
2023-10-12 16:52:09,435 - INFO - network.p_way.FusionLayer.weights	(1, 2, 16, 8)	True
2023-10-12 16:52:09,435 - INFO - network.external_ops.embd.weight	(10, 33)	True
2023-10-12 16:52:09,435 - INFO - network.external_ops.embd.bias	(10,)	True
2023-10-12 16:52:09,435 - INFO - network.external_ops.fc.weight	(256, 10)	True
2023-10-12 16:52:09,435 - INFO - network.external_ops.fc.bias	(256,)	True
2023-10-12 16:52:09,442 - INFO - Total parameter numbers: 1791704
2023-10-12 16:52:09,442 - INFO - You select `adam` optimizer.
2023-10-12 16:52:10,238 - WARNING - Received none train loss func and will use the loss func defined in the model.
2023-10-12 16:52:10,239 - INFO - Loaded model at /home/ma-user/work/M-Libcity/M_libcity/cache/3333/model_cache/STResNet_NYCBike20140409.ckpt
2023-10-12 16:52:11,062 - INFO - Start evaluating ...
2023-10-12 16:53:11,267 - INFO - Note that you select the single mode to evaluate!
2023-10-12 16:53:11,321 - INFO - Evaluate result is saved at /home/ma-user/work/M-Libcity/M_libcity/cache/3333/evaluate_cache/2023_10_12_16_53_11_STResNet_NYCBike20140409.csv
2023-10-12 16:53:11,338 - INFO - 
         MAE        MAPE        MSE      RMSE
1  3.0069416  0.34746245  40.451958  6.360185
