[WARNING] ME(1992137:281473727541264,_GeneratorWorkerMp-10):2024-10-15-14:59:46.987.419 [mindspore/dataset/engine/queue.py:125] Using shared memory queue, but rowsize is larger than allocated memory max_rowsize 6291456 current rowsize 120519680
[WARNING] ME(1992140:281473727541264,_GeneratorWorkerMp-11):2024-10-15-14:59:46.987.993 [mindspore/dataset/engine/queue.py:125] Using shared memory queue, but rowsize is larger than allocated memory max_rowsize 6291456 current rowsize 120519680
[WARNING] ME(1995091:281473727541264,_GeneratorWorkerMp-19):2024-10-15-14:59:50.815.94 [mindspore/dataset/engine/queue.py:125] Using shared memory queue, but rowsize is larger than allocated memory max_rowsize 6291456 current rowsize 120519680
[WARNING] ME(2007488:281473727541264,_GeneratorWorkerMp-53):2024-10-15-15:00:02.530.970 [mindspore/dataset/engine/queue.py:125] Using shared memory queue, but rowsize is larger than allocated memory max_rowsize 6291456 current rowsize 120519680
[WARNING] DEVICE(1983854,ffffb58b3010,python):2024-10-15-15:00:39.972.860 [mindspore/ccsrc/plugin/device/ascend/hal/device/kernel_select_ascend.cc:330] FilterRaisedOrReducePrecisionMatchedKernelInfo] Operator:[Gradients/Default/network-MyTrainStep/network-WithLossLPCNet/backbone-LPCNet/decoder-Decoder/gradStridedSlice/StridedSliceGrad-op940] don't support int64, reduce precision from int64 to int32.
[WARNING] DEVICE(1983854,ffffb58b3010,python):2024-10-15-15:00:39.995.855 [mindspore/ccsrc/plugin/device/ascend/hal/device/kernel_select_ascend.cc:330] FilterRaisedOrReducePrecisionMatchedKernelInfo] Operator:[Gradients/Default/network-MyTrainStep/network-WithLossLPCNet/backbone-LPCNet/decoder-Decoder/gradStridedSlice/StridedSliceGrad-op946] don't support int64, reduce precision from int64 to int32.
[WARNING] DEVICE(1983854,ffffb58b3010,python):2024-10-15-15:00:40.006.829 [mindspore/ccsrc/plugin/device/ascend/hal/device/kernel_select_ascend.cc:330] FilterRaisedOrReducePrecisionMatchedKernelInfo] Operator:[Gradients/Default/network-MyTrainStep/network-WithLossLPCNet/backbone-LPCNet/decoder-Decoder/gradStridedSlice/StridedSliceGrad-op948] don't support int64, reduce precision from int64 to int32.
[WARNING] DEVICE(1983854,ffffb58b3010,python):2024-10-15-15:00:40.012.105 [mindspore/ccsrc/plugin/device/ascend/hal/device/kernel_select_ascend.cc:330] FilterRaisedOrReducePrecisionMatchedKernelInfo] Operator:[Gradients/Default/network-MyTrainStep/network-WithLossLPCNet/backbone-LPCNet/decoder-Decoder/gradStridedSlice/StridedSliceGrad-op950] don't support int64, reduce precision from int64 to int32.
[WARNING] DEVICE(1983854,ffffb58b3010,python):2024-10-15-15:00:40.018.248 [mindspore/ccsrc/plugin/device/ascend/hal/device/kernel_select_ascend.cc:330] FilterRaisedOrReducePrecisionMatchedKernelInfo] Operator:[Gradients/Default/network-MyTrainStep/network-WithLossLPCNet/backbone-LPCNet/decoder-Decoder/gradStridedSlice/StridedSliceGrad-op952] don't support int64, reduce precision from int64 to int32.
[WARNING] DEVICE(1983854,ffffb58b3010,python):2024-10-15-15:00:40.024.771 [mindspore/ccsrc/plugin/device/ascend/hal/device/kernel_select_ascend.cc:330] FilterRaisedOrReducePrecisionMatchedKernelInfo] Operator:[Gradients/Default/network-MyTrainStep/network-WithLossLPCNet/backbone-LPCNet/decoder-Decoder/gradStridedSlice/StridedSliceGrad-op955] don't support int64, reduce precision from int64 to int32.
[WARNING] DEVICE(1983854,ffffb58b3010,python):2024-10-15-15:00:40.027.337 [mindspore/ccsrc/plugin/device/ascend/hal/device/kernel_select_ascend.cc:330] FilterRaisedOrReducePrecisionMatchedKernelInfo] Operator:[Gradients/Default/network-MyTrainStep/network-WithLossLPCNet/backbone-LPCNet/decoder-Decoder/gradStridedSlice/StridedSliceGrad-op956] don't support int64, reduce precision from int64 to int32.
[WARNING] DEVICE(1983854,ffffb58b3010,python):2024-10-15-15:00:40.029.148 [mindspore/ccsrc/plugin/device/ascend/hal/device/kernel_select_ascend.cc:330] FilterRaisedOrReducePrecisionMatchedKernelInfo] Operator:[Gradients/Default/network-MyTrainStep/network-WithLossLPCNet/backbone-LPCNet/decoder-Decoder/gradStridedSlice/StridedSliceGrad-op957] don't support int64, reduce precision from int64 to int32.
[WARNING] DEVICE(1983854,ffffb58b3010,python):2024-10-15-15:08:00.006.968 [mindspore/ccsrc/plugin/device/ascend/hal/device/ascend_stream_assign.cc:1942] InsertEventForCallCommSubGraph] Cannot find comm group for sub comm graph label id 2
[WARNING] DEVICE(1983854,ffffb58b3010,python):2024-10-15-15:08:00.007.125 [mindspore/ccsrc/plugin/device/ascend/hal/device/ascend_stream_assign.cc:1942] InsertEventForCallCommSubGraph] Cannot find comm group for sub comm graph label id 5
[WARNING] DEVICE(1983854,ffffb58b3010,python):2024-10-15-15:08:00.007.194 [mindspore/ccsrc/plugin/device/ascend/hal/device/ascend_stream_assign.cc:1942] InsertEventForCallCommSubGraph] Cannot find comm group for sub comm graph label id 11
[WARNING] DEVICE(1983854,ffffb58b3010,python):2024-10-15-15:08:00.007.254 [mindspore/ccsrc/plugin/device/ascend/hal/device/ascend_stream_assign.cc:1942] InsertEventForCallCommSubGraph] Cannot find comm group for sub comm graph label id 14
[WARNING] DEVICE(1983854,ffffb58b3010,python):2024-10-15-15:08:00.007.312 [mindspore/ccsrc/plugin/device/ascend/hal/device/ascend_stream_assign.cc:1942] InsertEventForCallCommSubGraph] Cannot find comm group for sub comm graph label id 17
[WARNING] DEVICE(1983854,ffffb58b3010,python):2024-10-15-15:08:00.007.474 [mindspore/ccsrc/plugin/device/ascend/hal/device/ascend_stream_assign.cc:1942] InsertEventForCallCommSubGraph] Cannot find comm group for sub comm graph label id 8
[WARNING] MD(1983854,fffce2ff5160,python):2024-10-15-15:08:14.953.939 [mindspore/ccsrc/minddata/dataset/engine/datasetops/source/generator_op.cc:193] operator()] Bad performance attention, it takes more than 25 seconds to generator.__next__ new row, which might cause `GetNext` timeout problem when sink_mode=True. You can increase the parameter num_parallel_workers in GeneratorDataset / optimize the efficiency of obtaining samples in the user-defined generator function.
[WARNING] MD(1983854,fffce27f4160,python):2024-10-15-15:08:14.954.223 [mindspore/ccsrc/minddata/dataset/engine/datasetops/device_queue_op.cc:750] DetectPerBatchTime] Bad performance attention, it takes more than 25 seconds to fetch a batch of data from dataset pipeline, which might result `GetNext` timeout problem. You may test dataset processing performance(with creating dataset iterator) and optimize it.
epoch: 1 step: 8970, loss is 3.0607857704162598
Train epoch time: 4140182.615 ms, per step time: 461.559 ms
epoch: 2 step: 8970, loss is 3.028125286102295
Train epoch time: 3694012.120 ms, per step time: 411.819 ms
epoch: 3 step: 8970, loss is 3.1481614112854004
Train epoch time: 3684425.231 ms, per step time: 410.750 ms
epoch: 4 step: 8970, loss is 3.0997872352600098
Train epoch time: 3511839.731 ms, per step time: 391.509 ms

