[WARNING] ME(812848:281473777344544,_GeneratorWorkerMp-15):2024-11-12-03:48:54.842.555 [mindspore/dataset/engine/queue.py:125] Using shared memory queue, but rowsize is larger than allocated memory max_rowsize 6291456 current rowsize 120519680
[WARNING] ME(812891:281473777344544,_GeneratorWorkerMp-26):2024-11-12-03:48:58.551.706 [mindspore/dataset/engine/queue.py:125] Using shared memory queue, but rowsize is larger than allocated memory max_rowsize 6291456 current rowsize 120519680
[WARNING] ME(813169:281473777344544,_GeneratorWorkerMp-51):2024-11-12-03:49:13.143.025 [mindspore/dataset/engine/queue.py:125] Using shared memory queue, but rowsize is larger than allocated memory max_rowsize 6291456 current rowsize 120519680
[WARNING] DEVICE(812637,ffffb8832020,python):2024-11-12-03:49:47.015.596 [mindspore/ccsrc/plugin/device/ascend/hal/device/kernel_select_ascend.cc:330] FilterRaisedOrReducePrecisionMatchedKernelInfo] Operator:[Gradients/Default/network-MyTrainStep/network-WithLossLPCNet/backbone-LPCNet/decoder-Decoder/gradStridedSlice/StridedSliceGrad-op940] don't support int64, reduce precision from int64 to int32.
[WARNING] DEVICE(812637,ffffb8832020,python):2024-11-12-03:49:47.035.822 [mindspore/ccsrc/plugin/device/ascend/hal/device/kernel_select_ascend.cc:330] FilterRaisedOrReducePrecisionMatchedKernelInfo] Operator:[Gradients/Default/network-MyTrainStep/network-WithLossLPCNet/backbone-LPCNet/decoder-Decoder/gradStridedSlice/StridedSliceGrad-op946] don't support int64, reduce precision from int64 to int32.
[WARNING] DEVICE(812637,ffffb8832020,python):2024-11-12-03:49:47.045.843 [mindspore/ccsrc/plugin/device/ascend/hal/device/kernel_select_ascend.cc:330] FilterRaisedOrReducePrecisionMatchedKernelInfo] Operator:[Gradients/Default/network-MyTrainStep/network-WithLossLPCNet/backbone-LPCNet/decoder-Decoder/gradStridedSlice/StridedSliceGrad-op948] don't support int64, reduce precision from int64 to int32.
[WARNING] DEVICE(812637,ffffb8832020,python):2024-11-12-03:49:47.050.586 [mindspore/ccsrc/plugin/device/ascend/hal/device/kernel_select_ascend.cc:330] FilterRaisedOrReducePrecisionMatchedKernelInfo] Operator:[Gradients/Default/network-MyTrainStep/network-WithLossLPCNet/backbone-LPCNet/decoder-Decoder/gradStridedSlice/StridedSliceGrad-op950] don't support int64, reduce precision from int64 to int32.
[WARNING] DEVICE(812637,ffffb8832020,python):2024-11-12-03:49:47.056.079 [mindspore/ccsrc/plugin/device/ascend/hal/device/kernel_select_ascend.cc:330] FilterRaisedOrReducePrecisionMatchedKernelInfo] Operator:[Gradients/Default/network-MyTrainStep/network-WithLossLPCNet/backbone-LPCNet/decoder-Decoder/gradStridedSlice/StridedSliceGrad-op952] don't support int64, reduce precision from int64 to int32.
[WARNING] DEVICE(812637,ffffb8832020,python):2024-11-12-03:49:47.061.938 [mindspore/ccsrc/plugin/device/ascend/hal/device/kernel_select_ascend.cc:330] FilterRaisedOrReducePrecisionMatchedKernelInfo] Operator:[Gradients/Default/network-MyTrainStep/network-WithLossLPCNet/backbone-LPCNet/decoder-Decoder/gradStridedSlice/StridedSliceGrad-op955] don't support int64, reduce precision from int64 to int32.
[WARNING] DEVICE(812637,ffffb8832020,python):2024-11-12-03:49:47.064.171 [mindspore/ccsrc/plugin/device/ascend/hal/device/kernel_select_ascend.cc:330] FilterRaisedOrReducePrecisionMatchedKernelInfo] Operator:[Gradients/Default/network-MyTrainStep/network-WithLossLPCNet/backbone-LPCNet/decoder-Decoder/gradStridedSlice/StridedSliceGrad-op956] don't support int64, reduce precision from int64 to int32.
[WARNING] DEVICE(812637,ffffb8832020,python):2024-11-12-03:49:47.065.795 [mindspore/ccsrc/plugin/device/ascend/hal/device/kernel_select_ascend.cc:330] FilterRaisedOrReducePrecisionMatchedKernelInfo] Operator:[Gradients/Default/network-MyTrainStep/network-WithLossLPCNet/backbone-LPCNet/decoder-Decoder/gradStridedSlice/StridedSliceGrad-op957] don't support int64, reduce precision from int64 to int32.
[WARNING] DEVICE(812637,ffffb8832020,python):2024-11-12-03:56:53.688.860 [mindspore/ccsrc/plugin/device/ascend/hal/device/ascend_stream_assign.cc:1944] InsertEventForCallCommSubGraph] Cannot find comm group for sub comm graph label id 2
[WARNING] DEVICE(812637,ffffb8832020,python):2024-11-12-03:56:53.689.066 [mindspore/ccsrc/plugin/device/ascend/hal/device/ascend_stream_assign.cc:1944] InsertEventForCallCommSubGraph] Cannot find comm group for sub comm graph label id 5
[WARNING] DEVICE(812637,ffffb8832020,python):2024-11-12-03:56:53.689.126 [mindspore/ccsrc/plugin/device/ascend/hal/device/ascend_stream_assign.cc:1944] InsertEventForCallCommSubGraph] Cannot find comm group for sub comm graph label id 11
[WARNING] DEVICE(812637,ffffb8832020,python):2024-11-12-03:56:53.689.174 [mindspore/ccsrc/plugin/device/ascend/hal/device/ascend_stream_assign.cc:1944] InsertEventForCallCommSubGraph] Cannot find comm group for sub comm graph label id 14
[WARNING] DEVICE(812637,ffffb8832020,python):2024-11-12-03:56:53.689.218 [mindspore/ccsrc/plugin/device/ascend/hal/device/ascend_stream_assign.cc:1944] InsertEventForCallCommSubGraph] Cannot find comm group for sub comm graph label id 17
[WARNING] DEVICE(812637,ffffb8832020,python):2024-11-12-03:56:53.689.359 [mindspore/ccsrc/plugin/device/ascend/hal/device/ascend_stream_assign.cc:1944] InsertEventForCallCommSubGraph] Cannot find comm group for sub comm graph label id 8
[WARNING] MD(812637,fffbbbfff080,python):2024-11-12-03:57:07.746.989 [mindspore/ccsrc/minddata/dataset/engine/datasetops/source/generator_op.cc:195] operator()] Bad performance attention, it takes more than 25 seconds to generator.__next__ new row, which might cause `GetNext` timeout problem when sink_mode=True. You can increase the parameter num_parallel_workers in GeneratorDataset / optimize the efficiency of obtaining samples in the user-defined generator function.
[WARNING] MD(812637,fffbbb7ef080,python):2024-11-12-03:57:07.747.241 [mindspore/ccsrc/minddata/dataset/engine/datasetops/device_queue_op.cc:752] DetectPerBatchTime] Bad performance attention, it takes more than 25 seconds to fetch a batch of data from dataset pipeline, which might result `GetNext` timeout problem. You may test dataset processing performance(with creating dataset iterator) and optimize it.
epoch: 1 step: 10901, loss is 2.9034290313720703
Train epoch time: 5185396.029 ms, per step time: 475.681 ms
epoch: 2 step: 10901, loss is 2.7109827995300293
Train epoch time: 4699704.074 ms, per step time: 431.126 ms
epoch: 3 step: 10901, loss is 2.455190658569336
Train epoch time: 4694561.220 ms, per step time: 430.654 ms
epoch: 4 step: 10901, loss is 2.155243396759033
Train epoch time: 4841079.048 ms, per step time: 444.095 ms

